<?xml version="1.0" encoding="UTF-8"?>
<testsuites name="GenericSTI_DifferentCardType" time="17.026" tests="1" failures="0" errors="1">
   <testsuite name="GenericSTI_DifferentCardType" tests="1" failures="0" errors="1" time="17.026" timestamp="2020-01-30 15:29:40" hostname="admin - SYS8" id="Test Suites/Certpay_TestSuite/GenericSTI_DifferentCardType">
      <properties>
         <property name="deviceName" value=""/>
         <property name="devicePlatform" value=""/>
         <property name="logFolder" value="D:\\CertpayGeneric\\Reports\\20200130_152936\\Certpay_TestSuite\\GenericSTI_DifferentCardType\\20200130_152936"/>
         <property name="logFiles" value="D:\\CertpayGeneric\\Reports\\20200130_152936\\Certpay_TestSuite\\GenericSTI_DifferentCardType\\20200130_152936\\execution0.log"/>
         <property name="attachments" value=""/>
         <property name="hostName" value="admin - SYS8"/>
         <property name="os" value="Windows 10 32bit"/>
         <property name="katalonVersion" value="7.1.2.1"/>
         <property name="browser" value="Chrome 79.0.3945.130"/>
         <property name="hostAddress" value="172.31.252.142"/>
         <property name="sessionId" value="23e682faa4bde193f3cff44f269f0f22"/>
         <property name="seleniumVersion" value="3.141.59"/>
         <property name="proxyInformation" value="ProxyInformation{proxyOption=NO_PROXY, proxyServerType=HTTP, password=, proxyServerAddress=, proxyServerPort=0, executionList=}"/>
         <property name="platform" value="Windows 10"/>
      </properties>
      <testcase name="Test Cases/Certpay_GenericSTI/CardTypes_SingleLinePayment/TC_001_SingleLinePayment_VISA" time="15.852" classname="Test Cases/Certpay_GenericSTI/CardTypes_SingleLinePayment/TC_001_SingleLinePayment_VISA" status="ERROR">
         <error type="ERROR" message="Test Cases/Certpay_GenericSTI/CardTypes_SingleLinePayment/TC_001_SingleLinePayment_VISA FAILED.
Reason:
org.codehaus.groovy.runtime.InvokerInvocationException: org.xml.sax.SAXParseException; systemId: file://D/CertpayGeneric/GenericSTI.xml; lineNumber: 1; columnNumber: 2; Reference is not allowed in prolog.
	at utilities.SafeActions.invokeMethod(SafeActions.groovy)
	at com.kms.katalon.core.main.CustomKeywordDelegatingMetaClass.invokeStaticMethod(CustomKeywordDelegatingMetaClass.java:50)
	at TC_001_SingleLinePayment_VISA.run(TC_001_SingleLinePayment_VISA:43)
	at com.kms.katalon.core.main.ScriptEngine.run(ScriptEngine.java:194)
	at com.kms.katalon.core.main.ScriptEngine.runScriptAsRawText(ScriptEngine.java:119)
	at com.kms.katalon.core.main.TestCaseExecutor.runScript(TestCaseExecutor.java:337)
	at com.kms.katalon.core.main.TestCaseExecutor.doExecute(TestCaseExecutor.java:328)
	at com.kms.katalon.core.main.TestCaseExecutor.processExecutionPhase(TestCaseExecutor.java:307)
	at com.kms.katalon.core.main.TestCaseExecutor.accessMainPhase(TestCaseExecutor.java:299)
	at com.kms.katalon.core.main.TestCaseExecutor.execute(TestCaseExecutor.java:233)
	at com.kms.katalon.core.main.TestSuiteExecutor.accessTestCaseMainPhase(TestSuiteExecutor.java:169)
	at com.kms.katalon.core.main.TestSuiteExecutor.accessTestSuiteMainPhase(TestSuiteExecutor.java:142)
	at com.kms.katalon.core.main.TestSuiteExecutor.execute(TestSuiteExecutor.java:91)
	at com.kms.katalon.core.main.TestCaseMain.startTestSuite(TestCaseMain.java:157)
	at com.kms.katalon.core.main.TestCaseMain$startTestSuite$0.call(Unknown Source)
	at TempTestSuite1580378376956.run(TempTestSuite1580378376956.groovy:36)
Caused by: org.xml.sax.SAXParseException; systemId: file://D/CertpayGeneric/GenericSTI.xml; lineNumber: 1; columnNumber: 2; Reference is not allowed in prolog.
	at org.apache.xerces.parsers.AbstractSAXParser.parse(Unknown Source)
	at org.apache.xerces.jaxp.SAXParserImpl$JAXPSAXParser.parse(Unknown Source)
	at utilities.SafeActions.ReadXML(SafeActions.groovy:308)
	... 16 more
"/>
         <system-out><![CDATA[2020-01-30 15:29:40 - [TEST_CASE][ERROR] - Test Cases/Certpay_GenericSTI/CardTypes_SingleLinePayment/TC_001_SingleLinePayment_VISA: Test Cases/Certpay_GenericSTI/CardTypes_SingleLinePayment/TC_001_SingleLinePayment_VISA FAILED.
Reason:
org.codehaus.groovy.runtime.InvokerInvocationException: org.xml.sax.SAXParseException; systemId: file://D/CertpayGeneric/GenericSTI.xml; lineNumber: 1; columnNumber: 2; Reference is not allowed in prolog.
	at utilities.SafeActions.invokeMethod(SafeActions.groovy)
	at com.kms.katalon.core.main.CustomKeywordDelegatingMetaClass.invokeStaticMethod(CustomKeywordDelegatingMetaClass.java:50)
	at TC_001_SingleLinePayment_VISA.run(TC_001_SingleLinePayment_VISA:43)
	at com.kms.katalon.core.main.ScriptEngine.run(ScriptEngine.java:194)
	at com.kms.katalon.core.main.ScriptEngine.runScriptAsRawText(ScriptEngine.java:119)
	at com.kms.katalon.core.main.TestCaseExecutor.runScript(TestCaseExecutor.java:337)
	at com.kms.katalon.core.main.TestCaseExecutor.doExecute(TestCaseExecutor.java:328)
	at com.kms.katalon.core.main.TestCaseExecutor.processExecutionPhase(TestCaseExecutor.java:307)
	at com.kms.katalon.core.main.TestCaseExecutor.accessMainPhase(TestCaseExecutor.java:299)
	at com.kms.katalon.core.main.TestCaseExecutor.execute(TestCaseExecutor.java:233)
	at com.kms.katalon.core.main.TestSuiteExecutor.accessTestCaseMainPhase(TestSuiteExecutor.java:169)
	at com.kms.katalon.core.main.TestSuiteExecutor.accessTestSuiteMainPhase(TestSuiteExecutor.java:142)
	at com.kms.katalon.core.main.TestSuiteExecutor.execute(TestSuiteExecutor.java:91)
	at com.kms.katalon.core.main.TestCaseMain.startTestSuite(TestCaseMain.java:157)
	at com.kms.katalon.core.main.TestCaseMain$startTestSuite$0.call(Unknown Source)
	at TempTestSuite1580378376956.run(TempTestSuite1580378376956.groovy:36)
Caused by: org.xml.sax.SAXParseException; systemId: file://D/CertpayGeneric/GenericSTI.xml; lineNumber: 1; columnNumber: 2; Reference is not allowed in prolog.
	at org.apache.xerces.parsers.AbstractSAXParser.parse(Unknown Source)
	at org.apache.xerces.jaxp.SAXParserImpl$JAXPSAXParser.parse(Unknown Source)
	at utilities.SafeActions.ReadXML(SafeActions.groovy:308)
	... 16 more


2020-01-30 15:29:41 - [TEST_STEP][PASSED] - data = findTestData("Certpay/SingleBureau_SingleLine_VISA"): null

2020-01-30 15:29:42 - [TEST_STEP][ERROR] - for (def index : (1..data.getRowNumbers())): org.xml.sax.SAXParseException; systemId: file://D/CertpayGeneric/GenericSTI.xml; lineNumber: 1; columnNumber: 2; Reference is not allowed in prolog.

2020-01-30 15:29:42 - [TEST_STEP][PASSED] - cardNum = data.getValue("CardNumber", index): null

2020-01-30 15:29:42 - [TEST_STEP][PASSED] - expMonth = data.getValue("ExpMonth", index): null

2020-01-30 15:29:42 - [TEST_STEP][PASSED] - expYear = data.getValue("ExpYear", index): null

2020-01-30 15:29:42 - [TEST_STEP][PASSED] - securityCode = data.getValue("SecurityCode", index): null

2020-01-30 15:29:42 - [TEST_STEP][PASSED] - cardType = data.getValue("CardType", index): null

2020-01-30 15:29:42 - [TEST_STEP][PASSED] - Comments = data.getValue("Comments", index): null

2020-01-30 15:29:42 - [TEST_STEP][PASSED] - utilities.SafeActions.openBrowser(Genericsti_url, [pageLoadTime]): Browser launched successfully

2020-01-30 15:29:42 - [MESSAGE][INFO] - Opening Browser

2020-01-30 15:29:43 - [MESSAGE][INFO] - Starting 'Chrome' driver

2020-01-30 15:29:43 - [MESSAGE][INFO] - Action delay is set to 0 seconds

2020-01-30 15:29:51 - [MESSAGE][PASSED] - Browser is opened with url: 'https://qa-certpaygenericsti.faps.net/genericsti/demo/'

2020-01-30 15:29:53 - [MESSAGE][PASSED] - Current window maximized

2020-01-30 15:29:53 - [MESSAGE][PASSED] - Browser launched successfully

2020-01-30 15:29:53 - [TEST_STEP][PASSED] - utilities.SafeActions.safeClick(findTestObject("CERTPAY_GENERICSTI/Demo_Pages/BEGIN_PAYMENT"), "Begin Payment", [pageLoadTime]): GenericSTI_DifferentCardType.ts:Clicked on the Begin Payment

2020-01-30 15:29:53 - [MESSAGE][INFO] - safeClicking

2020-01-30 15:29:53 - [MESSAGE][PASSED] - Object 'Object Repository/CERTPAY_GENERICSTI/Demo_Pages/BEGIN_PAYMENT' is present

2020-01-30 15:29:54 - [MESSAGE][PASSED] - Object 'Object Repository/CERTPAY_GENERICSTI/Demo_Pages/BEGIN_PAYMENT' is clickable

2020-01-30 15:29:56 - [MESSAGE][PASSED] - Object: 'Object Repository/CERTPAY_GENERICSTI/Demo_Pages/BEGIN_PAYMENT' is clicked on

2020-01-30 15:29:56 - [MESSAGE][PASSED] - GenericSTI_DifferentCardType.ts:Clicked on the Begin Payment

2020-01-30 15:29:56 - [TEST_STEP][ERROR] - stringXML = utilities.SafeActions.ReadXML(): org.xml.sax.SAXParseException; systemId: file://D/CertpayGeneric/GenericSTI.xml; lineNumber: 1; columnNumber: 2; Reference is not allowed in prolog.

2020-01-30 15:29:56 - [MESSAGE][INFO] - Read data from XML

2020-01-30 15:29:56 - [MESSAGE][ERROR] - org.xml.sax.SAXParseException; systemId: file://D/CertpayGeneric/GenericSTI.xml; lineNumber: 1; columnNumber: 2; Reference is not allowed in prolog.]]></system-out>
         <system-err><![CDATA[2020-01-30 15:29:40 - [TEST_CASE][ERROR] - Test Cases/Certpay_GenericSTI/CardTypes_SingleLinePayment/TC_001_SingleLinePayment_VISA: Test Cases/Certpay_GenericSTI/CardTypes_SingleLinePayment/TC_001_SingleLinePayment_VISA FAILED.
Reason:
org.codehaus.groovy.runtime.InvokerInvocationException: org.xml.sax.SAXParseException; systemId: file://D/CertpayGeneric/GenericSTI.xml; lineNumber: 1; columnNumber: 2; Reference is not allowed in prolog.
	at utilities.SafeActions.invokeMethod(SafeActions.groovy)
	at com.kms.katalon.core.main.CustomKeywordDelegatingMetaClass.invokeStaticMethod(CustomKeywordDelegatingMetaClass.java:50)
	at TC_001_SingleLinePayment_VISA.run(TC_001_SingleLinePayment_VISA:43)
	at com.kms.katalon.core.main.ScriptEngine.run(ScriptEngine.java:194)
	at com.kms.katalon.core.main.ScriptEngine.runScriptAsRawText(ScriptEngine.java:119)
	at com.kms.katalon.core.main.TestCaseExecutor.runScript(TestCaseExecutor.java:337)
	at com.kms.katalon.core.main.TestCaseExecutor.doExecute(TestCaseExecutor.java:328)
	at com.kms.katalon.core.main.TestCaseExecutor.processExecutionPhase(TestCaseExecutor.java:307)
	at com.kms.katalon.core.main.TestCaseExecutor.accessMainPhase(TestCaseExecutor.java:299)
	at com.kms.katalon.core.main.TestCaseExecutor.execute(TestCaseExecutor.java:233)
	at com.kms.katalon.core.main.TestSuiteExecutor.accessTestCaseMainPhase(TestSuiteExecutor.java:169)
	at com.kms.katalon.core.main.TestSuiteExecutor.accessTestSuiteMainPhase(TestSuiteExecutor.java:142)
	at com.kms.katalon.core.main.TestSuiteExecutor.execute(TestSuiteExecutor.java:91)
	at com.kms.katalon.core.main.TestCaseMain.startTestSuite(TestCaseMain.java:157)
	at com.kms.katalon.core.main.TestCaseMain$startTestSuite$0.call(Unknown Source)
	at TempTestSuite1580378376956.run(TempTestSuite1580378376956.groovy:36)
Caused by: org.xml.sax.SAXParseException; systemId: file://D/CertpayGeneric/GenericSTI.xml; lineNumber: 1; columnNumber: 2; Reference is not allowed in prolog.
	at org.apache.xerces.parsers.AbstractSAXParser.parse(Unknown Source)
	at org.apache.xerces.jaxp.SAXParserImpl$JAXPSAXParser.parse(Unknown Source)
	at utilities.SafeActions.ReadXML(SafeActions.groovy:308)
	... 16 more]]></system-err>
      </testcase>
      <system-out><![CDATA[2020-01-30 15:29:40 - [TEST_SUITE][ERROR] - GenericSTI_DifferentCardType: Test Cases/Certpay_GenericSTI/CardTypes_SingleLinePayment/TC_001_SingleLinePayment_VISA FAILED.
Reason:
org.codehaus.groovy.runtime.InvokerInvocationException: org.xml.sax.SAXParseException; systemId: file://D/CertpayGeneric/GenericSTI.xml; lineNumber: 1; columnNumber: 2; Reference is not allowed in prolog.
	at utilities.SafeActions.invokeMethod(SafeActions.groovy)
	at com.kms.katalon.core.main.CustomKeywordDelegatingMetaClass.invokeStaticMethod(CustomKeywordDelegatingMetaClass.java:50)
	at TC_001_SingleLinePayment_VISA.run(TC_001_SingleLinePayment_VISA:43)
	at com.kms.katalon.core.main.ScriptEngine.run(ScriptEngine.java:194)
	at com.kms.katalon.core.main.ScriptEngine.runScriptAsRawText(ScriptEngine.java:119)
	at com.kms.katalon.core.main.TestCaseExecutor.runScript(TestCaseExecutor.java:337)
	at com.kms.katalon.core.main.TestCaseExecutor.doExecute(TestCaseExecutor.java:328)
	at com.kms.katalon.core.main.TestCaseExecutor.processExecutionPhase(TestCaseExecutor.java:307)
	at com.kms.katalon.core.main.TestCaseExecutor.accessMainPhase(TestCaseExecutor.java:299)
	at com.kms.katalon.core.main.TestCaseExecutor.execute(TestCaseExecutor.java:233)
	at com.kms.katalon.core.main.TestSuiteExecutor.accessTestCaseMainPhase(TestSuiteExecutor.java:169)
	at com.kms.katalon.core.main.TestSuiteExecutor.accessTestSuiteMainPhase(TestSuiteExecutor.java:142)
	at com.kms.katalon.core.main.TestSuiteExecutor.execute(TestSuiteExecutor.java:91)
	at com.kms.katalon.core.main.TestCaseMain.startTestSuite(TestCaseMain.java:157)
	at com.kms.katalon.core.main.TestCaseMain$startTestSuite$0.call(Unknown Source)
	at TempTestSuite1580378376956.run(TempTestSuite1580378376956.groovy:36)
Caused by: org.xml.sax.SAXParseException; systemId: file://D/CertpayGeneric/GenericSTI.xml; lineNumber: 1; columnNumber: 2; Reference is not allowed in prolog.
	at org.apache.xerces.parsers.AbstractSAXParser.parse(Unknown Source)
	at org.apache.xerces.jaxp.SAXParserImpl$JAXPSAXParser.parse(Unknown Source)
	at utilities.SafeActions.ReadXML(SafeActions.groovy:308)
	... 16 more]]></system-out>
      <system-err><![CDATA[2020-01-30 15:29:40 - [TEST_SUITE][ERROR] - GenericSTI_DifferentCardType: Test Cases/Certpay_GenericSTI/CardTypes_SingleLinePayment/TC_001_SingleLinePayment_VISA FAILED.
Reason:
org.codehaus.groovy.runtime.InvokerInvocationException: org.xml.sax.SAXParseException; systemId: file://D/CertpayGeneric/GenericSTI.xml; lineNumber: 1; columnNumber: 2; Reference is not allowed in prolog.
	at utilities.SafeActions.invokeMethod(SafeActions.groovy)
	at com.kms.katalon.core.main.CustomKeywordDelegatingMetaClass.invokeStaticMethod(CustomKeywordDelegatingMetaClass.java:50)
	at TC_001_SingleLinePayment_VISA.run(TC_001_SingleLinePayment_VISA:43)
	at com.kms.katalon.core.main.ScriptEngine.run(ScriptEngine.java:194)
	at com.kms.katalon.core.main.ScriptEngine.runScriptAsRawText(ScriptEngine.java:119)
	at com.kms.katalon.core.main.TestCaseExecutor.runScript(TestCaseExecutor.java:337)
	at com.kms.katalon.core.main.TestCaseExecutor.doExecute(TestCaseExecutor.java:328)
	at com.kms.katalon.core.main.TestCaseExecutor.processExecutionPhase(TestCaseExecutor.java:307)
	at com.kms.katalon.core.main.TestCaseExecutor.accessMainPhase(TestCaseExecutor.java:299)
	at com.kms.katalon.core.main.TestCaseExecutor.execute(TestCaseExecutor.java:233)
	at com.kms.katalon.core.main.TestSuiteExecutor.accessTestCaseMainPhase(TestSuiteExecutor.java:169)
	at com.kms.katalon.core.main.TestSuiteExecutor.accessTestSuiteMainPhase(TestSuiteExecutor.java:142)
	at com.kms.katalon.core.main.TestSuiteExecutor.execute(TestSuiteExecutor.java:91)
	at com.kms.katalon.core.main.TestCaseMain.startTestSuite(TestCaseMain.java:157)
	at com.kms.katalon.core.main.TestCaseMain$startTestSuite$0.call(Unknown Source)
	at TempTestSuite1580378376956.run(TempTestSuite1580378376956.groovy:36)
Caused by: org.xml.sax.SAXParseException; systemId: file://D/CertpayGeneric/GenericSTI.xml; lineNumber: 1; columnNumber: 2; Reference is not allowed in prolog.
	at org.apache.xerces.parsers.AbstractSAXParser.parse(Unknown Source)
	at org.apache.xerces.jaxp.SAXParserImpl$JAXPSAXParser.parse(Unknown Source)
	at utilities.SafeActions.ReadXML(SafeActions.groovy:308)
	... 16 more]]></system-err>
   </testsuite>
</testsuites>
