<?xml version="1.0" encoding="UTF-8" standalone="no"?>
<!DOCTYPE log SYSTEM "logger.dtd">
<log>
<record>
  <date>2020-02-04T14:58:16</date>
  <millis>1580808496940</millis>
  <sequence>0</sequence>
  <level>START</level>
  <class>com.kms.katalon.core.logging.XmlKeywordLogger</class>
  <method>startSuite</method>
  <thread>1</thread>
  <message>Start Test Suite : Test Suites/Certpay_TestSuite/GenericSTI_DifferentCardType</message>
  <nestedLevel>0</nestedLevel>
  <property name="name">GenericSTI_DifferentCardType</property>
  <property name="description"></property>
  <property name="id">Test Suites/Certpay_TestSuite/GenericSTI_DifferentCardType</property>
</record>
<record>
  <date>2020-02-04T14:58:16</date>
  <millis>1580808496965</millis>
  <sequence>1</sequence>
  <level>RUN_DATA</level>
  <class>com.kms.katalon.core.logging.XmlKeywordLogger</class>
  <method>logMessage</method>
  <thread>1</thread>
  <message>hostName = admin - SYS8</message>
  <nestedLevel>0</nestedLevel>
  <property name="hostName">admin - SYS8</property>
</record>
<record>
  <date>2020-02-04T14:58:16</date>
  <millis>1580808496966</millis>
  <sequence>2</sequence>
  <level>RUN_DATA</level>
  <class>com.kms.katalon.core.logging.XmlKeywordLogger</class>
  <method>logMessage</method>
  <thread>1</thread>
  <message>os = Windows 10 32bit</message>
  <nestedLevel>0</nestedLevel>
  <property name="os">Windows 10 32bit</property>
</record>
<record>
  <date>2020-02-04T14:58:16</date>
  <millis>1580808496968</millis>
  <sequence>3</sequence>
  <level>RUN_DATA</level>
  <class>com.kms.katalon.core.logging.XmlKeywordLogger</class>
  <method>logMessage</method>
  <thread>1</thread>
  <message>hostAddress = 172.31.252.142</message>
  <nestedLevel>0</nestedLevel>
  <property name="hostAddress">172.31.252.142</property>
</record>
<record>
  <date>2020-02-04T14:58:16</date>
  <millis>1580808496969</millis>
  <sequence>4</sequence>
  <level>RUN_DATA</level>
  <class>com.kms.katalon.core.logging.XmlKeywordLogger</class>
  <method>logMessage</method>
  <thread>1</thread>
  <message>katalonVersion = 7.1.2.1</message>
  <nestedLevel>0</nestedLevel>
  <property name="katalonVersion">7.1.2.1</property>
</record>
<record>
  <date>2020-02-04T14:58:17</date>
  <millis>1580808497272</millis>
  <sequence>5</sequence>
  <level>START</level>
  <class>com.kms.katalon.core.logging.XmlKeywordLogger</class>
  <method>startTest</method>
  <thread>1</thread>
  <message>Start Test Case : Test Cases/Certpay_GenericSTI/TC_001_SingleLinePayments</message>
  <nestedLevel>1</nestedLevel>
  <property name="name">Test Cases/Certpay_GenericSTI/TC_001_SingleLinePayments</property>
  <property name="description"></property>
  <property name="id">Test Cases/Certpay_GenericSTI/TC_001_SingleLinePayments</property>
  <property name="source">D:\\CertpayGeneric\\Test Cases\\Certpay_GenericSTI\\TC_001_SingleLinePayments.tc</property>
  <property name="tag"></property>
  <property name="isOptional">false</property>
</record>
<record>
  <date>2020-02-04T14:58:18</date>
  <millis>1580808498056</millis>
  <sequence>7</sequence>
  <level>START</level>
  <class>com.kms.katalon.core.logging.XmlKeywordLogger</class>
  <method>startKeyword</method>
  <thread>1</thread>
  <message>Start action : data = findTestData(\&amp;quot;Data Files/Certpay/CardTypes_SingleLinePayment\&amp;quot;)</message>
  <nestedLevel>1</nestedLevel>
  <property name="startLine">19</property>
  <property name="stepIndex">1</property>
</record>
<record>
  <date>2020-02-04T14:58:18</date>
  <millis>1580808498823</millis>
  <sequence>12</sequence>
  <level>END</level>
  <class>com.kms.katalon.core.logging.XmlKeywordLogger</class>
  <method>endKeyword</method>
  <thread>1</thread>
  <message>End action : data = findTestData(\&amp;quot;Data Files/Certpay/CardTypes_SingleLinePayment\&amp;quot;)</message>
  <nestedLevel>1</nestedLevel>
</record>
<record>
  <date>2020-02-04T14:58:18</date>
  <millis>1580808498823</millis>
  <sequence>13</sequence>
  <level>START</level>
  <class>com.kms.katalon.core.logging.XmlKeywordLogger</class>
  <method>startKeyword</method>
  <thread>1</thread>
  <message>Start action : for (def index : (1..data.getRowNumbers()))</message>
  <nestedLevel>1</nestedLevel>
  <property name="startLine">21</property>
  <property name="stepIndex">2</property>
</record>
<record>
  <date>2020-02-04T14:58:18</date>
  <millis>1580808498854</millis>
  <sequence>14</sequence>
  <level>START</level>
  <class>com.kms.katalon.core.logging.XmlKeywordLogger</class>
  <method>startKeyword</method>
  <thread>1</thread>
  <message>Start action : FirstName = data.getValue(\&amp;quot;FirstName\&amp;quot;, index)</message>
  <nestedLevel>2</nestedLevel>
  <property name="startLine">23</property>
  <property name="stepIndex">1</property>
</record>
<record>
  <date>2020-02-04T14:58:18</date>
  <millis>1580808498875</millis>
  <sequence>15</sequence>
  <level>END</level>
  <class>com.kms.katalon.core.logging.XmlKeywordLogger</class>
  <method>endKeyword</method>
  <thread>1</thread>
  <message>End action : FirstName = data.getValue(\&amp;quot;FirstName\&amp;quot;, index)</message>
  <nestedLevel>2</nestedLevel>
</record>
<record>
  <date>2020-02-04T14:58:18</date>
  <millis>1580808498876</millis>
  <sequence>16</sequence>
  <level>START</level>
  <class>com.kms.katalon.core.logging.XmlKeywordLogger</class>
  <method>startKeyword</method>
  <thread>1</thread>
  <message>Start action : LastName = data.getValue(\&amp;quot;LastName\&amp;quot;, index)</message>
  <nestedLevel>2</nestedLevel>
  <property name="startLine">25</property>
  <property name="stepIndex">2</property>
</record>
<record>
  <date>2020-02-04T14:58:18</date>
  <millis>1580808498878</millis>
  <sequence>17</sequence>
  <level>END</level>
  <class>com.kms.katalon.core.logging.XmlKeywordLogger</class>
  <method>endKeyword</method>
  <thread>1</thread>
  <message>End action : LastName = data.getValue(\&amp;quot;LastName\&amp;quot;, index)</message>
  <nestedLevel>2</nestedLevel>
</record>
<record>
  <date>2020-02-04T14:58:18</date>
  <millis>1580808498878</millis>
  <sequence>18</sequence>
  <level>START</level>
  <class>com.kms.katalon.core.logging.XmlKeywordLogger</class>
  <method>startKeyword</method>
  <thread>1</thread>
  <message>Start action : Amount = data.getValue(\&amp;quot;Amount\&amp;quot;, index)</message>
  <nestedLevel>2</nestedLevel>
  <property name="startLine">27</property>
  <property name="stepIndex">3</property>
</record>
<record>
  <date>2020-02-04T14:58:18</date>
  <millis>1580808498904</millis>
  <sequence>19</sequence>
  <level>END</level>
  <class>com.kms.katalon.core.logging.XmlKeywordLogger</class>
  <method>endKeyword</method>
  <thread>1</thread>
  <message>End action : Amount = data.getValue(\&amp;quot;Amount\&amp;quot;, index)</message>
  <nestedLevel>2</nestedLevel>
</record>
<record>
  <date>2020-02-04T14:58:18</date>
  <millis>1580808498904</millis>
  <sequence>20</sequence>
  <level>START</level>
  <class>com.kms.katalon.core.logging.XmlKeywordLogger</class>
  <method>startKeyword</method>
  <thread>1</thread>
  <message>Start action : cardNum = data.getValue(\&amp;quot;CardNumber\&amp;quot;, index)</message>
  <nestedLevel>2</nestedLevel>
  <property name="startLine">29</property>
  <property name="stepIndex">4</property>
</record>
<record>
  <date>2020-02-04T14:58:18</date>
  <millis>1580808498906</millis>
  <sequence>21</sequence>
  <level>END</level>
  <class>com.kms.katalon.core.logging.XmlKeywordLogger</class>
  <method>endKeyword</method>
  <thread>1</thread>
  <message>End action : cardNum = data.getValue(\&amp;quot;CardNumber\&amp;quot;, index)</message>
  <nestedLevel>2</nestedLevel>
</record>
<record>
  <date>2020-02-04T14:58:18</date>
  <millis>1580808498906</millis>
  <sequence>22</sequence>
  <level>START</level>
  <class>com.kms.katalon.core.logging.XmlKeywordLogger</class>
  <method>startKeyword</method>
  <thread>1</thread>
  <message>Start action : expMonth = data.getValue(\&amp;quot;ExpMonth\&amp;quot;, index)</message>
  <nestedLevel>2</nestedLevel>
  <property name="startLine">31</property>
  <property name="stepIndex">5</property>
</record>
<record>
  <date>2020-02-04T14:58:18</date>
  <millis>1580808498909</millis>
  <sequence>23</sequence>
  <level>END</level>
  <class>com.kms.katalon.core.logging.XmlKeywordLogger</class>
  <method>endKeyword</method>
  <thread>1</thread>
  <message>End action : expMonth = data.getValue(\&amp;quot;ExpMonth\&amp;quot;, index)</message>
  <nestedLevel>2</nestedLevel>
</record>
<record>
  <date>2020-02-04T14:58:18</date>
  <millis>1580808498909</millis>
  <sequence>24</sequence>
  <level>START</level>
  <class>com.kms.katalon.core.logging.XmlKeywordLogger</class>
  <method>startKeyword</method>
  <thread>1</thread>
  <message>Start action : expYear = data.getValue(\&amp;quot;ExpYear\&amp;quot;, index)</message>
  <nestedLevel>2</nestedLevel>
  <property name="startLine">33</property>
  <property name="stepIndex">6</property>
</record>
<record>
  <date>2020-02-04T14:58:18</date>
  <millis>1580808498912</millis>
  <sequence>25</sequence>
  <level>END</level>
  <class>com.kms.katalon.core.logging.XmlKeywordLogger</class>
  <method>endKeyword</method>
  <thread>1</thread>
  <message>End action : expYear = data.getValue(\&amp;quot;ExpYear\&amp;quot;, index)</message>
  <nestedLevel>2</nestedLevel>
</record>
<record>
  <date>2020-02-04T14:58:18</date>
  <millis>1580808498912</millis>
  <sequence>26</sequence>
  <level>START</level>
  <class>com.kms.katalon.core.logging.XmlKeywordLogger</class>
  <method>startKeyword</method>
  <thread>1</thread>
  <message>Start action : securityCode = data.getValue(\&amp;quot;SecurityCode\&amp;quot;, index)</message>
  <nestedLevel>2</nestedLevel>
  <property name="startLine">35</property>
  <property name="stepIndex">7</property>
</record>
<record>
  <date>2020-02-04T14:58:18</date>
  <millis>1580808498914</millis>
  <sequence>27</sequence>
  <level>END</level>
  <class>com.kms.katalon.core.logging.XmlKeywordLogger</class>
  <method>endKeyword</method>
  <thread>1</thread>
  <message>End action : securityCode = data.getValue(\&amp;quot;SecurityCode\&amp;quot;, index)</message>
  <nestedLevel>2</nestedLevel>
</record>
<record>
  <date>2020-02-04T14:58:18</date>
  <millis>1580808498914</millis>
  <sequence>28</sequence>
  <level>START</level>
  <class>com.kms.katalon.core.logging.XmlKeywordLogger</class>
  <method>startKeyword</method>
  <thread>1</thread>
  <message>Start action : cardType = data.getValue(\&amp;quot;CardType\&amp;quot;, index)</message>
  <nestedLevel>2</nestedLevel>
  <property name="startLine">37</property>
  <property name="stepIndex">8</property>
</record>
<record>
  <date>2020-02-04T14:58:18</date>
  <millis>1580808498915</millis>
  <sequence>29</sequence>
  <level>END</level>
  <class>com.kms.katalon.core.logging.XmlKeywordLogger</class>
  <method>endKeyword</method>
  <thread>1</thread>
  <message>End action : cardType = data.getValue(\&amp;quot;CardType\&amp;quot;, index)</message>
  <nestedLevel>2</nestedLevel>
</record>
<record>
  <date>2020-02-04T14:58:18</date>
  <millis>1580808498915</millis>
  <sequence>30</sequence>
  <level>START</level>
  <class>com.kms.katalon.core.logging.XmlKeywordLogger</class>
  <method>startKeyword</method>
  <thread>1</thread>
  <message>Start action : Comments = data.getValue(\&amp;quot;Comments\&amp;quot;, index)</message>
  <nestedLevel>2</nestedLevel>
  <property name="startLine">39</property>
  <property name="stepIndex">9</property>
</record>
<record>
  <date>2020-02-04T14:58:18</date>
  <millis>1580808498916</millis>
  <sequence>31</sequence>
  <level>END</level>
  <class>com.kms.katalon.core.logging.XmlKeywordLogger</class>
  <method>endKeyword</method>
  <thread>1</thread>
  <message>End action : Comments = data.getValue(\&amp;quot;Comments\&amp;quot;, index)</message>
  <nestedLevel>2</nestedLevel>
</record>
<record>
  <date>2020-02-04T14:58:18</date>
  <millis>1580808498916</millis>
  <sequence>32</sequence>
  <level>START</level>
  <class>com.kms.katalon.core.logging.XmlKeywordLogger</class>
  <method>startKeyword</method>
  <thread>1</thread>
  <message>Start action : Address = data.getValue(\&amp;quot;Address\&amp;quot;, index)</message>
  <nestedLevel>2</nestedLevel>
  <property name="startLine">41</property>
  <property name="stepIndex">10</property>
</record>
<record>
  <date>2020-02-04T14:58:18</date>
  <millis>1580808498917</millis>
  <sequence>33</sequence>
  <level>END</level>
  <class>com.kms.katalon.core.logging.XmlKeywordLogger</class>
  <method>endKeyword</method>
  <thread>1</thread>
  <message>End action : Address = data.getValue(\&amp;quot;Address\&amp;quot;, index)</message>
  <nestedLevel>2</nestedLevel>
</record>
<record>
  <date>2020-02-04T14:58:18</date>
  <millis>1580808498917</millis>
  <sequence>34</sequence>
  <level>START</level>
  <class>com.kms.katalon.core.logging.XmlKeywordLogger</class>
  <method>startKeyword</method>
  <thread>1</thread>
  <message>Start action : Telephone = data.getValue(\&amp;quot;Telephone\&amp;quot;, index)</message>
  <nestedLevel>2</nestedLevel>
  <property name="startLine">43</property>
  <property name="stepIndex">11</property>
</record>
<record>
  <date>2020-02-04T14:58:18</date>
  <millis>1580808498918</millis>
  <sequence>35</sequence>
  <level>END</level>
  <class>com.kms.katalon.core.logging.XmlKeywordLogger</class>
  <method>endKeyword</method>
  <thread>1</thread>
  <message>End action : Telephone = data.getValue(\&amp;quot;Telephone\&amp;quot;, index)</message>
  <nestedLevel>2</nestedLevel>
</record>
<record>
  <date>2020-02-04T14:58:18</date>
  <millis>1580808498918</millis>
  <sequence>36</sequence>
  <level>START</level>
  <class>com.kms.katalon.core.logging.XmlKeywordLogger</class>
  <method>startKeyword</method>
  <thread>1</thread>
  <message>Start action : Email = data.getValue(\&amp;quot;EmailAddress\&amp;quot;, index)</message>
  <nestedLevel>2</nestedLevel>
  <property name="startLine">45</property>
  <property name="stepIndex">12</property>
</record>
<record>
  <date>2020-02-04T14:58:18</date>
  <millis>1580808498921</millis>
  <sequence>37</sequence>
  <level>END</level>
  <class>com.kms.katalon.core.logging.XmlKeywordLogger</class>
  <method>endKeyword</method>
  <thread>1</thread>
  <message>End action : Email = data.getValue(\&amp;quot;EmailAddress\&amp;quot;, index)</message>
  <nestedLevel>2</nestedLevel>
</record>
<record>
  <date>2020-02-04T14:58:18</date>
  <millis>1580808498921</millis>
  <sequence>38</sequence>
  <level>START</level>
  <class>com.kms.katalon.core.logging.XmlKeywordLogger</class>
  <method>startKeyword</method>
  <thread>1</thread>
  <message>Start action : utilities.SafeActions.openBrowser(Genericsti_url, [pageLoadTime])</message>
  <nestedLevel>2</nestedLevel>
  <property name="startLine">48</property>
  <property name="stepIndex">13</property>
  <property name="description">Open Certpay Genericsti application</property>
</record>
<record>
  <date>2020-02-04T14:58:19</date>
  <millis>1580808499209</millis>
  <sequence>39</sequence>
  <level>INFO</level>
  <class>com.kms.katalon.core.logging.XmlKeywordLogger</class>
  <method>logMessage</method>
  <thread>1</thread>
  <message>Opening Browser</message>
  <nestedLevel>1</nestedLevel>
</record>
<record>
  <date>2020-02-04T14:58:19</date>
  <millis>1580808499531</millis>
  <sequence>41</sequence>
  <level>INFO</level>
  <class>com.kms.katalon.core.logging.XmlKeywordLogger</class>
  <method>logMessage</method>
  <thread>1</thread>
  <message>Starting &amp;apos;Chrome&amp;apos; driver</message>
  <nestedLevel>1</nestedLevel>
</record>
<record>
  <date>2020-02-04T14:58:19</date>
  <millis>1580808499577</millis>
  <sequence>43</sequence>
  <level>INFO</level>
  <class>com.kms.katalon.core.logging.XmlKeywordLogger</class>
  <method>logMessage</method>
  <thread>1</thread>
  <message>Action delay is set to 0 seconds</message>
  <nestedLevel>1</nestedLevel>
</record>
<record>
  <date>2020-02-04T14:58:30</date>
  <millis>1580808510181</millis>
  <sequence>45</sequence>
  <level>RUN_DATA</level>
  <class>com.kms.katalon.core.logging.XmlKeywordLogger</class>
  <method>logMessage</method>
  <thread>1</thread>
  <message>sessionId = c5a4648274125027835c10f5965cf2a6</message>
  <nestedLevel>1</nestedLevel>
  <property name="sessionId">c5a4648274125027835c10f5965cf2a6</property>
</record>
<record>
  <date>2020-02-04T14:58:30</date>
  <millis>1580808510305</millis>
  <sequence>46</sequence>
  <level>RUN_DATA</level>
  <class>com.kms.katalon.core.logging.XmlKeywordLogger</class>
  <method>logMessage</method>
  <thread>1</thread>
  <message>browser = Chrome 79.0.3945.130</message>
  <nestedLevel>1</nestedLevel>
  <property name="browser">Chrome 79.0.3945.130</property>
</record>
<record>
  <date>2020-02-04T14:58:30</date>
  <millis>1580808510306</millis>
  <sequence>47</sequence>
  <level>RUN_DATA</level>
  <class>com.kms.katalon.core.logging.XmlKeywordLogger</class>
  <method>logMessage</method>
  <thread>1</thread>
  <message>platform = Windows 10</message>
  <nestedLevel>1</nestedLevel>
  <property name="platform">Windows 10</property>
</record>
<record>
  <date>2020-02-04T14:58:30</date>
  <millis>1580808510307</millis>
  <sequence>48</sequence>
  <level>RUN_DATA</level>
  <class>com.kms.katalon.core.logging.XmlKeywordLogger</class>
  <method>logMessage</method>
  <thread>1</thread>
  <message>seleniumVersion = 3.141.59</message>
  <nestedLevel>1</nestedLevel>
  <property name="seleniumVersion">3.141.59</property>
</record>
<record>
  <date>2020-02-04T14:58:30</date>
  <millis>1580808510308</millis>
  <sequence>49</sequence>
  <level>RUN_DATA</level>
  <class>com.kms.katalon.core.logging.XmlKeywordLogger</class>
  <method>logMessage</method>
  <thread>1</thread>
  <message>proxyInformation = ProxyInformation{proxyOption=NO_PROXY, proxyServerType=HTTP, password=, proxyServerAddress=, proxyServerPort=0, executionList=}</message>
  <nestedLevel>1</nestedLevel>
  <property name="proxyInformation">ProxyInformation{proxyOption=NO_PROXY, proxyServerType=HTTP, password=, proxyServerAddress=, proxyServerPort=0, executionList=}</property>
</record>
<record>
  <date>2020-02-04T14:58:33</date>
  <millis>1580808513138</millis>
  <sequence>51</sequence>
  <level>PASSED</level>
  <class>com.kms.katalon.core.logging.XmlKeywordLogger</class>
  <method>logMessage</method>
  <thread>1</thread>
  <message>Browser is opened with url: &amp;apos;https://qa-certpaygenericsti.faps.net/genericsti/demo/&amp;apos;</message>
  <nestedLevel>1</nestedLevel>
</record>
<record>
  <date>2020-02-04T14:58:34</date>
  <millis>1580808514319</millis>
  <sequence>53</sequence>
  <level>PASSED</level>
  <class>com.kms.katalon.core.logging.XmlKeywordLogger</class>
  <method>logMessage</method>
  <thread>1</thread>
  <message>Current window maximized</message>
  <nestedLevel>1</nestedLevel>
</record>
<record>
  <date>2020-02-04T14:58:34</date>
  <millis>1580808514320</millis>
  <sequence>54</sequence>
  <level>PASSED</level>
  <class>com.kms.katalon.core.logging.XmlKeywordLogger</class>
  <method>logMessage</method>
  <thread>1</thread>
  <message>Browser launched successfully</message>
  <nestedLevel>1</nestedLevel>
</record>
<record>
  <date>2020-02-04T14:58:34</date>
  <millis>1580808514322</millis>
  <sequence>55</sequence>
  <level>END</level>
  <class>com.kms.katalon.core.logging.XmlKeywordLogger</class>
  <method>endKeyword</method>
  <thread>1</thread>
  <message>End action : utilities.SafeActions.openBrowser(Genericsti_url, [pageLoadTime])</message>
  <nestedLevel>2</nestedLevel>
</record>
<record>
  <date>2020-02-04T14:58:34</date>
  <millis>1580808514322</millis>
  <sequence>56</sequence>
  <level>START</level>
  <class>com.kms.katalon.core.logging.XmlKeywordLogger</class>
  <method>startKeyword</method>
  <thread>1</thread>
  <message>Start action : utilities.SafeActions.safeClick(findTestObject(\&amp;quot;CERTPAY_GENERICSTI/Demo_Pages/BEGIN_PAYMENT\&amp;quot;), \&amp;quot;Begin Payment\&amp;quot;, [pageLoadTime])</message>
  <nestedLevel>2</nestedLevel>
  <property name="startLine">51</property>
  <property name="stepIndex">14</property>
  <property name="description">Click on &apos;Demo pages&apos;</property>
</record>
<record>
  <date>2020-02-04T14:58:34</date>
  <millis>1580808514452</millis>
  <sequence>58</sequence>
  <level>INFO</level>
  <class>com.kms.katalon.core.logging.XmlKeywordLogger</class>
  <method>logMessage</method>
  <thread>1</thread>
  <message>safeClicking</message>
  <nestedLevel>1</nestedLevel>
</record>
<record>
  <date>2020-02-04T14:58:34</date>
  <millis>1580808514827</millis>
  <sequence>65</sequence>
  <level>PASSED</level>
  <class>com.kms.katalon.core.logging.XmlKeywordLogger</class>
  <method>logMessage</method>
  <thread>1</thread>
  <message>Object &amp;apos;Object Repository/CERTPAY_GENERICSTI/Demo_Pages/BEGIN_PAYMENT&amp;apos; is present</message>
  <nestedLevel>1</nestedLevel>
</record>
<record>
  <date>2020-02-04T14:58:35</date>
  <millis>1580808515414</millis>
  <sequence>73</sequence>
  <level>PASSED</level>
  <class>com.kms.katalon.core.logging.XmlKeywordLogger</class>
  <method>logMessage</method>
  <thread>1</thread>
  <message>Object &amp;apos;Object Repository/CERTPAY_GENERICSTI/Demo_Pages/BEGIN_PAYMENT&amp;apos; is clickable</message>
  <nestedLevel>1</nestedLevel>
</record>
<record>
  <date>2020-02-04T14:58:37</date>
  <millis>1580808517235</millis>
  <sequence>88</sequence>
  <level>PASSED</level>
  <class>com.kms.katalon.core.logging.XmlKeywordLogger</class>
  <method>logMessage</method>
  <thread>1</thread>
  <message>Object: &amp;apos;Object Repository/CERTPAY_GENERICSTI/Demo_Pages/BEGIN_PAYMENT&amp;apos; is clicked on</message>
  <nestedLevel>1</nestedLevel>
</record>
<record>
  <date>2020-02-04T14:58:37</date>
  <millis>1580808517241</millis>
  <sequence>89</sequence>
  <level>PASSED</level>
  <class>com.kms.katalon.core.logging.XmlKeywordLogger</class>
  <method>logMessage</method>
  <thread>1</thread>
  <message>GenericSTI_DifferentCardType.ts:Clicked on the Begin Payment</message>
  <nestedLevel>1</nestedLevel>
</record>
<record>
  <date>2020-02-04T14:58:37</date>
  <millis>1580808517243</millis>
  <sequence>90</sequence>
  <level>END</level>
  <class>com.kms.katalon.core.logging.XmlKeywordLogger</class>
  <method>endKeyword</method>
  <thread>1</thread>
  <message>End action : utilities.SafeActions.safeClick(findTestObject(\&amp;quot;CERTPAY_GENERICSTI/Demo_Pages/BEGIN_PAYMENT\&amp;quot;), \&amp;quot;Begin Payment\&amp;quot;, [pageLoadTime])</message>
  <nestedLevel>2</nestedLevel>
</record>
<record>
  <date>2020-02-04T14:58:37</date>
  <millis>1580808517243</millis>
  <sequence>91</sequence>
  <level>START</level>
  <class>com.kms.katalon.core.logging.XmlKeywordLogger</class>
  <method>startKeyword</method>
  <thread>1</thread>
  <message>Start action : XMLString = utilities.SafeActions.CreateXML(FirstName, LastName, Amount, Address, Email, Telephone)</message>
  <nestedLevel>2</nestedLevel>
  <property name="startLine">56</property>
  <property name="stepIndex">15</property>
  <property name="description">Create XML</property>
</record>
<record>
  <date>2020-02-04T14:58:37</date>
  <millis>1580808517244</millis>
  <sequence>92</sequence>
  <level>INFO</level>
  <class>com.kms.katalon.core.logging.XmlKeywordLogger</class>
  <method>logMessage</method>
  <thread>1</thread>
  <message>Create XML</message>
  <nestedLevel>1</nestedLevel>
</record>
<record>
  <date>2020-02-04T14:58:37</date>
  <millis>1580808517245</millis>
  <sequence>93</sequence>
  <level>PASSED</level>
  <class>com.kms.katalon.core.logging.XmlKeywordLogger</class>
  <method>logMessage</method>
  <thread>1</thread>
  <message>utilities.SafeActions.CreateXML is PASSED</message>
  <nestedLevel>1</nestedLevel>
</record>
<record>
  <date>2020-02-04T14:58:37</date>
  <millis>1580808517246</millis>
  <sequence>94</sequence>
  <level>END</level>
  <class>com.kms.katalon.core.logging.XmlKeywordLogger</class>
  <method>endKeyword</method>
  <thread>1</thread>
  <message>End action : XMLString = utilities.SafeActions.CreateXML(FirstName, LastName, Amount, Address, Email, Telephone)</message>
  <nestedLevel>2</nestedLevel>
</record>
<record>
  <date>2020-02-04T14:58:37</date>
  <millis>1580808517246</millis>
  <sequence>95</sequence>
  <level>START</level>
  <class>com.kms.katalon.core.logging.XmlKeywordLogger</class>
  <method>startKeyword</method>
  <thread>1</thread>
  <message>Start action : utilities.SafeActions.safeType(findTestObject(\&amp;quot;CERTPAY_GENERICSTI/XML_Page/XML\&amp;quot;), XMLString, \&amp;quot;XMLContent\&amp;quot;, [pageLoadTime])</message>
  <nestedLevel>2</nestedLevel>
  <property name="startLine">61</property>
  <property name="stepIndex">16</property>
  <property name="description">Enter XML</property>
</record>
<record>
  <date>2020-02-04T14:58:37</date>
  <millis>1580808517653</millis>
  <sequence>103</sequence>
  <level>PASSED</level>
  <class>com.kms.katalon.core.logging.XmlKeywordLogger</class>
  <method>logMessage</method>
  <thread>1</thread>
  <message>Object &amp;apos;Object Repository/CERTPAY_GENERICSTI/XML_Page/XML&amp;apos; is present</message>
  <nestedLevel>1</nestedLevel>
</record>
<record>
  <date>2020-02-04T14:58:37</date>
  <millis>1580808517991</millis>
  <sequence>110</sequence>
  <level>PASSED</level>
  <class>com.kms.katalon.core.logging.XmlKeywordLogger</class>
  <method>logMessage</method>
  <thread>1</thread>
  <message>Object &amp;apos;Object Repository/CERTPAY_GENERICSTI/XML_Page/XML&amp;apos; is visible</message>
  <nestedLevel>1</nestedLevel>
</record>
<record>
  <date>2020-02-04T14:58:38</date>
  <millis>1580808518254</millis>
  <sequence>117</sequence>
  <level>PASSED</level>
  <class>com.kms.katalon.core.logging.XmlKeywordLogger</class>
  <method>logMessage</method>
  <thread>1</thread>
  <message>Object &amp;apos;Object Repository/CERTPAY_GENERICSTI/XML_Page/XML&amp;apos; is present</message>
  <nestedLevel>1</nestedLevel>
</record>
<record>
  <date>2020-02-04T14:58:47</date>
  <millis>1580808527713</millis>
  <sequence>132</sequence>
  <level>PASSED</level>
  <class>com.kms.katalon.core.logging.XmlKeywordLogger</class>
  <method>logMessage</method>
  <thread>1</thread>
  <message>Text &amp;apos;&amp;amp;lt;?xml version=&amp;amp;quot;1.0&amp;amp;quot; encoding=&amp;amp;quot;utf-8&amp;amp;quot;?&amp;amp;gt;\n&amp;amp;lt;Transaction xmlns:xsi=&amp;amp;quot;http://www.w3.org/2001/XMLSchema-instance&amp;amp;quot; xmlns:xsd=&amp;amp;quot;http://www.w3.org/2001/XMLSchema&amp;amp;quot;&amp;amp;gt;\n    &amp;amp;lt;BT_ID&amp;amp;gt;123456789&amp;amp;lt;/BT_ID&amp;amp;gt;\n    &amp;amp;lt;Protocol&amp;amp;gt;\n        &amp;amp;lt;RTU&amp;amp;gt;https://certifiedpayments.net/&amp;amp;lt;/RTU&amp;amp;gt;\n        &amp;amp;lt;RLU&amp;amp;gt;https://certifiedpayments.net/&amp;amp;lt;/RLU&amp;amp;gt;\n    &amp;amp;lt;/Protocol&amp;amp;gt;\n    &amp;amp;lt;Billing&amp;amp;gt;\n        &amp;amp;lt;FN Return=&amp;amp;quot;false&amp;amp;quot;&amp;amp;gt;Raymond&amp;amp;lt;/FN&amp;amp;gt;\n        &amp;amp;lt;MN Return=&amp;amp;quot;false&amp;amp;quot;&amp;amp;gt;K.&amp;amp;lt;/MN&amp;amp;gt;\n        &amp;amp;lt;LN Return=&amp;amp;quot;false&amp;amp;quot;&amp;amp;gt;Hessel&amp;amp;lt;/LN&amp;amp;gt;\n        &amp;amp;lt;Sufx Return=&amp;amp;quot;false&amp;amp;quot; /&amp;amp;gt;\n        &amp;amp;lt;AD1 Return=&amp;amp;quot;false&amp;amp;quot;&amp;amp;gt;1320 SE Benning&amp;amp;lt;/AD1&amp;amp;gt;\n        &amp;amp;lt;AD2 Return=&amp;amp;quot;false&amp;amp;quot;&amp;amp;gt;Apt. A&amp;amp;lt;/AD2&amp;amp;gt;\n        &amp;amp;lt;CTY Return=&amp;amp;quot;false&amp;amp;quot;&amp;amp;gt;New York&amp;amp;lt;/CTY&amp;amp;gt;\n        &amp;amp;lt;ST Return=&amp;amp;quot;false&amp;amp;quot;&amp;amp;gt;NY&amp;amp;lt;/ST&amp;amp;gt;\n        &amp;amp;lt;CNTY Return=&amp;amp;quot;false&amp;amp;quot;&amp;amp;gt;US&amp;amp;lt;/CNTY&amp;amp;gt;\n        &amp;amp;lt;Phone Return=&amp;amp;quot;false&amp;amp;quot;&amp;amp;gt;555-1234&amp;amp;lt;/Phone&amp;amp;gt;\n        &amp;amp;lt;Postal Return=&amp;amp;quot;false&amp;amp;quot;&amp;amp;gt;10018&amp;amp;lt;/Postal&amp;amp;gt;\n        &amp;amp;lt;Email Return=&amp;amp;quot;false&amp;amp;quot;&amp;amp;gt;&amp;amp;lt;/Email&amp;amp;gt;\n    &amp;amp;lt;/Billing&amp;amp;gt;\n    &amp;amp;lt;Items&amp;amp;gt;\n        &amp;amp;lt;CI&amp;amp;gt;\n            &amp;amp;lt;Amount Edit=&amp;amp;quot;true&amp;amp;quot;&amp;amp;gt;2.00&amp;amp;lt;/Amount&amp;amp;gt;\n            &amp;amp;lt;BC&amp;amp;gt;6100000&amp;amp;lt;/BC&amp;amp;gt;\n            &amp;amp;lt;CFS&amp;amp;gt;\n                &amp;amp;lt;CF Edit=&amp;amp;quot;false&amp;amp;quot; Return=&amp;amp;quot;false&amp;amp;quot;&amp;amp;gt;\n                    &amp;amp;lt;CFN&amp;amp;gt;Order Number&amp;amp;lt;/CFN&amp;amp;gt;\n                    &amp;amp;lt;CFV&amp;amp;gt;123456789&amp;amp;lt;/CFV&amp;amp;gt;\n                    &amp;amp;lt;VP&amp;amp;gt;\\d{9}&amp;amp;lt;/VP&amp;amp;gt;\n                &amp;amp;lt;/CF&amp;amp;gt;\n                &amp;amp;lt;CF Edit=&amp;amp;quot;false&amp;amp;quot; Return=&amp;amp;quot;false&amp;amp;quot;&amp;amp;gt;\n                    &amp;amp;lt;CFN&amp;amp;gt;Description&amp;amp;lt;/CFN&amp;amp;gt;\n                    &amp;amp;lt;CFV&amp;amp;gt;Speeding Ticket&amp;amp;lt;/CFV&amp;amp;gt;\n                    &amp;amp;lt;VP /&amp;amp;gt;\n                &amp;amp;lt;/CF&amp;amp;gt;\n            &amp;amp;lt;/CFS&amp;amp;gt;\n            &amp;amp;lt;FN&amp;amp;gt;Raymond&amp;amp;lt;/FN&amp;amp;gt;\n            &amp;amp;lt;MN&amp;amp;gt;K.&amp;amp;lt;/MN&amp;amp;gt;\n            &amp;amp;lt;LN&amp;amp;gt;Hessel&amp;amp;lt;/LN&amp;amp;gt;\n            &amp;amp;lt;Sufx /&amp;amp;gt;\n            &amp;amp;lt;AD1&amp;amp;gt;1320 SE Benning&amp;amp;lt;/AD1&amp;amp;gt;\n            &amp;amp;lt;AD2&amp;amp;gt;Apt. A&amp;amp;lt;/AD2&amp;amp;gt;\n            &amp;amp;lt;CTY&amp;amp;gt;New York&amp;amp;lt;/CTY&amp;amp;gt;\n            &amp;amp;lt;ST&amp;amp;gt;NY&amp;amp;lt;/ST&amp;amp;gt;\n            &amp;amp;lt;CNTY&amp;amp;gt;US&amp;amp;lt;/CNTY&amp;amp;gt;\n            &amp;amp;lt;Phone&amp;amp;gt;555-1234&amp;amp;lt;/Phone&amp;amp;gt;\n            &amp;amp;lt;Postal&amp;amp;gt;10018&amp;amp;lt;/Postal&amp;amp;gt;\n        &amp;amp;lt;/CI&amp;amp;gt;\n      \n    &amp;amp;lt;/Items&amp;amp;gt;\n&amp;amp;lt;/Transaction&amp;amp;gt;&amp;apos; is set on object &amp;apos;Object Repository/CERTPAY_GENERICSTI/XML_Page/XML&amp;apos;</message>
  <nestedLevel>1</nestedLevel>
</record>
<record>
  <date>2020-02-04T14:58:47</date>
  <millis>1580808527715</millis>
  <sequence>133</sequence>
  <level>PASSED</level>
  <class>com.kms.katalon.core.logging.XmlKeywordLogger</class>
  <method>logMessage</method>
  <thread>1</thread>
  <message>GenericSTI_DifferentCardType.ts:Entered&amp;apos;&amp;amp;lt;?xml version=&amp;amp;quot;1.0&amp;amp;quot; encoding=&amp;amp;quot;utf-8&amp;amp;quot;?&amp;amp;gt;\n&amp;amp;lt;Transaction xmlns:xsi=&amp;amp;quot;http://www.w3.org/2001/XMLSchema-instance&amp;amp;quot; xmlns:xsd=&amp;amp;quot;http://www.w3.org/2001/XMLSchema&amp;amp;quot;&amp;amp;gt;\n    &amp;amp;lt;BT_ID&amp;amp;gt;123456789&amp;amp;lt;/BT_ID&amp;amp;gt;\n    &amp;amp;lt;Protocol&amp;amp;gt;\n        &amp;amp;lt;RTU&amp;amp;gt;https://certifiedpayments.net/&amp;amp;lt;/RTU&amp;amp;gt;\n        &amp;amp;lt;RLU&amp;amp;gt;https://certifiedpayments.net/&amp;amp;lt;/RLU&amp;amp;gt;\n    &amp;amp;lt;/Protocol&amp;amp;gt;\n    &amp;amp;lt;Billing&amp;amp;gt;\n        &amp;amp;lt;FN Return=&amp;amp;quot;false&amp;amp;quot;&amp;amp;gt;Raymond&amp;amp;lt;/FN&amp;amp;gt;\n        &amp;amp;lt;MN Return=&amp;amp;quot;false&amp;amp;quot;&amp;amp;gt;K.&amp;amp;lt;/MN&amp;amp;gt;\n        &amp;amp;lt;LN Return=&amp;amp;quot;false&amp;amp;quot;&amp;amp;gt;Hessel&amp;amp;lt;/LN&amp;amp;gt;\n        &amp;amp;lt;Sufx Return=&amp;amp;quot;false&amp;amp;quot; /&amp;amp;gt;\n        &amp;amp;lt;AD1 Return=&amp;amp;quot;false&amp;amp;quot;&amp;amp;gt;1320 SE Benning&amp;amp;lt;/AD1&amp;amp;gt;\n        &amp;amp;lt;AD2 Return=&amp;amp;quot;false&amp;amp;quot;&amp;amp;gt;Apt. A&amp;amp;lt;/AD2&amp;amp;gt;\n        &amp;amp;lt;CTY Return=&amp;amp;quot;false&amp;amp;quot;&amp;amp;gt;New York&amp;amp;lt;/CTY&amp;amp;gt;\n        &amp;amp;lt;ST Return=&amp;amp;quot;false&amp;amp;quot;&amp;amp;gt;NY&amp;amp;lt;/ST&amp;amp;gt;\n        &amp;amp;lt;CNTY Return=&amp;amp;quot;false&amp;amp;quot;&amp;amp;gt;US&amp;amp;lt;/CNTY&amp;amp;gt;\n        &amp;amp;lt;Phone Return=&amp;amp;quot;false&amp;amp;quot;&amp;amp;gt;555-1234&amp;amp;lt;/Phone&amp;amp;gt;\n        &amp;amp;lt;Postal Return=&amp;amp;quot;false&amp;amp;quot;&amp;amp;gt;10018&amp;amp;lt;/Postal&amp;amp;gt;\n        &amp;amp;lt;Email Return=&amp;amp;quot;false&amp;amp;quot;&amp;amp;gt;&amp;amp;lt;/Email&amp;amp;gt;\n    &amp;amp;lt;/Billing&amp;amp;gt;\n    &amp;amp;lt;Items&amp;amp;gt;\n        &amp;amp;lt;CI&amp;amp;gt;\n            &amp;amp;lt;Amount Edit=&amp;amp;quot;true&amp;amp;quot;&amp;amp;gt;2.00&amp;amp;lt;/Amount&amp;amp;gt;\n            &amp;amp;lt;BC&amp;amp;gt;6100000&amp;amp;lt;/BC&amp;amp;gt;\n            &amp;amp;lt;CFS&amp;amp;gt;\n                &amp;amp;lt;CF Edit=&amp;amp;quot;false&amp;amp;quot; Return=&amp;amp;quot;false&amp;amp;quot;&amp;amp;gt;\n                    &amp;amp;lt;CFN&amp;amp;gt;Order Number&amp;amp;lt;/CFN&amp;amp;gt;\n                    &amp;amp;lt;CFV&amp;amp;gt;123456789&amp;amp;lt;/CFV&amp;amp;gt;\n                    &amp;amp;lt;VP&amp;amp;gt;\\d{9}&amp;amp;lt;/VP&amp;amp;gt;\n                &amp;amp;lt;/CF&amp;amp;gt;\n                &amp;amp;lt;CF Edit=&amp;amp;quot;false&amp;amp;quot; Return=&amp;amp;quot;false&amp;amp;quot;&amp;amp;gt;\n                    &amp;amp;lt;CFN&amp;amp;gt;Description&amp;amp;lt;/CFN&amp;amp;gt;\n                    &amp;amp;lt;CFV&amp;amp;gt;Speeding Ticket&amp;amp;lt;/CFV&amp;amp;gt;\n                    &amp;amp;lt;VP /&amp;amp;gt;\n                &amp;amp;lt;/CF&amp;amp;gt;\n            &amp;amp;lt;/CFS&amp;amp;gt;\n            &amp;amp;lt;FN&amp;amp;gt;Raymond&amp;amp;lt;/FN&amp;amp;gt;\n            &amp;amp;lt;MN&amp;amp;gt;K.&amp;amp;lt;/MN&amp;amp;gt;\n            &amp;amp;lt;LN&amp;amp;gt;Hessel&amp;amp;lt;/LN&amp;amp;gt;\n            &amp;amp;lt;Sufx /&amp;amp;gt;\n            &amp;amp;lt;AD1&amp;amp;gt;1320 SE Benning&amp;amp;lt;/AD1&amp;amp;gt;\n            &amp;amp;lt;AD2&amp;amp;gt;Apt. A&amp;amp;lt;/AD2&amp;amp;gt;\n            &amp;amp;lt;CTY&amp;amp;gt;New York&amp;amp;lt;/CTY&amp;amp;gt;\n            &amp;amp;lt;ST&amp;amp;gt;NY&amp;amp;lt;/ST&amp;amp;gt;\n            &amp;amp;lt;CNTY&amp;amp;gt;US&amp;amp;lt;/CNTY&amp;amp;gt;\n            &amp;amp;lt;Phone&amp;amp;gt;555-1234&amp;amp;lt;/Phone&amp;amp;gt;\n            &amp;amp;lt;Postal&amp;amp;gt;10018&amp;amp;lt;/Postal&amp;amp;gt;\n        &amp;amp;lt;/CI&amp;amp;gt;\n      \n    &amp;amp;lt;/Items&amp;amp;gt;\n&amp;amp;lt;/Transaction&amp;amp;gt; into XMLContent</message>
  <nestedLevel>1</nestedLevel>
</record>
<record>
  <date>2020-02-04T14:58:47</date>
  <millis>1580808527716</millis>
  <sequence>134</sequence>
  <level>END</level>
  <class>com.kms.katalon.core.logging.XmlKeywordLogger</class>
  <method>endKeyword</method>
  <thread>1</thread>
  <message>End action : utilities.SafeActions.safeType(findTestObject(\&amp;quot;CERTPAY_GENERICSTI/XML_Page/XML\&amp;quot;), XMLString, \&amp;quot;XMLContent\&amp;quot;, [pageLoadTime])</message>
  <nestedLevel>2</nestedLevel>
</record>
<record>
  <date>2020-02-04T14:58:47</date>
  <millis>1580808527716</millis>
  <sequence>135</sequence>
  <level>START</level>
  <class>com.kms.katalon.core.logging.XmlKeywordLogger</class>
  <method>startKeyword</method>
  <thread>1</thread>
  <message>Start action : utilities.SafeActions.safeClick(findTestObject(\&amp;quot;CERTPAY_GENERICSTI/XML_Page/SUBMIT\&amp;quot;), \&amp;quot;Submit XML\&amp;quot;, [pageLoadTime])</message>
  <nestedLevel>2</nestedLevel>
  <property name="startLine">65</property>
  <property name="stepIndex">17</property>
  <property name="description">Click on &apos;Submit XML&apos;</property>
</record>
<record>
  <date>2020-02-04T14:58:47</date>
  <millis>1580808527774</millis>
  <sequence>137</sequence>
  <level>INFO</level>
  <class>com.kms.katalon.core.logging.XmlKeywordLogger</class>
  <method>logMessage</method>
  <thread>1</thread>
  <message>safeClicking</message>
  <nestedLevel>1</nestedLevel>
</record>
<record>
  <date>2020-02-04T14:58:48</date>
  <millis>1580808528093</millis>
  <sequence>144</sequence>
  <level>PASSED</level>
  <class>com.kms.katalon.core.logging.XmlKeywordLogger</class>
  <method>logMessage</method>
  <thread>1</thread>
  <message>Object &amp;apos;Object Repository/CERTPAY_GENERICSTI/XML_Page/SUBMIT&amp;apos; is present</message>
  <nestedLevel>1</nestedLevel>
</record>
<record>
  <date>2020-02-04T14:58:48</date>
  <millis>1580808528429</millis>
  <sequence>152</sequence>
  <level>PASSED</level>
  <class>com.kms.katalon.core.logging.XmlKeywordLogger</class>
  <method>logMessage</method>
  <thread>1</thread>
  <message>Object &amp;apos;Object Repository/CERTPAY_GENERICSTI/XML_Page/SUBMIT&amp;apos; is clickable</message>
  <nestedLevel>1</nestedLevel>
</record>
<record>
  <date>2020-02-04T14:59:02</date>
  <millis>1580808542705</millis>
  <sequence>167</sequence>
  <level>PASSED</level>
  <class>com.kms.katalon.core.logging.XmlKeywordLogger</class>
  <method>logMessage</method>
  <thread>1</thread>
  <message>Object: &amp;apos;Object Repository/CERTPAY_GENERICSTI/XML_Page/SUBMIT&amp;apos; is clicked on</message>
  <nestedLevel>1</nestedLevel>
</record>
<record>
  <date>2020-02-04T14:59:02</date>
  <millis>1580808542706</millis>
  <sequence>168</sequence>
  <level>PASSED</level>
  <class>com.kms.katalon.core.logging.XmlKeywordLogger</class>
  <method>logMessage</method>
  <thread>1</thread>
  <message>GenericSTI_DifferentCardType.ts:Clicked on the Submit XML</message>
  <nestedLevel>1</nestedLevel>
</record>
<record>
  <date>2020-02-04T14:59:02</date>
  <millis>1580808542707</millis>
  <sequence>169</sequence>
  <level>END</level>
  <class>com.kms.katalon.core.logging.XmlKeywordLogger</class>
  <method>endKeyword</method>
  <thread>1</thread>
  <message>End action : utilities.SafeActions.safeClick(findTestObject(\&amp;quot;CERTPAY_GENERICSTI/XML_Page/SUBMIT\&amp;quot;), \&amp;quot;Submit XML\&amp;quot;, [pageLoadTime])</message>
  <nestedLevel>2</nestedLevel>
</record>
<record>
  <date>2020-02-04T14:59:02</date>
  <millis>1580808542708</millis>
  <sequence>170</sequence>
  <level>START</level>
  <class>com.kms.katalon.core.logging.XmlKeywordLogger</class>
  <method>startKeyword</method>
  <thread>1</thread>
  <message>Start action : if (cardType == \&amp;quot;Visa\&amp;quot;)</message>
  <nestedLevel>2</nestedLevel>
  <property name="startLine">68</property>
  <property name="stepIndex">18</property>
</record>
<record>
  <date>2020-02-04T14:59:02</date>
  <millis>1580808542709</millis>
  <sequence>171</sequence>
  <level>START</level>
  <class>com.kms.katalon.core.logging.XmlKeywordLogger</class>
  <method>startKeyword</method>
  <thread>1</thread>
  <message>Start action : utilities.SafeActions.safeClick(findTestObject(\&amp;quot;CERTPAY_GENERICSTI/Payment_Information_Page/VISA\&amp;quot;), \&amp;quot;VISA Card\&amp;quot;, [pageLoadTime])</message>
  <nestedLevel>3</nestedLevel>
  <property name="startLine">71</property>
  <property name="stepIndex">1</property>
  <property name="description">Click on &apos;VISA CARD&apos;</property>
</record>
<record>
  <date>2020-02-04T14:59:02</date>
  <millis>1580808542774</millis>
  <sequence>173</sequence>
  <level>INFO</level>
  <class>com.kms.katalon.core.logging.XmlKeywordLogger</class>
  <method>logMessage</method>
  <thread>1</thread>
  <message>safeClicking</message>
  <nestedLevel>1</nestedLevel>
</record>
<record>
  <date>2020-02-04T14:59:04</date>
  <millis>1580808544690</millis>
  <sequence>180</sequence>
  <level>PASSED</level>
  <class>com.kms.katalon.core.logging.XmlKeywordLogger</class>
  <method>logMessage</method>
  <thread>1</thread>
  <message>Object &amp;apos;Object Repository/CERTPAY_GENERICSTI/Payment_Information_Page/VISA&amp;apos; is present</message>
  <nestedLevel>1</nestedLevel>
</record>
<record>
  <date>2020-02-04T14:59:05</date>
  <millis>1580808545018</millis>
  <sequence>188</sequence>
  <level>PASSED</level>
  <class>com.kms.katalon.core.logging.XmlKeywordLogger</class>
  <method>logMessage</method>
  <thread>1</thread>
  <message>Object &amp;apos;Object Repository/CERTPAY_GENERICSTI/Payment_Information_Page/VISA&amp;apos; is clickable</message>
  <nestedLevel>1</nestedLevel>
</record>
<record>
  <date>2020-02-04T14:59:10</date>
  <millis>1580808550129</millis>
  <sequence>203</sequence>
  <level>PASSED</level>
  <class>com.kms.katalon.core.logging.XmlKeywordLogger</class>
  <method>logMessage</method>
  <thread>1</thread>
  <message>Object: &amp;apos;Object Repository/CERTPAY_GENERICSTI/Payment_Information_Page/VISA&amp;apos; is clicked on</message>
  <nestedLevel>1</nestedLevel>
</record>
<record>
  <date>2020-02-04T14:59:10</date>
  <millis>1580808550130</millis>
  <sequence>204</sequence>
  <level>PASSED</level>
  <class>com.kms.katalon.core.logging.XmlKeywordLogger</class>
  <method>logMessage</method>
  <thread>1</thread>
  <message>GenericSTI_DifferentCardType.ts:Clicked on the VISA Card</message>
  <nestedLevel>1</nestedLevel>
</record>
<record>
  <date>2020-02-04T14:59:10</date>
  <millis>1580808550131</millis>
  <sequence>205</sequence>
  <level>END</level>
  <class>com.kms.katalon.core.logging.XmlKeywordLogger</class>
  <method>endKeyword</method>
  <thread>1</thread>
  <message>End action : utilities.SafeActions.safeClick(findTestObject(\&amp;quot;CERTPAY_GENERICSTI/Payment_Information_Page/VISA\&amp;quot;), \&amp;quot;VISA Card\&amp;quot;, [pageLoadTime])</message>
  <nestedLevel>3</nestedLevel>
</record>
<record>
  <date>2020-02-04T14:59:10</date>
  <millis>1580808550131</millis>
  <sequence>206</sequence>
  <level>END</level>
  <class>com.kms.katalon.core.logging.XmlKeywordLogger</class>
  <method>endKeyword</method>
  <thread>1</thread>
  <message>End action : if (cardType == \&amp;quot;Visa\&amp;quot;)</message>
  <nestedLevel>2</nestedLevel>
</record>
<record>
  <date>2020-02-04T14:59:10</date>
  <millis>1580808550132</millis>
  <sequence>207</sequence>
  <level>START</level>
  <class>com.kms.katalon.core.logging.XmlKeywordLogger</class>
  <method>startKeyword</method>
  <thread>1</thread>
  <message>Start action : utilities.SafeActions.safeType(findTestObject(\&amp;quot;CERTPAY_GENERICSTI/Payment_Information_Page/COMMENTS\&amp;quot;), \&amp;quot;Testing\&amp;quot;, \&amp;quot;Comments\&amp;quot;, [pageLoadTime])</message>
  <nestedLevel>2</nestedLevel>
  <property name="startLine">91</property>
  <property name="stepIndex">22</property>
  <property name="description">Enter Comments</property>
</record>
<record>
  <date>2020-02-04T14:59:10</date>
  <millis>1580808550535</millis>
  <sequence>215</sequence>
  <level>PASSED</level>
  <class>com.kms.katalon.core.logging.XmlKeywordLogger</class>
  <method>logMessage</method>
  <thread>1</thread>
  <message>Object &amp;apos;Object Repository/CERTPAY_GENERICSTI/Payment_Information_Page/COMMENTS&amp;apos; is present</message>
  <nestedLevel>1</nestedLevel>
</record>
<record>
  <date>2020-02-04T14:59:10</date>
  <millis>1580808550935</millis>
  <sequence>222</sequence>
  <level>PASSED</level>
  <class>com.kms.katalon.core.logging.XmlKeywordLogger</class>
  <method>logMessage</method>
  <thread>1</thread>
  <message>Object &amp;apos;Object Repository/CERTPAY_GENERICSTI/Payment_Information_Page/COMMENTS&amp;apos; is visible</message>
  <nestedLevel>1</nestedLevel>
</record>
<record>
  <date>2020-02-04T14:59:11</date>
  <millis>1580808551236</millis>
  <sequence>229</sequence>
  <level>PASSED</level>
  <class>com.kms.katalon.core.logging.XmlKeywordLogger</class>
  <method>logMessage</method>
  <thread>1</thread>
  <message>Object &amp;apos;Object Repository/CERTPAY_GENERICSTI/Payment_Information_Page/COMMENTS&amp;apos; is present</message>
  <nestedLevel>1</nestedLevel>
</record>
<record>
  <date>2020-02-04T14:59:12</date>
  <millis>1580808552657</millis>
  <sequence>244</sequence>
  <level>PASSED</level>
  <class>com.kms.katalon.core.logging.XmlKeywordLogger</class>
  <method>logMessage</method>
  <thread>1</thread>
  <message>Text &amp;apos;Testing&amp;apos; is set on object &amp;apos;Object Repository/CERTPAY_GENERICSTI/Payment_Information_Page/COMMENTS&amp;apos;</message>
  <nestedLevel>1</nestedLevel>
</record>
<record>
  <date>2020-02-04T14:59:12</date>
  <millis>1580808552658</millis>
  <sequence>245</sequence>
  <level>PASSED</level>
  <class>com.kms.katalon.core.logging.XmlKeywordLogger</class>
  <method>logMessage</method>
  <thread>1</thread>
  <message>GenericSTI_DifferentCardType.ts:Entered&amp;apos;Testing into Comments</message>
  <nestedLevel>1</nestedLevel>
</record>
<record>
  <date>2020-02-04T14:59:12</date>
  <millis>1580808552658</millis>
  <sequence>246</sequence>
  <level>END</level>
  <class>com.kms.katalon.core.logging.XmlKeywordLogger</class>
  <method>endKeyword</method>
  <thread>1</thread>
  <message>End action : utilities.SafeActions.safeType(findTestObject(\&amp;quot;CERTPAY_GENERICSTI/Payment_Information_Page/COMMENTS\&amp;quot;), \&amp;quot;Testing\&amp;quot;, \&amp;quot;Comments\&amp;quot;, [pageLoadTime])</message>
  <nestedLevel>2</nestedLevel>
</record>
<record>
  <date>2020-02-04T14:59:12</date>
  <millis>1580808552658</millis>
  <sequence>247</sequence>
  <level>START</level>
  <class>com.kms.katalon.core.logging.XmlKeywordLogger</class>
  <method>startKeyword</method>
  <thread>1</thread>
  <message>Start action : CardNumber = pages.Genericsti.setUserPaymentDetails(cardNum)</message>
  <nestedLevel>2</nestedLevel>
  <property name="startLine">96</property>
  <property name="stepIndex">23</property>
  <property name="description">Enter card number</property>
</record>
<record>
  <date>2020-02-04T14:59:13</date>
  <millis>1580808553068</millis>
  <sequence>255</sequence>
  <level>PASSED</level>
  <class>com.kms.katalon.core.logging.XmlKeywordLogger</class>
  <method>logMessage</method>
  <thread>1</thread>
  <message>Object &amp;apos;Object Repository/CERTPAY_GENERICSTI/Payment_Information_Page/CARD_NUMBER&amp;apos; is present</message>
  <nestedLevel>1</nestedLevel>
</record>
<record>
  <date>2020-02-04T14:59:13</date>
  <millis>1580808553423</millis>
  <sequence>262</sequence>
  <level>PASSED</level>
  <class>com.kms.katalon.core.logging.XmlKeywordLogger</class>
  <method>logMessage</method>
  <thread>1</thread>
  <message>Object &amp;apos;Object Repository/CERTPAY_GENERICSTI/Payment_Information_Page/CARD_NUMBER&amp;apos; is visible</message>
  <nestedLevel>1</nestedLevel>
</record>
<record>
  <date>2020-02-04T14:59:13</date>
  <millis>1580808553718</millis>
  <sequence>269</sequence>
  <level>PASSED</level>
  <class>com.kms.katalon.core.logging.XmlKeywordLogger</class>
  <method>logMessage</method>
  <thread>1</thread>
  <message>Object &amp;apos;Object Repository/CERTPAY_GENERICSTI/Payment_Information_Page/CARD_NUMBER&amp;apos; is present</message>
  <nestedLevel>1</nestedLevel>
</record>
<record>
  <date>2020-02-04T14:59:15</date>
  <millis>1580808555196</millis>
  <sequence>284</sequence>
  <level>PASSED</level>
  <class>com.kms.katalon.core.logging.XmlKeywordLogger</class>
  <method>logMessage</method>
  <thread>1</thread>
  <message>Text &amp;apos;4111111111111111&amp;apos; is set on object &amp;apos;Object Repository/CERTPAY_GENERICSTI/Payment_Information_Page/CARD_NUMBER&amp;apos;</message>
  <nestedLevel>1</nestedLevel>
</record>
<record>
  <date>2020-02-04T14:59:15</date>
  <millis>1580808555197</millis>
  <sequence>285</sequence>
  <level>PASSED</level>
  <class>com.kms.katalon.core.logging.XmlKeywordLogger</class>
  <method>logMessage</method>
  <thread>1</thread>
  <message>GenericSTI_DifferentCardType.ts:Entered&amp;apos;4111111111111111 into CardNum</message>
  <nestedLevel>1</nestedLevel>
</record>
<record>
  <date>2020-02-04T14:59:15</date>
  <millis>1580808555197</millis>
  <sequence>286</sequence>
  <level>END</level>
  <class>com.kms.katalon.core.logging.XmlKeywordLogger</class>
  <method>endKeyword</method>
  <thread>1</thread>
  <message>End action : CardNumber = pages.Genericsti.setUserPaymentDetails(cardNum)</message>
  <nestedLevel>2</nestedLevel>
</record>
<record>
  <date>2020-02-04T14:59:15</date>
  <millis>1580808555198</millis>
  <sequence>287</sequence>
  <level>START</level>
  <class>com.kms.katalon.core.logging.XmlKeywordLogger</class>
  <method>startKeyword</method>
  <thread>1</thread>
  <message>Start action : pages.Genericsti.setExpDate(expMonth, expYear, securityCode)</message>
  <nestedLevel>2</nestedLevel>
  <property name="startLine">99</property>
  <property name="stepIndex">24</property>
  <property name="description">ENter exp date,security code</property>
</record>
<record>
  <date>2020-02-04T14:59:15</date>
  <millis>1580808555670</millis>
  <sequence>296</sequence>
  <level>PASSED</level>
  <class>com.kms.katalon.core.logging.XmlKeywordLogger</class>
  <method>logMessage</method>
  <thread>1</thread>
  <message>Object &amp;apos;Object Repository/CERTPAY_GENERICSTI/Payment_Information_Page/EXP_MONTH&amp;apos; is visible</message>
  <nestedLevel>1</nestedLevel>
</record>
<record>
  <date>2020-02-04T14:59:15</date>
  <millis>1580808555959</millis>
  <sequence>303</sequence>
  <level>PASSED</level>
  <class>com.kms.katalon.core.logging.XmlKeywordLogger</class>
  <method>logMessage</method>
  <thread>1</thread>
  <message>Object &amp;apos;Object Repository/CERTPAY_GENERICSTI/Payment_Information_Page/EXP_MONTH&amp;apos; is present</message>
  <nestedLevel>1</nestedLevel>
</record>
<record>
  <date>2020-02-04T14:59:17</date>
  <millis>1580808557311</millis>
  <sequence>318</sequence>
  <level>PASSED</level>
  <class>com.kms.katalon.core.logging.XmlKeywordLogger</class>
  <method>logMessage</method>
  <thread>1</thread>
  <message>Object: &amp;apos;Object Repository/CERTPAY_GENERICSTI/Payment_Information_Page/EXP_MONTH&amp;apos; is clicked on</message>
  <nestedLevel>1</nestedLevel>
</record>
<record>
  <date>2020-02-04T14:59:18</date>
  <millis>1580808558934</millis>
  <sequence>330</sequence>
  <level>PASSED</level>
  <class>com.kms.katalon.core.logging.XmlKeywordLogger</class>
  <method>logMessage</method>
  <thread>1</thread>
  <message>All options with label &amp;apos;3&amp;apos; are selected in object &amp;apos;Object Repository/CERTPAY_GENERICSTI/Payment_Information_Page/EXP_MONTH&amp;apos;  using regular expression</message>
  <nestedLevel>1</nestedLevel>
</record>
<record>
  <date>2020-02-04T14:59:18</date>
  <millis>1580808558935</millis>
  <sequence>331</sequence>
  <level>PASSED</level>
  <class>com.kms.katalon.core.logging.XmlKeywordLogger</class>
  <method>logMessage</method>
  <thread>1</thread>
  <message>selected dropdown option by visible text  3from expMonth</message>
  <nestedLevel>1</nestedLevel>
</record>
<record>
  <date>2020-02-04T14:59:19</date>
  <millis>1580808559322</millis>
  <sequence>340</sequence>
  <level>PASSED</level>
  <class>com.kms.katalon.core.logging.XmlKeywordLogger</class>
  <method>logMessage</method>
  <thread>1</thread>
  <message>Object &amp;apos;Object Repository/CERTPAY_GENERICSTI/Payment_Information_Page/EXP_YEAR&amp;apos; is visible</message>
  <nestedLevel>1</nestedLevel>
</record>
<record>
  <date>2020-02-04T14:59:19</date>
  <millis>1580808559613</millis>
  <sequence>347</sequence>
  <level>PASSED</level>
  <class>com.kms.katalon.core.logging.XmlKeywordLogger</class>
  <method>logMessage</method>
  <thread>1</thread>
  <message>Object &amp;apos;Object Repository/CERTPAY_GENERICSTI/Payment_Information_Page/EXP_YEAR&amp;apos; is present</message>
  <nestedLevel>1</nestedLevel>
</record>
<record>
  <date>2020-02-04T14:59:20</date>
  <millis>1580808560942</millis>
  <sequence>362</sequence>
  <level>PASSED</level>
  <class>com.kms.katalon.core.logging.XmlKeywordLogger</class>
  <method>logMessage</method>
  <thread>1</thread>
  <message>Object: &amp;apos;Object Repository/CERTPAY_GENERICSTI/Payment_Information_Page/EXP_YEAR&amp;apos; is clicked on</message>
  <nestedLevel>1</nestedLevel>
</record>
<record>
  <date>2020-02-04T14:59:22</date>
  <millis>1580808562424</millis>
  <sequence>374</sequence>
  <level>PASSED</level>
  <class>com.kms.katalon.core.logging.XmlKeywordLogger</class>
  <method>logMessage</method>
  <thread>1</thread>
  <message>All options with label &amp;apos;2022&amp;apos; are selected in object &amp;apos;Object Repository/CERTPAY_GENERICSTI/Payment_Information_Page/EXP_YEAR&amp;apos;  using regular expression</message>
  <nestedLevel>1</nestedLevel>
</record>
<record>
  <date>2020-02-04T14:59:22</date>
  <millis>1580808562424</millis>
  <sequence>375</sequence>
  <level>PASSED</level>
  <class>com.kms.katalon.core.logging.XmlKeywordLogger</class>
  <method>logMessage</method>
  <thread>1</thread>
  <message>selected dropdown option by visible text  2022from  expYear</message>
  <nestedLevel>1</nestedLevel>
</record>
<record>
  <date>2020-02-04T14:59:22</date>
  <millis>1580808562794</millis>
  <sequence>383</sequence>
  <level>PASSED</level>
  <class>com.kms.katalon.core.logging.XmlKeywordLogger</class>
  <method>logMessage</method>
  <thread>1</thread>
  <message>Object &amp;apos;Object Repository/CERTPAY_GENERICSTI/Payment_Information_Page/SECURITY_CODE&amp;apos; is present</message>
  <nestedLevel>1</nestedLevel>
</record>
<record>
  <date>2020-02-04T14:59:23</date>
  <millis>1580808563145</millis>
  <sequence>390</sequence>
  <level>PASSED</level>
  <class>com.kms.katalon.core.logging.XmlKeywordLogger</class>
  <method>logMessage</method>
  <thread>1</thread>
  <message>Object &amp;apos;Object Repository/CERTPAY_GENERICSTI/Payment_Information_Page/SECURITY_CODE&amp;apos; is visible</message>
  <nestedLevel>1</nestedLevel>
</record>
<record>
  <date>2020-02-04T14:59:23</date>
  <millis>1580808563439</millis>
  <sequence>397</sequence>
  <level>PASSED</level>
  <class>com.kms.katalon.core.logging.XmlKeywordLogger</class>
  <method>logMessage</method>
  <thread>1</thread>
  <message>Object &amp;apos;Object Repository/CERTPAY_GENERICSTI/Payment_Information_Page/SECURITY_CODE&amp;apos; is present</message>
  <nestedLevel>1</nestedLevel>
</record>
<record>
  <date>2020-02-04T14:59:24</date>
  <millis>1580808564847</millis>
  <sequence>412</sequence>
  <level>PASSED</level>
  <class>com.kms.katalon.core.logging.XmlKeywordLogger</class>
  <method>logMessage</method>
  <thread>1</thread>
  <message>Text &amp;apos;207&amp;apos; is set on object &amp;apos;Object Repository/CERTPAY_GENERICSTI/Payment_Information_Page/SECURITY_CODE&amp;apos;</message>
  <nestedLevel>1</nestedLevel>
</record>
<record>
  <date>2020-02-04T14:59:24</date>
  <millis>1580808564848</millis>
  <sequence>413</sequence>
  <level>PASSED</level>
  <class>com.kms.katalon.core.logging.XmlKeywordLogger</class>
  <method>logMessage</method>
  <thread>1</thread>
  <message>GenericSTI_DifferentCardType.ts:Entered&amp;apos;207 into securityCode</message>
  <nestedLevel>1</nestedLevel>
</record>
<record>
  <date>2020-02-04T14:59:24</date>
  <millis>1580808564849</millis>
  <sequence>414</sequence>
  <level>END</level>
  <class>com.kms.katalon.core.logging.XmlKeywordLogger</class>
  <method>endKeyword</method>
  <thread>1</thread>
  <message>End action : pages.Genericsti.setExpDate(expMonth, expYear, securityCode)</message>
  <nestedLevel>2</nestedLevel>
</record>
<record>
  <date>2020-02-04T14:59:24</date>
  <millis>1580808564849</millis>
  <sequence>415</sequence>
  <level>START</level>
  <class>com.kms.katalon.core.logging.XmlKeywordLogger</class>
  <method>startKeyword</method>
  <thread>1</thread>
  <message>Start action : utilities.SafeActions.safeClick(findTestObject(\&amp;quot;CERTPAY_GENERICSTI/Payment_Information_Page/NEXT\&amp;quot;), \&amp;quot;Next\&amp;quot;, [pageLoadTime])</message>
  <nestedLevel>2</nestedLevel>
  <property name="startLine">102</property>
  <property name="stepIndex">25</property>
  <property name="description">Click on &apos;Next&apos;</property>
</record>
<record>
  <date>2020-02-04T14:59:24</date>
  <millis>1580808564910</millis>
  <sequence>417</sequence>
  <level>INFO</level>
  <class>com.kms.katalon.core.logging.XmlKeywordLogger</class>
  <method>logMessage</method>
  <thread>1</thread>
  <message>safeClicking</message>
  <nestedLevel>1</nestedLevel>
</record>
<record>
  <date>2020-02-04T14:59:25</date>
  <millis>1580808565218</millis>
  <sequence>424</sequence>
  <level>PASSED</level>
  <class>com.kms.katalon.core.logging.XmlKeywordLogger</class>
  <method>logMessage</method>
  <thread>1</thread>
  <message>Object &amp;apos;Object Repository/CERTPAY_GENERICSTI/Payment_Information_Page/NEXT&amp;apos; is present</message>
  <nestedLevel>1</nestedLevel>
</record>
<record>
  <date>2020-02-04T14:59:25</date>
  <millis>1580808565540</millis>
  <sequence>432</sequence>
  <level>PASSED</level>
  <class>com.kms.katalon.core.logging.XmlKeywordLogger</class>
  <method>logMessage</method>
  <thread>1</thread>
  <message>Object &amp;apos;Object Repository/CERTPAY_GENERICSTI/Payment_Information_Page/NEXT&amp;apos; is clickable</message>
  <nestedLevel>1</nestedLevel>
</record>
<record>
  <date>2020-02-04T14:59:31</date>
  <millis>1580808571093</millis>
  <sequence>447</sequence>
  <level>PASSED</level>
  <class>com.kms.katalon.core.logging.XmlKeywordLogger</class>
  <method>logMessage</method>
  <thread>1</thread>
  <message>Object: &amp;apos;Object Repository/CERTPAY_GENERICSTI/Payment_Information_Page/NEXT&amp;apos; is clicked on</message>
  <nestedLevel>1</nestedLevel>
</record>
<record>
  <date>2020-02-04T14:59:31</date>
  <millis>1580808571094</millis>
  <sequence>448</sequence>
  <level>PASSED</level>
  <class>com.kms.katalon.core.logging.XmlKeywordLogger</class>
  <method>logMessage</method>
  <thread>1</thread>
  <message>GenericSTI_DifferentCardType.ts:Clicked on the Next</message>
  <nestedLevel>1</nestedLevel>
</record>
<record>
  <date>2020-02-04T14:59:31</date>
  <millis>1580808571097</millis>
  <sequence>449</sequence>
  <level>END</level>
  <class>com.kms.katalon.core.logging.XmlKeywordLogger</class>
  <method>endKeyword</method>
  <thread>1</thread>
  <message>End action : utilities.SafeActions.safeClick(findTestObject(\&amp;quot;CERTPAY_GENERICSTI/Payment_Information_Page/NEXT\&amp;quot;), \&amp;quot;Next\&amp;quot;, [pageLoadTime])</message>
  <nestedLevel>2</nestedLevel>
</record>
<record>
  <date>2020-02-04T14:59:31</date>
  <millis>1580808571097</millis>
  <sequence>450</sequence>
  <level>START</level>
  <class>com.kms.katalon.core.logging.XmlKeywordLogger</class>
  <method>startKeyword</method>
  <thread>1</thread>
  <message>Start action : utilities.SafeActions.safeClick(findTestObject(\&amp;quot;CERTPAY_GENERICSTI/Review_Payment_Page/PROCESS_PAYMENT\&amp;quot;), \&amp;quot;Process payment\&amp;quot;, [pageLoadTime])</message>
  <nestedLevel>2</nestedLevel>
  <property name="startLine">106</property>
  <property name="stepIndex">26</property>
  <property name="description">Click on &apos;Process Payment&apos;</property>
</record>
<record>
  <date>2020-02-04T14:59:31</date>
  <millis>1580808571241</millis>
  <sequence>452</sequence>
  <level>INFO</level>
  <class>com.kms.katalon.core.logging.XmlKeywordLogger</class>
  <method>logMessage</method>
  <thread>1</thread>
  <message>safeClicking</message>
  <nestedLevel>1</nestedLevel>
</record>
<record>
  <date>2020-02-04T14:59:31</date>
  <millis>1580808571407</millis>
  <sequence>459</sequence>
  <level>WARNING</level>
  <class>com.kms.katalon.core.logging.XmlKeywordLogger</class>
  <method>logMessage</method>
  <thread>1</thread>
  <message>Cannot take screenshot</message>
  <nestedLevel>1</nestedLevel>
  <property name="failed.exception.class">org.openqa.selenium.NoSuchWindowException</property>
  <property name="failed.exception.stacktrace">org.openqa.selenium.NoSuchWindowException: no such window: target window already closed\nfrom unknown error: web view not found\n  (Session info: chrome=79.0.3945.130)\nBuild info: version: &apos;3.141.59&apos;, revision: &apos;e82be7d358&apos;, time: &apos;2018-11-14T08:25:53&apos;\nSystem info: host: &apos;SYS8&apos;, ip: &apos;172.31.252.142&apos;, os.name: &apos;Windows 10&apos;, os.arch: &apos;x86&apos;, os.version: &apos;10.0&apos;, java.version: &apos;1.8.0_181&apos;\nDriver info: com.kms.katalon.selenium.driver.CChromeDriver\nCapabilities {acceptInsecureCerts: false, browserName: chrome, browserVersion: 79.0.3945.130, chrome: {chromedriverVersion: 78.0.3904.105 (60e2d8774a81..., userDataDir: C:\\Users\\admin\\AppData\\Loca...}, goog:chromeOptions: {debuggerAddress: localhost:51338}, javascriptEnabled: true, networkConnectionEnabled: false, pageLoadStrategy: normal, platform: XP, platformName: XP, proxy: Proxy(), setWindowRect: true, strictFileInteractability: false, timeouts: {implicit: 0, pageLoad: 300000, script: 30000}, unhandledPromptBehavior: dismiss and notify}\nSession ID: c5a4648274125027835c10f5965cf2a6\r\n\tat org.openqa.selenium.remote.http.W3CHttpResponseCodec.createException(W3CHttpResponseCodec.java:187)\r\n\tat org.openqa.selenium.remote.http.W3CHttpResponseCodec.decode(W3CHttpResponseCodec.java:122)\r\n\tat org.openqa.selenium.remote.http.W3CHttpResponseCodec.decode(W3CHttpResponseCodec.java:49)\r\n\tat org.openqa.selenium.remote.HttpCommandExecutor.execute(HttpCommandExecutor.java:158)\r\n\tat org.openqa.selenium.remote.service.DriverCommandExecutor.execute(DriverCommandExecutor.java:83)\r\n\tat org.openqa.selenium.remote.RemoteWebDriver.execute(RemoteWebDriver.java:552)\r\n\tat com.kms.katalon.selenium.driver.CChromeDriver.execute(CChromeDriver.java:19)\r\n\tat org.openqa.selenium.remote.RemoteWebDriver.execute(RemoteWebDriver.java:609)\r\n\tat org.openqa.selenium.remote.RemoteWebDriver.getScreenshotAs(RemoteWebDriver.java:295)\r\n\tat org.openqa.selenium.support.events.EventFiringWebDriver.lambda$new$1(EventFiringWebDriver.java:105)\r\n\tat com.sun.proxy.$Proxy9.getScreenshotAs(Unknown Source)\r\n\tat org.openqa.selenium.support.events.EventFiringWebDriver.getScreenshotAs(EventFiringWebDriver.java:302)\r\n\tat com.kms.katalon.core.webui.helper.screenshot.WebUIScreenCaptor.take(WebUIScreenCaptor.java:26)\r\n\tat com.kms.katalon.core.helper.screenshot.ScreenCaptor.takeScreenshotAndGetAttributes(ScreenCaptor.java:37)\r\n\tat com.kms.katalon.core.webui.keyword.internal.WebUIKeywordMain.stepFailed(WebUIKeywordMain.groovy:64)\r\n\tat com.kms.katalon.core.webui.keyword.internal.WebUIKeywordMain.runKeyword(WebUIKeywordMain.groovy:26)\r\n\tat com.kms.katalon.core.webui.keyword.builtin.VerifyElementPresentKeyword.verifyElementPresent(VerifyElementPresentKeyword.groovy:92)\r\n\tat com.kms.katalon.core.webui.keyword.builtin.VerifyElementPresentKeyword.execute(VerifyElementPresentKeyword.groovy:68)\r\n\tat com.kms.katalon.core.keyword.internal.KeywordExecutor.executeKeywordForPlatform(KeywordExecutor.groovy:72)\r\n\tat com.kms.katalon.core.webui.keyword.WebUiBuiltInKeywords.verifyElementPresent(WebUiBuiltInKeywords.groovy:1434)\r\n\tat com.kms.katalon.core.webui.keyword.WebUiBuiltInKeywords$verifyElementPresent$1.call(Unknown Source)\r\n\tat utilities.SafeActions.safeClick(SafeActions.groovy:153)\r\n\tat utilities.SafeActions.invokeMethod(SafeActions.groovy)\r\n\tat com.kms.katalon.core.main.CustomKeywordDelegatingMetaClass.invokeStaticMethod(CustomKeywordDelegatingMetaClass.java:50)\r\n\tat TC_001_SingleLinePayments.run(TC_001_SingleLinePayments:107)\r\n\tat com.kms.katalon.core.main.ScriptEngine.run(ScriptEngine.java:194)\r\n\tat com.kms.katalon.core.main.ScriptEngine.runScriptAsRawText(ScriptEngine.java:119)\r\n\tat com.kms.katalon.core.main.TestCaseExecutor.runScript(TestCaseExecutor.java:337)\r\n\tat com.kms.katalon.core.main.TestCaseExecutor.doExecute(TestCaseExecutor.java:328)\r\n\tat com.kms.katalon.core.main.TestCaseExecutor.processExecutionPhase(TestCaseExecutor.java:307)\r\n\tat com.kms.katalon.core.main.TestCaseExecutor.accessMainPhase(TestCaseExecutor.java:299)\r\n\tat com.kms.katalon.core.main.TestCaseExecutor.execute(TestCaseExecutor.java:233)\r\n\tat com.kms.katalon.core.main.TestSuiteExecutor.accessTestCaseMainPhase(TestSuiteExecutor.java:169)\r\n\tat com.kms.katalon.core.main.TestSuiteExecutor.accessTestSuiteMainPhase(TestSuiteExecutor.java:142)\r\n\tat com.kms.katalon.core.main.TestSuiteExecutor.execute(TestSuiteExecutor.java:91)\r\n\tat com.kms.katalon.core.main.TestCaseMain.startTestSuite(TestCaseMain.java:157)\r\n\tat com.kms.katalon.core.main.TestCaseMain$startTestSuite$0.call(Unknown Source)\r\n\tat TempTestSuite1580808491106.run(TempTestSuite1580808491106.groovy:36)\r\n</property>
  <property name="failed.exception.message">no such window: target window already closed\nfrom unknown error: web view not found\n  (Session info: chrome=79.0.3945.130)\nBuild info: version: &apos;3.141.59&apos;, revision: &apos;e82be7d358&apos;, time: &apos;2018-11-14T08:25:53&apos;\nSystem info: host: &apos;SYS8&apos;, ip: &apos;172.31.252.142&apos;, os.name: &apos;Windows 10&apos;, os.arch: &apos;x86&apos;, os.version: &apos;10.0&apos;, java.version: &apos;1.8.0_181&apos;\nDriver info: com.kms.katalon.selenium.driver.CChromeDriver\nCapabilities {acceptInsecureCerts: false, browserName: chrome, browserVersion: 79.0.3945.130, chrome: {chromedriverVersion: 78.0.3904.105 (60e2d8774a81..., userDataDir: C:\\Users\\admin\\AppData\\Loca...}, goog:chromeOptions: {debuggerAddress: localhost:51338}, javascriptEnabled: true, networkConnectionEnabled: false, pageLoadStrategy: normal, platform: XP, platformName: XP, proxy: Proxy(), setWindowRect: true, strictFileInteractability: false, timeouts: {implicit: 0, pageLoad: 300000, script: 30000}, unhandledPromptBehavior: dismiss and notify}\nSession ID: c5a4648274125027835c10f5965cf2a6</property>
</record>
<record>
  <date>2020-02-04T14:59:31</date>
  <millis>1580808571421</millis>
  <sequence>463</sequence>
  <level>FAILED</level>
  <class>com.kms.katalon.core.logging.XmlKeywordLogger</class>
  <method>logMessage</method>
  <thread>1</thread>
  <message>Unable to verify object &amp;apos;Object Repository/CERTPAY_GENERICSTI/Review_Payment_Page/PROCESS_PAYMENT&amp;apos; is present (Root cause: com.kms.katalon.core.exception.StepFailedException: Unable to verify object &amp;apos;Object Repository/CERTPAY_GENERICSTI/Review_Payment_Page/PROCESS_PAYMENT&amp;apos; is present\r\n\tat com.kms.katalon.core.webui.keyword.internal.WebUIKeywordMain.stepFailed(WebUIKeywordMain.groovy:64)\r\n\tat com.kms.katalon.core.webui.keyword.internal.WebUIKeywordMain.runKeyword(WebUIKeywordMain.groovy:26)\r\n\tat com.kms.katalon.core.webui.keyword.builtin.VerifyElementPresentKeyword.verifyElementPresent(VerifyElementPresentKeyword.groovy:92)\r\n\tat com.kms.katalon.core.webui.keyword.builtin.VerifyElementPresentKeyword.execute(VerifyElementPresentKeyword.groovy:68)\r\n\tat com.kms.katalon.core.keyword.internal.KeywordExecutor.executeKeywordForPlatform(KeywordExecutor.groovy:72)\r\n\tat com.kms.katalon.core.webui.keyword.WebUiBuiltInKeywords.verifyElementPresent(WebUiBuiltInKeywords.groovy:1434)\r\n\tat com.kms.katalon.core.webui.keyword.WebUiBuiltInKeywords$verifyElementPresent$1.call(Unknown Source)\r\n\tat utilities.SafeActions.safeClick(SafeActions.groovy:153)\r\n\tat utilities.SafeActions.invokeMethod(SafeActions.groovy)\r\n\tat com.kms.katalon.core.main.CustomKeywordDelegatingMetaClass.invokeStaticMethod(CustomKeywordDelegatingMetaClass.java:50)\r\n\tat TC_001_SingleLinePayments.run(TC_001_SingleLinePayments:107)\r\n\tat com.kms.katalon.core.main.ScriptEngine.run(ScriptEngine.java:194)\r\n\tat com.kms.katalon.core.main.ScriptEngine.runScriptAsRawText(ScriptEngine.java:119)\r\n\tat com.kms.katalon.core.main.TestCaseExecutor.runScript(TestCaseExecutor.java:337)\r\n\tat com.kms.katalon.core.main.TestCaseExecutor.doExecute(TestCaseExecutor.java:328)\r\n\tat com.kms.katalon.core.main.TestCaseExecutor.processExecutionPhase(TestCaseExecutor.java:307)\r\n\tat com.kms.katalon.core.main.TestCaseExecutor.accessMainPhase(TestCaseExecutor.java:299)\r\n\tat com.kms.katalon.core.main.TestCaseExecutor.execute(TestCaseExecutor.java:233)\r\n\tat com.kms.katalon.core.main.TestSuiteExecutor.accessTestCaseMainPhase(TestSuiteExecutor.java:169)\r\n\tat com.kms.katalon.core.main.TestSuiteExecutor.accessTestSuiteMainPhase(TestSuiteExecutor.java:142)\r\n\tat com.kms.katalon.core.main.TestSuiteExecutor.execute(TestSuiteExecutor.java:91)\r\n\tat com.kms.katalon.core.main.TestCaseMain.startTestSuite(TestCaseMain.java:157)\r\n\tat com.kms.katalon.core.main.TestCaseMain$startTestSuite$0.call(Unknown Source)\r\n\tat TempTestSuite1580808491106.run(TempTestSuite1580808491106.groovy:36)\r\nCaused by: org.openqa.selenium.NoSuchWindowException: no such window: target window already closed\nfrom unknown error: web view not found\n  (Session info: chrome=79.0.3945.130)\nBuild info: version: &amp;apos;3.141.59&amp;apos;, revision: &amp;apos;e82be7d358&amp;apos;, time: &amp;apos;2018-11-14T08:25:53&amp;apos;\nSystem info: host: &amp;apos;SYS8&amp;apos;, ip: &amp;apos;172.31.252.142&amp;apos;, os.name: &amp;apos;Windows 10&amp;apos;, os.arch: &amp;apos;x86&amp;apos;, os.version: &amp;apos;10.0&amp;apos;, java.version: &amp;apos;1.8.0_181&amp;apos;\nDriver info: com.kms.katalon.selenium.driver.CChromeDriver\nCapabilities {acceptInsecureCerts: false, browserName: chrome, browserVersion: 79.0.3945.130, chrome: {chromedriverVersion: 78.0.3904.105 (60e2d8774a81..., userDataDir: C:\\Users\\admin\\AppData\\Loca...}, goog:chromeOptions: {debuggerAddress: localhost:51338}, javascriptEnabled: true, networkConnectionEnabled: false, pageLoadStrategy: normal, platform: XP, platformName: XP, proxy: Proxy(), setWindowRect: true, strictFileInteractability: false, timeouts: {implicit: 0, pageLoad: 300000, script: 30000}, unhandledPromptBehavior: dismiss and notify}\nSession ID: c5a4648274125027835c10f5965cf2a6\n*** Element info: {Using=xpath, value=//*[@id=\&amp;quot;staticNavigationContent\&amp;quot;]/div/div[1]/button}\r\n\tat org.openqa.selenium.remote.http.W3CHttpResponseCodec.createException(W3CHttpResponseCodec.java:187)\r\n\tat org.openqa.selenium.remote.http.W3CHttpResponseCodec.decode(W3CHttpResponseCodec.java:122)\r\n\tat org.openqa.selenium.remote.http.W3CHttpResponseCodec.decode(W3CHttpResponseCodec.java:49)\r\n\tat org.openqa.selenium.remote.HttpCommandExecutor.execute(HttpCommandExecutor.java:158)\r\n\tat org.openqa.selenium.remote.service.DriverCommandExecutor.execute(DriverCommandExecutor.java:83)\r\n\tat org.openqa.selenium.remote.RemoteWebDriver.execute(RemoteWebDriver.java:552)\r\n\tat com.kms.katalon.selenium.driver.CChromeDriver.execute(CChromeDriver.java:19)\r\n\tat org.openqa.selenium.remote.RemoteWebDriver.findElements(RemoteWebDriver.java:353)\r\n\tat org.openqa.selenium.remote.RemoteWebDriver.findElementsByXPath(RemoteWebDriver.java:432)\r\n\tat org.openqa.selenium.By$ByXPath.findElements(By.java:348)\r\n\tat org.openqa.selenium.remote.RemoteWebDriver.findElements(RemoteWebDriver.java:311)\r\n\tat org.openqa.selenium.support.events.EventFiringWebDriver.lambda$new$1(EventFiringWebDriver.java:105)\r\n\tat com.sun.proxy.$Proxy9.findElements(Unknown Source)\r\n\tat org.openqa.selenium.support.events.EventFiringWebDriver.findElements(EventFiringWebDriver.java:182)\r\n\tat com.kms.katalon.core.webui.common.WebUiCommonHelper.findWebElements(WebUiCommonHelper.java:789)\r\n\tat com.kms.katalon.core.webui.common.WebUiCommonHelper.findWebElement(WebUiCommonHelper.java:1150)\r\n\tat com.kms.katalon.core.webui.keyword.internal.WebUIAbstractKeyword.findWebElement(WebUIAbstractKeyword.groovy:27)\r\n\tat com.kms.katalon.core.webui.keyword.builtin.VerifyElementPresentKeyword$_verifyElementPresent_closure1.doCall(VerifyElementPresentKeyword.groovy:79)\r\n\tat com.kms.katalon.core.webui.keyword.builtin.VerifyElementPresentKeyword$_verifyElementPresent_closure1.call(VerifyElementPresentKeyword.groovy)\r\n\tat com.kms.katalon.core.webui.keyword.internal.WebUIKeywordMain.runKeyword(WebUIKeywordMain.groovy:20)\r\n\tat com.kms.katalon.core.webui.keyword.builtin.VerifyElementPresentKeyword.verifyElementPresent(VerifyElementPresentKeyword.groovy:92)\r\n\tat com.kms.katalon.core.webui.keyword.builtin.VerifyElementPresentKeyword.execute(VerifyElementPresentKeyword.groovy:68)\r\n\tat com.kms.katalon.core.keyword.internal.KeywordExecutor.executeKeywordForPlatform(KeywordExecutor.groovy:72)\r\n\tat com.kms.katalon.core.webui.keyword.WebUiBuiltInKeywords.verifyElementPresent(WebUiBuiltInKeywords.groovy:1434)\r\n\tat com.kms.katalon.core.webui.keyword.WebUiBuiltInKeywords$verifyElementPresent$1.call(Unknown Source)\r\n\tat utilities.SafeActions.safeClick(SafeActions.groovy:153)\r\n\tat utilities.SafeActions.invokeMethod(SafeActions.groovy)\r\n\tat com.kms.katalon.core.main.CustomKeywordDelegatingMetaClass.invokeStaticMethod(CustomKeywordDelegatingMetaClass.java:50)\r\n\tat Script1580798501942.run(Script1580798501942.groovy:107)\r\n\t... 13 more\r\n)</message>
  <nestedLevel>1</nestedLevel>
  <property name="failed.exception.class">org.openqa.selenium.NoSuchWindowException</property>
  <property name="failed.exception.stacktrace">org.openqa.selenium.NoSuchWindowException: no such window: target window already closed\nfrom unknown error: web view not found\n  (Session info: chrome=79.0.3945.130)\nBuild info: version: &apos;3.141.59&apos;, revision: &apos;e82be7d358&apos;, time: &apos;2018-11-14T08:25:53&apos;\nSystem info: host: &apos;SYS8&apos;, ip: &apos;172.31.252.142&apos;, os.name: &apos;Windows 10&apos;, os.arch: &apos;x86&apos;, os.version: &apos;10.0&apos;, java.version: &apos;1.8.0_181&apos;\nDriver info: com.kms.katalon.selenium.driver.CChromeDriver\nCapabilities {acceptInsecureCerts: false, browserName: chrome, browserVersion: 79.0.3945.130, chrome: {chromedriverVersion: 78.0.3904.105 (60e2d8774a81..., userDataDir: C:\\Users\\admin\\AppData\\Loca...}, goog:chromeOptions: {debuggerAddress: localhost:51338}, javascriptEnabled: true, networkConnectionEnabled: false, pageLoadStrategy: normal, platform: XP, platformName: XP, proxy: Proxy(), setWindowRect: true, strictFileInteractability: false, timeouts: {implicit: 0, pageLoad: 300000, script: 30000}, unhandledPromptBehavior: dismiss and notify}\nSession ID: c5a4648274125027835c10f5965cf2a6\n*** Element info: {Using=xpath, value=//*[@id=\&quot;staticNavigationContent\&quot;]/div/div[1]/button}\r\n\tat org.openqa.selenium.remote.http.W3CHttpResponseCodec.createException(W3CHttpResponseCodec.java:187)\r\n\tat org.openqa.selenium.remote.http.W3CHttpResponseCodec.decode(W3CHttpResponseCodec.java:122)\r\n\tat org.openqa.selenium.remote.http.W3CHttpResponseCodec.decode(W3CHttpResponseCodec.java:49)\r\n\tat org.openqa.selenium.remote.HttpCommandExecutor.execute(HttpCommandExecutor.java:158)\r\n\tat org.openqa.selenium.remote.service.DriverCommandExecutor.execute(DriverCommandExecutor.java:83)\r\n\tat org.openqa.selenium.remote.RemoteWebDriver.execute(RemoteWebDriver.java:552)\r\n\tat com.kms.katalon.selenium.driver.CChromeDriver.execute(CChromeDriver.java:19)\r\n\tat org.openqa.selenium.remote.RemoteWebDriver.findElements(RemoteWebDriver.java:353)\r\n\tat org.openqa.selenium.remote.RemoteWebDriver.findElementsByXPath(RemoteWebDriver.java:432)\r\n\tat org.openqa.selenium.By$ByXPath.findElements(By.java:348)\r\n\tat org.openqa.selenium.remote.RemoteWebDriver.findElements(RemoteWebDriver.java:311)\r\n\tat org.openqa.selenium.support.events.EventFiringWebDriver.lambda$new$1(EventFiringWebDriver.java:105)\r\n\tat com.sun.proxy.$Proxy9.findElements(Unknown Source)\r\n\tat org.openqa.selenium.support.events.EventFiringWebDriver.findElements(EventFiringWebDriver.java:182)\r\n\tat com.kms.katalon.core.webui.common.WebUiCommonHelper.findWebElements(WebUiCommonHelper.java:789)\r\n\tat com.kms.katalon.core.webui.common.WebUiCommonHelper.findWebElement(WebUiCommonHelper.java:1150)\r\n\tat com.kms.katalon.core.webui.keyword.internal.WebUIAbstractKeyword.findWebElement(WebUIAbstractKeyword.groovy:27)\r\n\tat com.kms.katalon.core.webui.keyword.builtin.VerifyElementPresentKeyword$_verifyElementPresent_closure1.doCall(VerifyElementPresentKeyword.groovy:79)\r\n\tat com.kms.katalon.core.webui.keyword.builtin.VerifyElementPresentKeyword$_verifyElementPresent_closure1.call(VerifyElementPresentKeyword.groovy)\r\n\tat com.kms.katalon.core.webui.keyword.internal.WebUIKeywordMain.runKeyword(WebUIKeywordMain.groovy:20)\r\n\tat com.kms.katalon.core.webui.keyword.builtin.VerifyElementPresentKeyword.verifyElementPresent(VerifyElementPresentKeyword.groovy:92)\r\n\tat com.kms.katalon.core.webui.keyword.builtin.VerifyElementPresentKeyword.execute(VerifyElementPresentKeyword.groovy:68)\r\n\tat com.kms.katalon.core.keyword.internal.KeywordExecutor.executeKeywordForPlatform(KeywordExecutor.groovy:72)\r\n\tat com.kms.katalon.core.webui.keyword.WebUiBuiltInKeywords.verifyElementPresent(WebUiBuiltInKeywords.groovy:1434)\r\n\tat com.kms.katalon.core.webui.keyword.WebUiBuiltInKeywords$verifyElementPresent$1.call(Unknown Source)\r\n\tat utilities.SafeActions.safeClick(SafeActions.groovy:153)\r\n\tat utilities.SafeActions.invokeMethod(SafeActions.groovy)\r\n\tat com.kms.katalon.core.main.CustomKeywordDelegatingMetaClass.invokeStaticMethod(CustomKeywordDelegatingMetaClass.java:50)\r\n\tat TC_001_SingleLinePayments.run(TC_001_SingleLinePayments:107)\r\n\tat com.kms.katalon.core.main.ScriptEngine.run(ScriptEngine.java:194)\r\n\tat com.kms.katalon.core.main.ScriptEngine.runScriptAsRawText(ScriptEngine.java:119)\r\n\tat com.kms.katalon.core.main.TestCaseExecutor.runScript(TestCaseExecutor.java:337)\r\n\tat com.kms.katalon.core.main.TestCaseExecutor.doExecute(TestCaseExecutor.java:328)\r\n\tat com.kms.katalon.core.main.TestCaseExecutor.processExecutionPhase(TestCaseExecutor.java:307)\r\n\tat com.kms.katalon.core.main.TestCaseExecutor.accessMainPhase(TestCaseExecutor.java:299)\r\n\tat com.kms.katalon.core.main.TestCaseExecutor.execute(TestCaseExecutor.java:233)\r\n\tat com.kms.katalon.core.main.TestSuiteExecutor.accessTestCaseMainPhase(TestSuiteExecutor.java:169)\r\n\tat com.kms.katalon.core.main.TestSuiteExecutor.accessTestSuiteMainPhase(TestSuiteExecutor.java:142)\r\n\tat com.kms.katalon.core.main.TestSuiteExecutor.execute(TestSuiteExecutor.java:91)\r\n\tat com.kms.katalon.core.main.TestCaseMain.startTestSuite(TestCaseMain.java:157)\r\n\tat com.kms.katalon.core.main.TestCaseMain$startTestSuite$0.call(Unknown Source)\r\n\tat TempTestSuite1580808491106.run(TempTestSuite1580808491106.groovy:36)\r\n</property>
  <property name="failed.exception.message">no such window: target window already closed\nfrom unknown error: web view not found\n  (Session info: chrome=79.0.3945.130)\nBuild info: version: &apos;3.141.59&apos;, revision: &apos;e82be7d358&apos;, time: &apos;2018-11-14T08:25:53&apos;\nSystem info: host: &apos;SYS8&apos;, ip: &apos;172.31.252.142&apos;, os.name: &apos;Windows 10&apos;, os.arch: &apos;x86&apos;, os.version: &apos;10.0&apos;, java.version: &apos;1.8.0_181&apos;\nDriver info: com.kms.katalon.selenium.driver.CChromeDriver\nCapabilities {acceptInsecureCerts: false, browserName: chrome, browserVersion: 79.0.3945.130, chrome: {chromedriverVersion: 78.0.3904.105 (60e2d8774a81..., userDataDir: C:\\Users\\admin\\AppData\\Loca...}, goog:chromeOptions: {debuggerAddress: localhost:51338}, javascriptEnabled: true, networkConnectionEnabled: false, pageLoadStrategy: normal, platform: XP, platformName: XP, proxy: Proxy(), setWindowRect: true, strictFileInteractability: false, timeouts: {implicit: 0, pageLoad: 300000, script: 30000}, unhandledPromptBehavior: dismiss and notify}\nSession ID: c5a4648274125027835c10f5965cf2a6\n*** Element info: {Using=xpath, value=//*[@id=\&quot;staticNavigationContent\&quot;]/div/div[1]/button}</property>
</record>
<record>
  <date>2020-02-04T14:59:31</date>
  <millis>1580808571426</millis>
  <sequence>464</sequence>
  <level>FAILED</level>
  <class>com.kms.katalon.core.logging.XmlKeywordLogger</class>
  <method>logMessage</method>
  <thread>1</thread>
  <message>GenericSTI_DifferentCardType.ts:Process paymentis not attached to page document in time 60 No such element Exception</message>
  <nestedLevel>1</nestedLevel>
</record>
<record>
  <date>2020-02-04T14:59:31</date>
  <millis>1580808571428</millis>
  <sequence>465</sequence>
  <level>FAILED</level>
  <class>com.kms.katalon.core.logging.XmlKeywordLogger</class>
  <method>logMessage</method>
  <thread>1</thread>
  <message>com.kms.katalon.core.exception.StepFailedException: GenericSTI_DifferentCardType.ts:Process paymentis not attached to page document in time 60 No such element Exception</message>
  <exception>
    <message>com.kms.katalon.core.exception.StepFailedException: GenericSTI_DifferentCardType.ts:Process paymentis not attached to page document in time 60 No such element Exception</message>
    <frame>
      <class>com.kms.katalon.core.util.KeywordUtil</class>
      <method>markFailed</method>
      <line>19</line>
    </frame>
    <frame>
      <class>com.kms.katalon.core.util.KeywordUtil$markFailed$1</class>
      <method>call</method>
    </frame>
    <frame>
      <class>utilities.SafeActions</class>
      <method>safeClick</method>
      <line>167</line>
    </frame>
    <frame>
      <class>utilities.SafeActions</class>
      <method>invokeMethod</method>
    </frame>
    <frame>
      <class>com.kms.katalon.core.main.CustomKeywordDelegatingMetaClass</class>
      <method>invokeStaticMethod</method>
      <line>50</line>
    </frame>
    <frame>
      <class>TC_001_SingleLinePayments</class>
      <method>run</method>
      <line>107</line>
    </frame>
    <frame>
      <class>com.kms.katalon.core.main.ScriptEngine</class>
      <method>run</method>
      <line>194</line>
    </frame>
    <frame>
      <class>com.kms.katalon.core.main.ScriptEngine</class>
      <method>runScriptAsRawText</method>
      <line>119</line>
    </frame>
    <frame>
      <class>com.kms.katalon.core.main.TestCaseExecutor</class>
      <method>runScript</method>
      <line>337</line>
    </frame>
    <frame>
      <class>com.kms.katalon.core.main.TestCaseExecutor</class>
      <method>doExecute</method>
      <line>328</line>
    </frame>
    <frame>
      <class>com.kms.katalon.core.main.TestCaseExecutor</class>
      <method>processExecutionPhase</method>
      <line>307</line>
    </frame>
    <frame>
      <class>com.kms.katalon.core.main.TestCaseExecutor</class>
      <method>accessMainPhase</method>
      <line>299</line>
    </frame>
    <frame>
      <class>com.kms.katalon.core.main.TestCaseExecutor</class>
      <method>execute</method>
      <line>233</line>
    </frame>
    <frame>
      <class>com.kms.katalon.core.main.TestSuiteExecutor</class>
      <method>accessTestCaseMainPhase</method>
      <line>169</line>
    </frame>
    <frame>
      <class>com.kms.katalon.core.main.TestSuiteExecutor</class>
      <method>accessTestSuiteMainPhase</method>
      <line>142</line>
    </frame>
    <frame>
      <class>com.kms.katalon.core.main.TestSuiteExecutor</class>
      <method>execute</method>
      <line>91</line>
    </frame>
    <frame>
      <class>com.kms.katalon.core.main.TestCaseMain</class>
      <method>startTestSuite</method>
      <line>157</line>
    </frame>
    <frame>
      <class>com.kms.katalon.core.main.TestCaseMain$startTestSuite$0</class>
      <method>call</method>
    </frame>
    <frame>
      <class>TempTestSuite1580808491106</class>
      <method>run</method>
      <line>36</line>
    </frame>
  </exception>
  <nestedLevel>0</nestedLevel>
  <property name="failed.exception.stacktrace">com.kms.katalon.core.exception.StepFailedException: GenericSTI_DifferentCardType.ts:Process paymentis not attached to page document in time 60 No such element Exception\r\n\tat com.kms.katalon.core.util.KeywordUtil.markFailed(KeywordUtil.java:19)\r\n\tat com.kms.katalon.core.util.KeywordUtil$markFailed$1.call(Unknown Source)\r\n\tat utilities.SafeActions.safeClick(SafeActions.groovy:167)\r\n\tat utilities.SafeActions.invokeMethod(SafeActions.groovy)\r\n\tat com.kms.katalon.core.main.CustomKeywordDelegatingMetaClass.invokeStaticMethod(CustomKeywordDelegatingMetaClass.java:50)\r\n\tat TC_001_SingleLinePayments.run(TC_001_SingleLinePayments:107)\r\n\tat com.kms.katalon.core.main.ScriptEngine.run(ScriptEngine.java:194)\r\n\tat com.kms.katalon.core.main.ScriptEngine.runScriptAsRawText(ScriptEngine.java:119)\r\n\tat com.kms.katalon.core.main.TestCaseExecutor.runScript(TestCaseExecutor.java:337)\r\n\tat com.kms.katalon.core.main.TestCaseExecutor.doExecute(TestCaseExecutor.java:328)\r\n\tat com.kms.katalon.core.main.TestCaseExecutor.processExecutionPhase(TestCaseExecutor.java:307)\r\n\tat com.kms.katalon.core.main.TestCaseExecutor.accessMainPhase(TestCaseExecutor.java:299)\r\n\tat com.kms.katalon.core.main.TestCaseExecutor.execute(TestCaseExecutor.java:233)\r\n\tat com.kms.katalon.core.main.TestSuiteExecutor.accessTestCaseMainPhase(TestSuiteExecutor.java:169)\r\n\tat com.kms.katalon.core.main.TestSuiteExecutor.accessTestSuiteMainPhase(TestSuiteExecutor.java:142)\r\n\tat com.kms.katalon.core.main.TestSuiteExecutor.execute(TestSuiteExecutor.java:91)\r\n\tat com.kms.katalon.core.main.TestCaseMain.startTestSuite(TestCaseMain.java:157)\r\n\tat com.kms.katalon.core.main.TestCaseMain$startTestSuite$0.call(Unknown Source)\r\n\tat TempTestSuite1580808491106.run(TempTestSuite1580808491106.groovy:36)\r\n</property>
  <property name="failed.exception.class">com.kms.katalon.core.exception.StepFailedException</property>
  <property name="failed.exception.message">GenericSTI_DifferentCardType.ts:Process paymentis not attached to page document in time 60 No such element Exception</property>
</record>
<record>
  <date>2020-02-04T14:59:31</date>
  <millis>1580808571431</millis>
  <sequence>467</sequence>
  <level>END</level>
  <class>com.kms.katalon.core.logging.XmlKeywordLogger</class>
  <method>endKeyword</method>
  <thread>1</thread>
  <message>End action : utilities.SafeActions.safeClick(findTestObject(\&amp;quot;CERTPAY_GENERICSTI/Review_Payment_Page/PROCESS_PAYMENT\&amp;quot;), \&amp;quot;Process payment\&amp;quot;, [pageLoadTime])</message>
  <nestedLevel>2</nestedLevel>
</record>
<record>
  <date>2020-02-04T14:59:31</date>
  <millis>1580808571432</millis>
  <sequence>468</sequence>
  <level>START</level>
  <class>com.kms.katalon.core.logging.XmlKeywordLogger</class>
  <method>startKeyword</method>
  <thread>1</thread>
  <message>Start action : utilities.SafeActions.safeClick(findTestObject(\&amp;quot;CERTPAY_GENERICSTI/Confirm_Payment_Page/CONFIRM_YES\&amp;quot;), \&amp;quot;Process payment\&amp;quot;, [pageLoadTime])</message>
  <nestedLevel>2</nestedLevel>
  <property name="startLine">111</property>
  <property name="stepIndex">27</property>
  <property name="description">Click on &apos;Confirm Payment&apos;</property>
</record>
<record>
  <date>2020-02-04T14:59:31</date>
  <millis>1580808571503</millis>
  <sequence>470</sequence>
  <level>INFO</level>
  <class>com.kms.katalon.core.logging.XmlKeywordLogger</class>
  <method>logMessage</method>
  <thread>1</thread>
  <message>safeClicking</message>
  <nestedLevel>1</nestedLevel>
</record>
<record>
  <date>2020-02-04T14:59:31</date>
  <millis>1580808571552</millis>
  <sequence>477</sequence>
  <level>WARNING</level>
  <class>com.kms.katalon.core.logging.XmlKeywordLogger</class>
  <method>logMessage</method>
  <thread>1</thread>
  <message>Cannot take screenshot</message>
  <nestedLevel>1</nestedLevel>
  <property name="failed.exception.class">org.openqa.selenium.NoSuchWindowException</property>
  <property name="failed.exception.stacktrace">org.openqa.selenium.NoSuchWindowException: no such window: target window already closed\nfrom unknown error: web view not found\n  (Session info: chrome=79.0.3945.130)\nBuild info: version: &apos;3.141.59&apos;, revision: &apos;e82be7d358&apos;, time: &apos;2018-11-14T08:25:53&apos;\nSystem info: host: &apos;SYS8&apos;, ip: &apos;172.31.252.142&apos;, os.name: &apos;Windows 10&apos;, os.arch: &apos;x86&apos;, os.version: &apos;10.0&apos;, java.version: &apos;1.8.0_181&apos;\nDriver info: com.kms.katalon.selenium.driver.CChromeDriver\nCapabilities {acceptInsecureCerts: false, browserName: chrome, browserVersion: 79.0.3945.130, chrome: {chromedriverVersion: 78.0.3904.105 (60e2d8774a81..., userDataDir: C:\\Users\\admin\\AppData\\Loca...}, goog:chromeOptions: {debuggerAddress: localhost:51338}, javascriptEnabled: true, networkConnectionEnabled: false, pageLoadStrategy: normal, platform: XP, platformName: XP, proxy: Proxy(), setWindowRect: true, strictFileInteractability: false, timeouts: {implicit: 0, pageLoad: 300000, script: 30000}, unhandledPromptBehavior: dismiss and notify}\nSession ID: c5a4648274125027835c10f5965cf2a6\r\n\tat org.openqa.selenium.remote.http.W3CHttpResponseCodec.createException(W3CHttpResponseCodec.java:187)\r\n\tat org.openqa.selenium.remote.http.W3CHttpResponseCodec.decode(W3CHttpResponseCodec.java:122)\r\n\tat org.openqa.selenium.remote.http.W3CHttpResponseCodec.decode(W3CHttpResponseCodec.java:49)\r\n\tat org.openqa.selenium.remote.HttpCommandExecutor.execute(HttpCommandExecutor.java:158)\r\n\tat org.openqa.selenium.remote.service.DriverCommandExecutor.execute(DriverCommandExecutor.java:83)\r\n\tat org.openqa.selenium.remote.RemoteWebDriver.execute(RemoteWebDriver.java:552)\r\n\tat com.kms.katalon.selenium.driver.CChromeDriver.execute(CChromeDriver.java:19)\r\n\tat org.openqa.selenium.remote.RemoteWebDriver.execute(RemoteWebDriver.java:609)\r\n\tat org.openqa.selenium.remote.RemoteWebDriver.getScreenshotAs(RemoteWebDriver.java:295)\r\n\tat org.openqa.selenium.support.events.EventFiringWebDriver.lambda$new$1(EventFiringWebDriver.java:105)\r\n\tat com.sun.proxy.$Proxy9.getScreenshotAs(Unknown Source)\r\n\tat org.openqa.selenium.support.events.EventFiringWebDriver.getScreenshotAs(EventFiringWebDriver.java:302)\r\n\tat com.kms.katalon.core.webui.helper.screenshot.WebUIScreenCaptor.take(WebUIScreenCaptor.java:26)\r\n\tat com.kms.katalon.core.helper.screenshot.ScreenCaptor.takeScreenshotAndGetAttributes(ScreenCaptor.java:37)\r\n\tat com.kms.katalon.core.webui.keyword.internal.WebUIKeywordMain.stepFailed(WebUIKeywordMain.groovy:64)\r\n\tat com.kms.katalon.core.webui.keyword.internal.WebUIKeywordMain.runKeyword(WebUIKeywordMain.groovy:26)\r\n\tat com.kms.katalon.core.webui.keyword.builtin.VerifyElementPresentKeyword.verifyElementPresent(VerifyElementPresentKeyword.groovy:92)\r\n\tat com.kms.katalon.core.webui.keyword.builtin.VerifyElementPresentKeyword.execute(VerifyElementPresentKeyword.groovy:68)\r\n\tat com.kms.katalon.core.keyword.internal.KeywordExecutor.executeKeywordForPlatform(KeywordExecutor.groovy:72)\r\n\tat com.kms.katalon.core.webui.keyword.WebUiBuiltInKeywords.verifyElementPresent(WebUiBuiltInKeywords.groovy:1434)\r\n\tat com.kms.katalon.core.webui.keyword.WebUiBuiltInKeywords$verifyElementPresent$1.call(Unknown Source)\r\n\tat utilities.SafeActions.safeClick(SafeActions.groovy:153)\r\n\tat utilities.SafeActions.invokeMethod(SafeActions.groovy)\r\n\tat com.kms.katalon.core.main.CustomKeywordDelegatingMetaClass.invokeStaticMethod(CustomKeywordDelegatingMetaClass.java:50)\r\n\tat TC_001_SingleLinePayments.run(TC_001_SingleLinePayments:112)\r\n\tat com.kms.katalon.core.main.ScriptEngine.run(ScriptEngine.java:194)\r\n\tat com.kms.katalon.core.main.ScriptEngine.runScriptAsRawText(ScriptEngine.java:119)\r\n\tat com.kms.katalon.core.main.TestCaseExecutor.runScript(TestCaseExecutor.java:337)\r\n\tat com.kms.katalon.core.main.TestCaseExecutor.doExecute(TestCaseExecutor.java:328)\r\n\tat com.kms.katalon.core.main.TestCaseExecutor.processExecutionPhase(TestCaseExecutor.java:307)\r\n\tat com.kms.katalon.core.main.TestCaseExecutor.accessMainPhase(TestCaseExecutor.java:299)\r\n\tat com.kms.katalon.core.main.TestCaseExecutor.execute(TestCaseExecutor.java:233)\r\n\tat com.kms.katalon.core.main.TestSuiteExecutor.accessTestCaseMainPhase(TestSuiteExecutor.java:169)\r\n\tat com.kms.katalon.core.main.TestSuiteExecutor.accessTestSuiteMainPhase(TestSuiteExecutor.java:142)\r\n\tat com.kms.katalon.core.main.TestSuiteExecutor.execute(TestSuiteExecutor.java:91)\r\n\tat com.kms.katalon.core.main.TestCaseMain.startTestSuite(TestCaseMain.java:157)\r\n\tat com.kms.katalon.core.main.TestCaseMain$startTestSuite$0.call(Unknown Source)\r\n\tat TempTestSuite1580808491106.run(TempTestSuite1580808491106.groovy:36)\r\n</property>
  <property name="failed.exception.message">no such window: target window already closed\nfrom unknown error: web view not found\n  (Session info: chrome=79.0.3945.130)\nBuild info: version: &apos;3.141.59&apos;, revision: &apos;e82be7d358&apos;, time: &apos;2018-11-14T08:25:53&apos;\nSystem info: host: &apos;SYS8&apos;, ip: &apos;172.31.252.142&apos;, os.name: &apos;Windows 10&apos;, os.arch: &apos;x86&apos;, os.version: &apos;10.0&apos;, java.version: &apos;1.8.0_181&apos;\nDriver info: com.kms.katalon.selenium.driver.CChromeDriver\nCapabilities {acceptInsecureCerts: false, browserName: chrome, browserVersion: 79.0.3945.130, chrome: {chromedriverVersion: 78.0.3904.105 (60e2d8774a81..., userDataDir: C:\\Users\\admin\\AppData\\Loca...}, goog:chromeOptions: {debuggerAddress: localhost:51338}, javascriptEnabled: true, networkConnectionEnabled: false, pageLoadStrategy: normal, platform: XP, platformName: XP, proxy: Proxy(), setWindowRect: true, strictFileInteractability: false, timeouts: {implicit: 0, pageLoad: 300000, script: 30000}, unhandledPromptBehavior: dismiss and notify}\nSession ID: c5a4648274125027835c10f5965cf2a6</property>
</record>
<record>
  <date>2020-02-04T14:59:31</date>
  <millis>1580808571558</millis>
  <sequence>481</sequence>
  <level>FAILED</level>
  <class>com.kms.katalon.core.logging.XmlKeywordLogger</class>
  <method>logMessage</method>
  <thread>1</thread>
  <message>Unable to verify object &amp;apos;Object Repository/CERTPAY_GENERICSTI/Confirm_Payment_Page/CONFIRM_YES&amp;apos; is present (Root cause: com.kms.katalon.core.exception.StepFailedException: Unable to verify object &amp;apos;Object Repository/CERTPAY_GENERICSTI/Confirm_Payment_Page/CONFIRM_YES&amp;apos; is present\r\n\tat com.kms.katalon.core.webui.keyword.internal.WebUIKeywordMain.stepFailed(WebUIKeywordMain.groovy:64)\r\n\tat com.kms.katalon.core.webui.keyword.internal.WebUIKeywordMain.runKeyword(WebUIKeywordMain.groovy:26)\r\n\tat com.kms.katalon.core.webui.keyword.builtin.VerifyElementPresentKeyword.verifyElementPresent(VerifyElementPresentKeyword.groovy:92)\r\n\tat com.kms.katalon.core.webui.keyword.builtin.VerifyElementPresentKeyword.execute(VerifyElementPresentKeyword.groovy:68)\r\n\tat com.kms.katalon.core.keyword.internal.KeywordExecutor.executeKeywordForPlatform(KeywordExecutor.groovy:72)\r\n\tat com.kms.katalon.core.webui.keyword.WebUiBuiltInKeywords.verifyElementPresent(WebUiBuiltInKeywords.groovy:1434)\r\n\tat com.kms.katalon.core.webui.keyword.WebUiBuiltInKeywords$verifyElementPresent$1.call(Unknown Source)\r\n\tat utilities.SafeActions.safeClick(SafeActions.groovy:153)\r\n\tat utilities.SafeActions.invokeMethod(SafeActions.groovy)\r\n\tat com.kms.katalon.core.main.CustomKeywordDelegatingMetaClass.invokeStaticMethod(CustomKeywordDelegatingMetaClass.java:50)\r\n\tat TC_001_SingleLinePayments.run(TC_001_SingleLinePayments:112)\r\n\tat com.kms.katalon.core.main.ScriptEngine.run(ScriptEngine.java:194)\r\n\tat com.kms.katalon.core.main.ScriptEngine.runScriptAsRawText(ScriptEngine.java:119)\r\n\tat com.kms.katalon.core.main.TestCaseExecutor.runScript(TestCaseExecutor.java:337)\r\n\tat com.kms.katalon.core.main.TestCaseExecutor.doExecute(TestCaseExecutor.java:328)\r\n\tat com.kms.katalon.core.main.TestCaseExecutor.processExecutionPhase(TestCaseExecutor.java:307)\r\n\tat com.kms.katalon.core.main.TestCaseExecutor.accessMainPhase(TestCaseExecutor.java:299)\r\n\tat com.kms.katalon.core.main.TestCaseExecutor.execute(TestCaseExecutor.java:233)\r\n\tat com.kms.katalon.core.main.TestSuiteExecutor.accessTestCaseMainPhase(TestSuiteExecutor.java:169)\r\n\tat com.kms.katalon.core.main.TestSuiteExecutor.accessTestSuiteMainPhase(TestSuiteExecutor.java:142)\r\n\tat com.kms.katalon.core.main.TestSuiteExecutor.execute(TestSuiteExecutor.java:91)\r\n\tat com.kms.katalon.core.main.TestCaseMain.startTestSuite(TestCaseMain.java:157)\r\n\tat com.kms.katalon.core.main.TestCaseMain$startTestSuite$0.call(Unknown Source)\r\n\tat TempTestSuite1580808491106.run(TempTestSuite1580808491106.groovy:36)\r\nCaused by: org.openqa.selenium.NoSuchWindowException: no such window: target window already closed\nfrom unknown error: web view not found\n  (Session info: chrome=79.0.3945.130)\nBuild info: version: &amp;apos;3.141.59&amp;apos;, revision: &amp;apos;e82be7d358&amp;apos;, time: &amp;apos;2018-11-14T08:25:53&amp;apos;\nSystem info: host: &amp;apos;SYS8&amp;apos;, ip: &amp;apos;172.31.252.142&amp;apos;, os.name: &amp;apos;Windows 10&amp;apos;, os.arch: &amp;apos;x86&amp;apos;, os.version: &amp;apos;10.0&amp;apos;, java.version: &amp;apos;1.8.0_181&amp;apos;\nDriver info: com.kms.katalon.selenium.driver.CChromeDriver\nCapabilities {acceptInsecureCerts: false, browserName: chrome, browserVersion: 79.0.3945.130, chrome: {chromedriverVersion: 78.0.3904.105 (60e2d8774a81..., userDataDir: C:\\Users\\admin\\AppData\\Loca...}, goog:chromeOptions: {debuggerAddress: localhost:51338}, javascriptEnabled: true, networkConnectionEnabled: false, pageLoadStrategy: normal, platform: XP, platformName: XP, proxy: Proxy(), setWindowRect: true, strictFileInteractability: false, timeouts: {implicit: 0, pageLoad: 300000, script: 30000}, unhandledPromptBehavior: dismiss and notify}\nSession ID: c5a4648274125027835c10f5965cf2a6\n*** Element info: {Using=xpath, value=//*[@id=\&amp;quot;process\&amp;quot;]}\r\n\tat org.openqa.selenium.remote.http.W3CHttpResponseCodec.createException(W3CHttpResponseCodec.java:187)\r\n\tat org.openqa.selenium.remote.http.W3CHttpResponseCodec.decode(W3CHttpResponseCodec.java:122)\r\n\tat org.openqa.selenium.remote.http.W3CHttpResponseCodec.decode(W3CHttpResponseCodec.java:49)\r\n\tat org.openqa.selenium.remote.HttpCommandExecutor.execute(HttpCommandExecutor.java:158)\r\n\tat org.openqa.selenium.remote.service.DriverCommandExecutor.execute(DriverCommandExecutor.java:83)\r\n\tat org.openqa.selenium.remote.RemoteWebDriver.execute(RemoteWebDriver.java:552)\r\n\tat com.kms.katalon.selenium.driver.CChromeDriver.execute(CChromeDriver.java:19)\r\n\tat org.openqa.selenium.remote.RemoteWebDriver.findElements(RemoteWebDriver.java:353)\r\n\tat org.openqa.selenium.remote.RemoteWebDriver.findElementsByXPath(RemoteWebDriver.java:432)\r\n\tat org.openqa.selenium.By$ByXPath.findElements(By.java:348)\r\n\tat org.openqa.selenium.remote.RemoteWebDriver.findElements(RemoteWebDriver.java:311)\r\n\tat org.openqa.selenium.support.events.EventFiringWebDriver.lambda$new$1(EventFiringWebDriver.java:105)\r\n\tat com.sun.proxy.$Proxy9.findElements(Unknown Source)\r\n\tat org.openqa.selenium.support.events.EventFiringWebDriver.findElements(EventFiringWebDriver.java:182)\r\n\tat com.kms.katalon.core.webui.common.WebUiCommonHelper.findWebElements(WebUiCommonHelper.java:789)\r\n\tat com.kms.katalon.core.webui.common.WebUiCommonHelper.findWebElement(WebUiCommonHelper.java:1150)\r\n\tat com.kms.katalon.core.webui.keyword.internal.WebUIAbstractKeyword.findWebElement(WebUIAbstractKeyword.groovy:27)\r\n\tat com.kms.katalon.core.webui.keyword.builtin.VerifyElementPresentKeyword$_verifyElementPresent_closure1.doCall(VerifyElementPresentKeyword.groovy:79)\r\n\tat com.kms.katalon.core.webui.keyword.builtin.VerifyElementPresentKeyword$_verifyElementPresent_closure1.call(VerifyElementPresentKeyword.groovy)\r\n\tat com.kms.katalon.core.webui.keyword.internal.WebUIKeywordMain.runKeyword(WebUIKeywordMain.groovy:20)\r\n\tat com.kms.katalon.core.webui.keyword.builtin.VerifyElementPresentKeyword.verifyElementPresent(VerifyElementPresentKeyword.groovy:92)\r\n\tat com.kms.katalon.core.webui.keyword.builtin.VerifyElementPresentKeyword.execute(VerifyElementPresentKeyword.groovy:68)\r\n\tat com.kms.katalon.core.keyword.internal.KeywordExecutor.executeKeywordForPlatform(KeywordExecutor.groovy:72)\r\n\tat com.kms.katalon.core.webui.keyword.WebUiBuiltInKeywords.verifyElementPresent(WebUiBuiltInKeywords.groovy:1434)\r\n\tat com.kms.katalon.core.webui.keyword.WebUiBuiltInKeywords$verifyElementPresent$1.call(Unknown Source)\r\n\tat utilities.SafeActions.safeClick(SafeActions.groovy:153)\r\n\tat utilities.SafeActions.invokeMethod(SafeActions.groovy)\r\n\tat com.kms.katalon.core.main.CustomKeywordDelegatingMetaClass.invokeStaticMethod(CustomKeywordDelegatingMetaClass.java:50)\r\n\tat Script1580798501942.run(Script1580798501942.groovy:112)\r\n\t... 13 more\r\n)</message>
  <nestedLevel>1</nestedLevel>
  <property name="failed.exception.class">org.openqa.selenium.NoSuchWindowException</property>
  <property name="failed.exception.stacktrace">org.openqa.selenium.NoSuchWindowException: no such window: target window already closed\nfrom unknown error: web view not found\n  (Session info: chrome=79.0.3945.130)\nBuild info: version: &apos;3.141.59&apos;, revision: &apos;e82be7d358&apos;, time: &apos;2018-11-14T08:25:53&apos;\nSystem info: host: &apos;SYS8&apos;, ip: &apos;172.31.252.142&apos;, os.name: &apos;Windows 10&apos;, os.arch: &apos;x86&apos;, os.version: &apos;10.0&apos;, java.version: &apos;1.8.0_181&apos;\nDriver info: com.kms.katalon.selenium.driver.CChromeDriver\nCapabilities {acceptInsecureCerts: false, browserName: chrome, browserVersion: 79.0.3945.130, chrome: {chromedriverVersion: 78.0.3904.105 (60e2d8774a81..., userDataDir: C:\\Users\\admin\\AppData\\Loca...}, goog:chromeOptions: {debuggerAddress: localhost:51338}, javascriptEnabled: true, networkConnectionEnabled: false, pageLoadStrategy: normal, platform: XP, platformName: XP, proxy: Proxy(), setWindowRect: true, strictFileInteractability: false, timeouts: {implicit: 0, pageLoad: 300000, script: 30000}, unhandledPromptBehavior: dismiss and notify}\nSession ID: c5a4648274125027835c10f5965cf2a6\n*** Element info: {Using=xpath, value=//*[@id=\&quot;process\&quot;]}\r\n\tat org.openqa.selenium.remote.http.W3CHttpResponseCodec.createException(W3CHttpResponseCodec.java:187)\r\n\tat org.openqa.selenium.remote.http.W3CHttpResponseCodec.decode(W3CHttpResponseCodec.java:122)\r\n\tat org.openqa.selenium.remote.http.W3CHttpResponseCodec.decode(W3CHttpResponseCodec.java:49)\r\n\tat org.openqa.selenium.remote.HttpCommandExecutor.execute(HttpCommandExecutor.java:158)\r\n\tat org.openqa.selenium.remote.service.DriverCommandExecutor.execute(DriverCommandExecutor.java:83)\r\n\tat org.openqa.selenium.remote.RemoteWebDriver.execute(RemoteWebDriver.java:552)\r\n\tat com.kms.katalon.selenium.driver.CChromeDriver.execute(CChromeDriver.java:19)\r\n\tat org.openqa.selenium.remote.RemoteWebDriver.findElements(RemoteWebDriver.java:353)\r\n\tat org.openqa.selenium.remote.RemoteWebDriver.findElementsByXPath(RemoteWebDriver.java:432)\r\n\tat org.openqa.selenium.By$ByXPath.findElements(By.java:348)\r\n\tat org.openqa.selenium.remote.RemoteWebDriver.findElements(RemoteWebDriver.java:311)\r\n\tat org.openqa.selenium.support.events.EventFiringWebDriver.lambda$new$1(EventFiringWebDriver.java:105)\r\n\tat com.sun.proxy.$Proxy9.findElements(Unknown Source)\r\n\tat org.openqa.selenium.support.events.EventFiringWebDriver.findElements(EventFiringWebDriver.java:182)\r\n\tat com.kms.katalon.core.webui.common.WebUiCommonHelper.findWebElements(WebUiCommonHelper.java:789)\r\n\tat com.kms.katalon.core.webui.common.WebUiCommonHelper.findWebElement(WebUiCommonHelper.java:1150)\r\n\tat com.kms.katalon.core.webui.keyword.internal.WebUIAbstractKeyword.findWebElement(WebUIAbstractKeyword.groovy:27)\r\n\tat com.kms.katalon.core.webui.keyword.builtin.VerifyElementPresentKeyword$_verifyElementPresent_closure1.doCall(VerifyElementPresentKeyword.groovy:79)\r\n\tat com.kms.katalon.core.webui.keyword.builtin.VerifyElementPresentKeyword$_verifyElementPresent_closure1.call(VerifyElementPresentKeyword.groovy)\r\n\tat com.kms.katalon.core.webui.keyword.internal.WebUIKeywordMain.runKeyword(WebUIKeywordMain.groovy:20)\r\n\tat com.kms.katalon.core.webui.keyword.builtin.VerifyElementPresentKeyword.verifyElementPresent(VerifyElementPresentKeyword.groovy:92)\r\n\tat com.kms.katalon.core.webui.keyword.builtin.VerifyElementPresentKeyword.execute(VerifyElementPresentKeyword.groovy:68)\r\n\tat com.kms.katalon.core.keyword.internal.KeywordExecutor.executeKeywordForPlatform(KeywordExecutor.groovy:72)\r\n\tat com.kms.katalon.core.webui.keyword.WebUiBuiltInKeywords.verifyElementPresent(WebUiBuiltInKeywords.groovy:1434)\r\n\tat com.kms.katalon.core.webui.keyword.WebUiBuiltInKeywords$verifyElementPresent$1.call(Unknown Source)\r\n\tat utilities.SafeActions.safeClick(SafeActions.groovy:153)\r\n\tat utilities.SafeActions.invokeMethod(SafeActions.groovy)\r\n\tat com.kms.katalon.core.main.CustomKeywordDelegatingMetaClass.invokeStaticMethod(CustomKeywordDelegatingMetaClass.java:50)\r\n\tat TC_001_SingleLinePayments.run(TC_001_SingleLinePayments:112)\r\n\tat com.kms.katalon.core.main.ScriptEngine.run(ScriptEngine.java:194)\r\n\tat com.kms.katalon.core.main.ScriptEngine.runScriptAsRawText(ScriptEngine.java:119)\r\n\tat com.kms.katalon.core.main.TestCaseExecutor.runScript(TestCaseExecutor.java:337)\r\n\tat com.kms.katalon.core.main.TestCaseExecutor.doExecute(TestCaseExecutor.java:328)\r\n\tat com.kms.katalon.core.main.TestCaseExecutor.processExecutionPhase(TestCaseExecutor.java:307)\r\n\tat com.kms.katalon.core.main.TestCaseExecutor.accessMainPhase(TestCaseExecutor.java:299)\r\n\tat com.kms.katalon.core.main.TestCaseExecutor.execute(TestCaseExecutor.java:233)\r\n\tat com.kms.katalon.core.main.TestSuiteExecutor.accessTestCaseMainPhase(TestSuiteExecutor.java:169)\r\n\tat com.kms.katalon.core.main.TestSuiteExecutor.accessTestSuiteMainPhase(TestSuiteExecutor.java:142)\r\n\tat com.kms.katalon.core.main.TestSuiteExecutor.execute(TestSuiteExecutor.java:91)\r\n\tat com.kms.katalon.core.main.TestCaseMain.startTestSuite(TestCaseMain.java:157)\r\n\tat com.kms.katalon.core.main.TestCaseMain$startTestSuite$0.call(Unknown Source)\r\n\tat TempTestSuite1580808491106.run(TempTestSuite1580808491106.groovy:36)\r\n</property>
  <property name="failed.exception.message">no such window: target window already closed\nfrom unknown error: web view not found\n  (Session info: chrome=79.0.3945.130)\nBuild info: version: &apos;3.141.59&apos;, revision: &apos;e82be7d358&apos;, time: &apos;2018-11-14T08:25:53&apos;\nSystem info: host: &apos;SYS8&apos;, ip: &apos;172.31.252.142&apos;, os.name: &apos;Windows 10&apos;, os.arch: &apos;x86&apos;, os.version: &apos;10.0&apos;, java.version: &apos;1.8.0_181&apos;\nDriver info: com.kms.katalon.selenium.driver.CChromeDriver\nCapabilities {acceptInsecureCerts: false, browserName: chrome, browserVersion: 79.0.3945.130, chrome: {chromedriverVersion: 78.0.3904.105 (60e2d8774a81..., userDataDir: C:\\Users\\admin\\AppData\\Loca...}, goog:chromeOptions: {debuggerAddress: localhost:51338}, javascriptEnabled: true, networkConnectionEnabled: false, pageLoadStrategy: normal, platform: XP, platformName: XP, proxy: Proxy(), setWindowRect: true, strictFileInteractability: false, timeouts: {implicit: 0, pageLoad: 300000, script: 30000}, unhandledPromptBehavior: dismiss and notify}\nSession ID: c5a4648274125027835c10f5965cf2a6\n*** Element info: {Using=xpath, value=//*[@id=\&quot;process\&quot;]}</property>
</record>
<record>
  <date>2020-02-04T14:59:31</date>
  <millis>1580808571566</millis>
  <sequence>482</sequence>
  <level>FAILED</level>
  <class>com.kms.katalon.core.logging.XmlKeywordLogger</class>
  <method>logMessage</method>
  <thread>1</thread>
  <message>GenericSTI_DifferentCardType.ts:Process paymentis not attached to page document in time 60 No such element Exception</message>
  <nestedLevel>1</nestedLevel>
</record>
<record>
  <date>2020-02-04T14:59:31</date>
  <millis>1580808571567</millis>
  <sequence>483</sequence>
  <level>FAILED</level>
  <class>com.kms.katalon.core.logging.XmlKeywordLogger</class>
  <method>logMessage</method>
  <thread>1</thread>
  <message>com.kms.katalon.core.exception.StepFailedException: GenericSTI_DifferentCardType.ts:Process paymentis not attached to page document in time 60 No such element Exception</message>
  <exception>
    <message>com.kms.katalon.core.exception.StepFailedException: GenericSTI_DifferentCardType.ts:Process paymentis not attached to page document in time 60 No such element Exception</message>
    <frame>
      <class>com.kms.katalon.core.util.KeywordUtil</class>
      <method>markFailed</method>
      <line>19</line>
    </frame>
    <frame>
      <class>com.kms.katalon.core.util.KeywordUtil$markFailed$1</class>
      <method>call</method>
    </frame>
    <frame>
      <class>utilities.SafeActions</class>
      <method>safeClick</method>
      <line>167</line>
    </frame>
    <frame>
      <class>utilities.SafeActions</class>
      <method>invokeMethod</method>
    </frame>
    <frame>
      <class>com.kms.katalon.core.main.CustomKeywordDelegatingMetaClass</class>
      <method>invokeStaticMethod</method>
      <line>50</line>
    </frame>
    <frame>
      <class>TC_001_SingleLinePayments</class>
      <method>run</method>
      <line>112</line>
    </frame>
    <frame>
      <class>com.kms.katalon.core.main.ScriptEngine</class>
      <method>run</method>
      <line>194</line>
    </frame>
    <frame>
      <class>com.kms.katalon.core.main.ScriptEngine</class>
      <method>runScriptAsRawText</method>
      <line>119</line>
    </frame>
    <frame>
      <class>com.kms.katalon.core.main.TestCaseExecutor</class>
      <method>runScript</method>
      <line>337</line>
    </frame>
    <frame>
      <class>com.kms.katalon.core.main.TestCaseExecutor</class>
      <method>doExecute</method>
      <line>328</line>
    </frame>
    <frame>
      <class>com.kms.katalon.core.main.TestCaseExecutor</class>
      <method>processExecutionPhase</method>
      <line>307</line>
    </frame>
    <frame>
      <class>com.kms.katalon.core.main.TestCaseExecutor</class>
      <method>accessMainPhase</method>
      <line>299</line>
    </frame>
    <frame>
      <class>com.kms.katalon.core.main.TestCaseExecutor</class>
      <method>execute</method>
      <line>233</line>
    </frame>
    <frame>
      <class>com.kms.katalon.core.main.TestSuiteExecutor</class>
      <method>accessTestCaseMainPhase</method>
      <line>169</line>
    </frame>
    <frame>
      <class>com.kms.katalon.core.main.TestSuiteExecutor</class>
      <method>accessTestSuiteMainPhase</method>
      <line>142</line>
    </frame>
    <frame>
      <class>com.kms.katalon.core.main.TestSuiteExecutor</class>
      <method>execute</method>
      <line>91</line>
    </frame>
    <frame>
      <class>com.kms.katalon.core.main.TestCaseMain</class>
      <method>startTestSuite</method>
      <line>157</line>
    </frame>
    <frame>
      <class>com.kms.katalon.core.main.TestCaseMain$startTestSuite$0</class>
      <method>call</method>
    </frame>
    <frame>
      <class>TempTestSuite1580808491106</class>
      <method>run</method>
      <line>36</line>
    </frame>
  </exception>
  <nestedLevel>0</nestedLevel>
  <property name="failed.exception.stacktrace">com.kms.katalon.core.exception.StepFailedException: GenericSTI_DifferentCardType.ts:Process paymentis not attached to page document in time 60 No such element Exception\r\n\tat com.kms.katalon.core.util.KeywordUtil.markFailed(KeywordUtil.java:19)\r\n\tat com.kms.katalon.core.util.KeywordUtil$markFailed$1.call(Unknown Source)\r\n\tat utilities.SafeActions.safeClick(SafeActions.groovy:167)\r\n\tat utilities.SafeActions.invokeMethod(SafeActions.groovy)\r\n\tat com.kms.katalon.core.main.CustomKeywordDelegatingMetaClass.invokeStaticMethod(CustomKeywordDelegatingMetaClass.java:50)\r\n\tat TC_001_SingleLinePayments.run(TC_001_SingleLinePayments:112)\r\n\tat com.kms.katalon.core.main.ScriptEngine.run(ScriptEngine.java:194)\r\n\tat com.kms.katalon.core.main.ScriptEngine.runScriptAsRawText(ScriptEngine.java:119)\r\n\tat com.kms.katalon.core.main.TestCaseExecutor.runScript(TestCaseExecutor.java:337)\r\n\tat com.kms.katalon.core.main.TestCaseExecutor.doExecute(TestCaseExecutor.java:328)\r\n\tat com.kms.katalon.core.main.TestCaseExecutor.processExecutionPhase(TestCaseExecutor.java:307)\r\n\tat com.kms.katalon.core.main.TestCaseExecutor.accessMainPhase(TestCaseExecutor.java:299)\r\n\tat com.kms.katalon.core.main.TestCaseExecutor.execute(TestCaseExecutor.java:233)\r\n\tat com.kms.katalon.core.main.TestSuiteExecutor.accessTestCaseMainPhase(TestSuiteExecutor.java:169)\r\n\tat com.kms.katalon.core.main.TestSuiteExecutor.accessTestSuiteMainPhase(TestSuiteExecutor.java:142)\r\n\tat com.kms.katalon.core.main.TestSuiteExecutor.execute(TestSuiteExecutor.java:91)\r\n\tat com.kms.katalon.core.main.TestCaseMain.startTestSuite(TestCaseMain.java:157)\r\n\tat com.kms.katalon.core.main.TestCaseMain$startTestSuite$0.call(Unknown Source)\r\n\tat TempTestSuite1580808491106.run(TempTestSuite1580808491106.groovy:36)\r\n</property>
  <property name="failed.exception.class">com.kms.katalon.core.exception.StepFailedException</property>
  <property name="failed.exception.message">GenericSTI_DifferentCardType.ts:Process paymentis not attached to page document in time 60 No such element Exception</property>
</record>
<record>
  <date>2020-02-04T14:59:31</date>
  <millis>1580808571570</millis>
  <sequence>485</sequence>
  <level>END</level>
  <class>com.kms.katalon.core.logging.XmlKeywordLogger</class>
  <method>endKeyword</method>
  <thread>1</thread>
  <message>End action : utilities.SafeActions.safeClick(findTestObject(\&amp;quot;CERTPAY_GENERICSTI/Confirm_Payment_Page/CONFIRM_YES\&amp;quot;), \&amp;quot;Process payment\&amp;quot;, [pageLoadTime])</message>
  <nestedLevel>2</nestedLevel>
</record>
<record>
  <date>2020-02-04T14:59:31</date>
  <millis>1580808571570</millis>
  <sequence>486</sequence>
  <level>START</level>
  <class>com.kms.katalon.core.logging.XmlKeywordLogger</class>
  <method>startKeyword</method>
  <thread>1</thread>
  <message>Start action : utilities.SafeActions.safeClick(findTestObject(\&amp;quot;CERTPAY_GENERICSTI/Payment_Details_Verification_Page/NEXT\&amp;quot;), \&amp;quot;Process payment\&amp;quot;, [pageLoadTime])</message>
  <nestedLevel>2</nestedLevel>
  <property name="startLine">114</property>
  <property name="stepIndex">28</property>
</record>
<record>
  <date>2020-02-04T14:59:31</date>
  <millis>1580808571656</millis>
  <sequence>488</sequence>
  <level>INFO</level>
  <class>com.kms.katalon.core.logging.XmlKeywordLogger</class>
  <method>logMessage</method>
  <thread>1</thread>
  <message>safeClicking</message>
  <nestedLevel>1</nestedLevel>
</record>
<record>
  <date>2020-02-04T14:59:31</date>
  <millis>1580808571691</millis>
  <sequence>495</sequence>
  <level>WARNING</level>
  <class>com.kms.katalon.core.logging.XmlKeywordLogger</class>
  <method>logMessage</method>
  <thread>1</thread>
  <message>Cannot take screenshot</message>
  <nestedLevel>1</nestedLevel>
  <property name="failed.exception.class">org.openqa.selenium.NoSuchWindowException</property>
  <property name="failed.exception.stacktrace">org.openqa.selenium.NoSuchWindowException: no such window: target window already closed\nfrom unknown error: web view not found\n  (Session info: chrome=79.0.3945.130)\nBuild info: version: &apos;3.141.59&apos;, revision: &apos;e82be7d358&apos;, time: &apos;2018-11-14T08:25:53&apos;\nSystem info: host: &apos;SYS8&apos;, ip: &apos;172.31.252.142&apos;, os.name: &apos;Windows 10&apos;, os.arch: &apos;x86&apos;, os.version: &apos;10.0&apos;, java.version: &apos;1.8.0_181&apos;\nDriver info: com.kms.katalon.selenium.driver.CChromeDriver\nCapabilities {acceptInsecureCerts: false, browserName: chrome, browserVersion: 79.0.3945.130, chrome: {chromedriverVersion: 78.0.3904.105 (60e2d8774a81..., userDataDir: C:\\Users\\admin\\AppData\\Loca...}, goog:chromeOptions: {debuggerAddress: localhost:51338}, javascriptEnabled: true, networkConnectionEnabled: false, pageLoadStrategy: normal, platform: XP, platformName: XP, proxy: Proxy(), setWindowRect: true, strictFileInteractability: false, timeouts: {implicit: 0, pageLoad: 300000, script: 30000}, unhandledPromptBehavior: dismiss and notify}\nSession ID: c5a4648274125027835c10f5965cf2a6\r\n\tat org.openqa.selenium.remote.http.W3CHttpResponseCodec.createException(W3CHttpResponseCodec.java:187)\r\n\tat org.openqa.selenium.remote.http.W3CHttpResponseCodec.decode(W3CHttpResponseCodec.java:122)\r\n\tat org.openqa.selenium.remote.http.W3CHttpResponseCodec.decode(W3CHttpResponseCodec.java:49)\r\n\tat org.openqa.selenium.remote.HttpCommandExecutor.execute(HttpCommandExecutor.java:158)\r\n\tat org.openqa.selenium.remote.service.DriverCommandExecutor.execute(DriverCommandExecutor.java:83)\r\n\tat org.openqa.selenium.remote.RemoteWebDriver.execute(RemoteWebDriver.java:552)\r\n\tat com.kms.katalon.selenium.driver.CChromeDriver.execute(CChromeDriver.java:19)\r\n\tat org.openqa.selenium.remote.RemoteWebDriver.execute(RemoteWebDriver.java:609)\r\n\tat org.openqa.selenium.remote.RemoteWebDriver.getScreenshotAs(RemoteWebDriver.java:295)\r\n\tat org.openqa.selenium.support.events.EventFiringWebDriver.lambda$new$1(EventFiringWebDriver.java:105)\r\n\tat com.sun.proxy.$Proxy9.getScreenshotAs(Unknown Source)\r\n\tat org.openqa.selenium.support.events.EventFiringWebDriver.getScreenshotAs(EventFiringWebDriver.java:302)\r\n\tat com.kms.katalon.core.webui.helper.screenshot.WebUIScreenCaptor.take(WebUIScreenCaptor.java:26)\r\n\tat com.kms.katalon.core.helper.screenshot.ScreenCaptor.takeScreenshotAndGetAttributes(ScreenCaptor.java:37)\r\n\tat com.kms.katalon.core.webui.keyword.internal.WebUIKeywordMain.stepFailed(WebUIKeywordMain.groovy:64)\r\n\tat com.kms.katalon.core.webui.keyword.internal.WebUIKeywordMain.runKeyword(WebUIKeywordMain.groovy:26)\r\n\tat com.kms.katalon.core.webui.keyword.builtin.VerifyElementPresentKeyword.verifyElementPresent(VerifyElementPresentKeyword.groovy:92)\r\n\tat com.kms.katalon.core.webui.keyword.builtin.VerifyElementPresentKeyword.execute(VerifyElementPresentKeyword.groovy:68)\r\n\tat com.kms.katalon.core.keyword.internal.KeywordExecutor.executeKeywordForPlatform(KeywordExecutor.groovy:72)\r\n\tat com.kms.katalon.core.webui.keyword.WebUiBuiltInKeywords.verifyElementPresent(WebUiBuiltInKeywords.groovy:1434)\r\n\tat com.kms.katalon.core.webui.keyword.WebUiBuiltInKeywords$verifyElementPresent$1.call(Unknown Source)\r\n\tat utilities.SafeActions.safeClick(SafeActions.groovy:153)\r\n\tat utilities.SafeActions.invokeMethod(SafeActions.groovy)\r\n\tat com.kms.katalon.core.main.CustomKeywordDelegatingMetaClass.invokeStaticMethod(CustomKeywordDelegatingMetaClass.java:50)\r\n\tat TC_001_SingleLinePayments.run(TC_001_SingleLinePayments:115)\r\n\tat com.kms.katalon.core.main.ScriptEngine.run(ScriptEngine.java:194)\r\n\tat com.kms.katalon.core.main.ScriptEngine.runScriptAsRawText(ScriptEngine.java:119)\r\n\tat com.kms.katalon.core.main.TestCaseExecutor.runScript(TestCaseExecutor.java:337)\r\n\tat com.kms.katalon.core.main.TestCaseExecutor.doExecute(TestCaseExecutor.java:328)\r\n\tat com.kms.katalon.core.main.TestCaseExecutor.processExecutionPhase(TestCaseExecutor.java:307)\r\n\tat com.kms.katalon.core.main.TestCaseExecutor.accessMainPhase(TestCaseExecutor.java:299)\r\n\tat com.kms.katalon.core.main.TestCaseExecutor.execute(TestCaseExecutor.java:233)\r\n\tat com.kms.katalon.core.main.TestSuiteExecutor.accessTestCaseMainPhase(TestSuiteExecutor.java:169)\r\n\tat com.kms.katalon.core.main.TestSuiteExecutor.accessTestSuiteMainPhase(TestSuiteExecutor.java:142)\r\n\tat com.kms.katalon.core.main.TestSuiteExecutor.execute(TestSuiteExecutor.java:91)\r\n\tat com.kms.katalon.core.main.TestCaseMain.startTestSuite(TestCaseMain.java:157)\r\n\tat com.kms.katalon.core.main.TestCaseMain$startTestSuite$0.call(Unknown Source)\r\n\tat TempTestSuite1580808491106.run(TempTestSuite1580808491106.groovy:36)\r\n</property>
  <property name="failed.exception.message">no such window: target window already closed\nfrom unknown error: web view not found\n  (Session info: chrome=79.0.3945.130)\nBuild info: version: &apos;3.141.59&apos;, revision: &apos;e82be7d358&apos;, time: &apos;2018-11-14T08:25:53&apos;\nSystem info: host: &apos;SYS8&apos;, ip: &apos;172.31.252.142&apos;, os.name: &apos;Windows 10&apos;, os.arch: &apos;x86&apos;, os.version: &apos;10.0&apos;, java.version: &apos;1.8.0_181&apos;\nDriver info: com.kms.katalon.selenium.driver.CChromeDriver\nCapabilities {acceptInsecureCerts: false, browserName: chrome, browserVersion: 79.0.3945.130, chrome: {chromedriverVersion: 78.0.3904.105 (60e2d8774a81..., userDataDir: C:\\Users\\admin\\AppData\\Loca...}, goog:chromeOptions: {debuggerAddress: localhost:51338}, javascriptEnabled: true, networkConnectionEnabled: false, pageLoadStrategy: normal, platform: XP, platformName: XP, proxy: Proxy(), setWindowRect: true, strictFileInteractability: false, timeouts: {implicit: 0, pageLoad: 300000, script: 30000}, unhandledPromptBehavior: dismiss and notify}\nSession ID: c5a4648274125027835c10f5965cf2a6</property>
</record>
<record>
  <date>2020-02-04T14:59:31</date>
  <millis>1580808571698</millis>
  <sequence>499</sequence>
  <level>FAILED</level>
  <class>com.kms.katalon.core.logging.XmlKeywordLogger</class>
  <method>logMessage</method>
  <thread>1</thread>
  <message>Unable to verify object &amp;apos;Object Repository/CERTPAY_GENERICSTI/Payment_Details_Verification_Page/NEXT&amp;apos; is present (Root cause: com.kms.katalon.core.exception.StepFailedException: Unable to verify object &amp;apos;Object Repository/CERTPAY_GENERICSTI/Payment_Details_Verification_Page/NEXT&amp;apos; is present\r\n\tat com.kms.katalon.core.webui.keyword.internal.WebUIKeywordMain.stepFailed(WebUIKeywordMain.groovy:64)\r\n\tat com.kms.katalon.core.webui.keyword.internal.WebUIKeywordMain.runKeyword(WebUIKeywordMain.groovy:26)\r\n\tat com.kms.katalon.core.webui.keyword.builtin.VerifyElementPresentKeyword.verifyElementPresent(VerifyElementPresentKeyword.groovy:92)\r\n\tat com.kms.katalon.core.webui.keyword.builtin.VerifyElementPresentKeyword.execute(VerifyElementPresentKeyword.groovy:68)\r\n\tat com.kms.katalon.core.keyword.internal.KeywordExecutor.executeKeywordForPlatform(KeywordExecutor.groovy:72)\r\n\tat com.kms.katalon.core.webui.keyword.WebUiBuiltInKeywords.verifyElementPresent(WebUiBuiltInKeywords.groovy:1434)\r\n\tat com.kms.katalon.core.webui.keyword.WebUiBuiltInKeywords$verifyElementPresent$1.call(Unknown Source)\r\n\tat utilities.SafeActions.safeClick(SafeActions.groovy:153)\r\n\tat utilities.SafeActions.invokeMethod(SafeActions.groovy)\r\n\tat com.kms.katalon.core.main.CustomKeywordDelegatingMetaClass.invokeStaticMethod(CustomKeywordDelegatingMetaClass.java:50)\r\n\tat TC_001_SingleLinePayments.run(TC_001_SingleLinePayments:115)\r\n\tat com.kms.katalon.core.main.ScriptEngine.run(ScriptEngine.java:194)\r\n\tat com.kms.katalon.core.main.ScriptEngine.runScriptAsRawText(ScriptEngine.java:119)\r\n\tat com.kms.katalon.core.main.TestCaseExecutor.runScript(TestCaseExecutor.java:337)\r\n\tat com.kms.katalon.core.main.TestCaseExecutor.doExecute(TestCaseExecutor.java:328)\r\n\tat com.kms.katalon.core.main.TestCaseExecutor.processExecutionPhase(TestCaseExecutor.java:307)\r\n\tat com.kms.katalon.core.main.TestCaseExecutor.accessMainPhase(TestCaseExecutor.java:299)\r\n\tat com.kms.katalon.core.main.TestCaseExecutor.execute(TestCaseExecutor.java:233)\r\n\tat com.kms.katalon.core.main.TestSuiteExecutor.accessTestCaseMainPhase(TestSuiteExecutor.java:169)\r\n\tat com.kms.katalon.core.main.TestSuiteExecutor.accessTestSuiteMainPhase(TestSuiteExecutor.java:142)\r\n\tat com.kms.katalon.core.main.TestSuiteExecutor.execute(TestSuiteExecutor.java:91)\r\n\tat com.kms.katalon.core.main.TestCaseMain.startTestSuite(TestCaseMain.java:157)\r\n\tat com.kms.katalon.core.main.TestCaseMain$startTestSuite$0.call(Unknown Source)\r\n\tat TempTestSuite1580808491106.run(TempTestSuite1580808491106.groovy:36)\r\nCaused by: org.openqa.selenium.NoSuchWindowException: no such window: target window already closed\nfrom unknown error: web view not found\n  (Session info: chrome=79.0.3945.130)\nBuild info: version: &amp;apos;3.141.59&amp;apos;, revision: &amp;apos;e82be7d358&amp;apos;, time: &amp;apos;2018-11-14T08:25:53&amp;apos;\nSystem info: host: &amp;apos;SYS8&amp;apos;, ip: &amp;apos;172.31.252.142&amp;apos;, os.name: &amp;apos;Windows 10&amp;apos;, os.arch: &amp;apos;x86&amp;apos;, os.version: &amp;apos;10.0&amp;apos;, java.version: &amp;apos;1.8.0_181&amp;apos;\nDriver info: com.kms.katalon.selenium.driver.CChromeDriver\nCapabilities {acceptInsecureCerts: false, browserName: chrome, browserVersion: 79.0.3945.130, chrome: {chromedriverVersion: 78.0.3904.105 (60e2d8774a81..., userDataDir: C:\\Users\\admin\\AppData\\Loca...}, goog:chromeOptions: {debuggerAddress: localhost:51338}, javascriptEnabled: true, networkConnectionEnabled: false, pageLoadStrategy: normal, platform: XP, platformName: XP, proxy: Proxy(), setWindowRect: true, strictFileInteractability: false, timeouts: {implicit: 0, pageLoad: 300000, script: 30000}, unhandledPromptBehavior: dismiss and notify}\nSession ID: c5a4648274125027835c10f5965cf2a6\n*** Element info: {Using=xpath, value=//*[@id=\&amp;quot;ctl00_navigationContent_next\&amp;quot;]}\r\n\tat org.openqa.selenium.remote.http.W3CHttpResponseCodec.createException(W3CHttpResponseCodec.java:187)\r\n\tat org.openqa.selenium.remote.http.W3CHttpResponseCodec.decode(W3CHttpResponseCodec.java:122)\r\n\tat org.openqa.selenium.remote.http.W3CHttpResponseCodec.decode(W3CHttpResponseCodec.java:49)\r\n\tat org.openqa.selenium.remote.HttpCommandExecutor.execute(HttpCommandExecutor.java:158)\r\n\tat org.openqa.selenium.remote.service.DriverCommandExecutor.execute(DriverCommandExecutor.java:83)\r\n\tat org.openqa.selenium.remote.RemoteWebDriver.execute(RemoteWebDriver.java:552)\r\n\tat com.kms.katalon.selenium.driver.CChromeDriver.execute(CChromeDriver.java:19)\r\n\tat org.openqa.selenium.remote.RemoteWebDriver.findElements(RemoteWebDriver.java:353)\r\n\tat org.openqa.selenium.remote.RemoteWebDriver.findElementsByXPath(RemoteWebDriver.java:432)\r\n\tat org.openqa.selenium.By$ByXPath.findElements(By.java:348)\r\n\tat org.openqa.selenium.remote.RemoteWebDriver.findElements(RemoteWebDriver.java:311)\r\n\tat org.openqa.selenium.support.events.EventFiringWebDriver.lambda$new$1(EventFiringWebDriver.java:105)\r\n\tat com.sun.proxy.$Proxy9.findElements(Unknown Source)\r\n\tat org.openqa.selenium.support.events.EventFiringWebDriver.findElements(EventFiringWebDriver.java:182)\r\n\tat com.kms.katalon.core.webui.common.WebUiCommonHelper.findWebElements(WebUiCommonHelper.java:789)\r\n\tat com.kms.katalon.core.webui.common.WebUiCommonHelper.findWebElement(WebUiCommonHelper.java:1150)\r\n\tat com.kms.katalon.core.webui.keyword.internal.WebUIAbstractKeyword.findWebElement(WebUIAbstractKeyword.groovy:27)\r\n\tat com.kms.katalon.core.webui.keyword.builtin.VerifyElementPresentKeyword$_verifyElementPresent_closure1.doCall(VerifyElementPresentKeyword.groovy:79)\r\n\tat com.kms.katalon.core.webui.keyword.builtin.VerifyElementPresentKeyword$_verifyElementPresent_closure1.call(VerifyElementPresentKeyword.groovy)\r\n\tat com.kms.katalon.core.webui.keyword.internal.WebUIKeywordMain.runKeyword(WebUIKeywordMain.groovy:20)\r\n\tat com.kms.katalon.core.webui.keyword.builtin.VerifyElementPresentKeyword.verifyElementPresent(VerifyElementPresentKeyword.groovy:92)\r\n\tat com.kms.katalon.core.webui.keyword.builtin.VerifyElementPresentKeyword.execute(VerifyElementPresentKeyword.groovy:68)\r\n\tat com.kms.katalon.core.keyword.internal.KeywordExecutor.executeKeywordForPlatform(KeywordExecutor.groovy:72)\r\n\tat com.kms.katalon.core.webui.keyword.WebUiBuiltInKeywords.verifyElementPresent(WebUiBuiltInKeywords.groovy:1434)\r\n\tat com.kms.katalon.core.webui.keyword.WebUiBuiltInKeywords$verifyElementPresent$1.call(Unknown Source)\r\n\tat utilities.SafeActions.safeClick(SafeActions.groovy:153)\r\n\tat utilities.SafeActions.invokeMethod(SafeActions.groovy)\r\n\tat com.kms.katalon.core.main.CustomKeywordDelegatingMetaClass.invokeStaticMethod(CustomKeywordDelegatingMetaClass.java:50)\r\n\tat Script1580798501942.run(Script1580798501942.groovy:115)\r\n\t... 13 more\r\n)</message>
  <nestedLevel>1</nestedLevel>
  <property name="failed.exception.class">org.openqa.selenium.NoSuchWindowException</property>
  <property name="failed.exception.stacktrace">org.openqa.selenium.NoSuchWindowException: no such window: target window already closed\nfrom unknown error: web view not found\n  (Session info: chrome=79.0.3945.130)\nBuild info: version: &apos;3.141.59&apos;, revision: &apos;e82be7d358&apos;, time: &apos;2018-11-14T08:25:53&apos;\nSystem info: host: &apos;SYS8&apos;, ip: &apos;172.31.252.142&apos;, os.name: &apos;Windows 10&apos;, os.arch: &apos;x86&apos;, os.version: &apos;10.0&apos;, java.version: &apos;1.8.0_181&apos;\nDriver info: com.kms.katalon.selenium.driver.CChromeDriver\nCapabilities {acceptInsecureCerts: false, browserName: chrome, browserVersion: 79.0.3945.130, chrome: {chromedriverVersion: 78.0.3904.105 (60e2d8774a81..., userDataDir: C:\\Users\\admin\\AppData\\Loca...}, goog:chromeOptions: {debuggerAddress: localhost:51338}, javascriptEnabled: true, networkConnectionEnabled: false, pageLoadStrategy: normal, platform: XP, platformName: XP, proxy: Proxy(), setWindowRect: true, strictFileInteractability: false, timeouts: {implicit: 0, pageLoad: 300000, script: 30000}, unhandledPromptBehavior: dismiss and notify}\nSession ID: c5a4648274125027835c10f5965cf2a6\n*** Element info: {Using=xpath, value=//*[@id=\&quot;ctl00_navigationContent_next\&quot;]}\r\n\tat org.openqa.selenium.remote.http.W3CHttpResponseCodec.createException(W3CHttpResponseCodec.java:187)\r\n\tat org.openqa.selenium.remote.http.W3CHttpResponseCodec.decode(W3CHttpResponseCodec.java:122)\r\n\tat org.openqa.selenium.remote.http.W3CHttpResponseCodec.decode(W3CHttpResponseCodec.java:49)\r\n\tat org.openqa.selenium.remote.HttpCommandExecutor.execute(HttpCommandExecutor.java:158)\r\n\tat org.openqa.selenium.remote.service.DriverCommandExecutor.execute(DriverCommandExecutor.java:83)\r\n\tat org.openqa.selenium.remote.RemoteWebDriver.execute(RemoteWebDriver.java:552)\r\n\tat com.kms.katalon.selenium.driver.CChromeDriver.execute(CChromeDriver.java:19)\r\n\tat org.openqa.selenium.remote.RemoteWebDriver.findElements(RemoteWebDriver.java:353)\r\n\tat org.openqa.selenium.remote.RemoteWebDriver.findElementsByXPath(RemoteWebDriver.java:432)\r\n\tat org.openqa.selenium.By$ByXPath.findElements(By.java:348)\r\n\tat org.openqa.selenium.remote.RemoteWebDriver.findElements(RemoteWebDriver.java:311)\r\n\tat org.openqa.selenium.support.events.EventFiringWebDriver.lambda$new$1(EventFiringWebDriver.java:105)\r\n\tat com.sun.proxy.$Proxy9.findElements(Unknown Source)\r\n\tat org.openqa.selenium.support.events.EventFiringWebDriver.findElements(EventFiringWebDriver.java:182)\r\n\tat com.kms.katalon.core.webui.common.WebUiCommonHelper.findWebElements(WebUiCommonHelper.java:789)\r\n\tat com.kms.katalon.core.webui.common.WebUiCommonHelper.findWebElement(WebUiCommonHelper.java:1150)\r\n\tat com.kms.katalon.core.webui.keyword.internal.WebUIAbstractKeyword.findWebElement(WebUIAbstractKeyword.groovy:27)\r\n\tat com.kms.katalon.core.webui.keyword.builtin.VerifyElementPresentKeyword$_verifyElementPresent_closure1.doCall(VerifyElementPresentKeyword.groovy:79)\r\n\tat com.kms.katalon.core.webui.keyword.builtin.VerifyElementPresentKeyword$_verifyElementPresent_closure1.call(VerifyElementPresentKeyword.groovy)\r\n\tat com.kms.katalon.core.webui.keyword.internal.WebUIKeywordMain.runKeyword(WebUIKeywordMain.groovy:20)\r\n\tat com.kms.katalon.core.webui.keyword.builtin.VerifyElementPresentKeyword.verifyElementPresent(VerifyElementPresentKeyword.groovy:92)\r\n\tat com.kms.katalon.core.webui.keyword.builtin.VerifyElementPresentKeyword.execute(VerifyElementPresentKeyword.groovy:68)\r\n\tat com.kms.katalon.core.keyword.internal.KeywordExecutor.executeKeywordForPlatform(KeywordExecutor.groovy:72)\r\n\tat com.kms.katalon.core.webui.keyword.WebUiBuiltInKeywords.verifyElementPresent(WebUiBuiltInKeywords.groovy:1434)\r\n\tat com.kms.katalon.core.webui.keyword.WebUiBuiltInKeywords$verifyElementPresent$1.call(Unknown Source)\r\n\tat utilities.SafeActions.safeClick(SafeActions.groovy:153)\r\n\tat utilities.SafeActions.invokeMethod(SafeActions.groovy)\r\n\tat com.kms.katalon.core.main.CustomKeywordDelegatingMetaClass.invokeStaticMethod(CustomKeywordDelegatingMetaClass.java:50)\r\n\tat TC_001_SingleLinePayments.run(TC_001_SingleLinePayments:115)\r\n\tat com.kms.katalon.core.main.ScriptEngine.run(ScriptEngine.java:194)\r\n\tat com.kms.katalon.core.main.ScriptEngine.runScriptAsRawText(ScriptEngine.java:119)\r\n\tat com.kms.katalon.core.main.TestCaseExecutor.runScript(TestCaseExecutor.java:337)\r\n\tat com.kms.katalon.core.main.TestCaseExecutor.doExecute(TestCaseExecutor.java:328)\r\n\tat com.kms.katalon.core.main.TestCaseExecutor.processExecutionPhase(TestCaseExecutor.java:307)\r\n\tat com.kms.katalon.core.main.TestCaseExecutor.accessMainPhase(TestCaseExecutor.java:299)\r\n\tat com.kms.katalon.core.main.TestCaseExecutor.execute(TestCaseExecutor.java:233)\r\n\tat com.kms.katalon.core.main.TestSuiteExecutor.accessTestCaseMainPhase(TestSuiteExecutor.java:169)\r\n\tat com.kms.katalon.core.main.TestSuiteExecutor.accessTestSuiteMainPhase(TestSuiteExecutor.java:142)\r\n\tat com.kms.katalon.core.main.TestSuiteExecutor.execute(TestSuiteExecutor.java:91)\r\n\tat com.kms.katalon.core.main.TestCaseMain.startTestSuite(TestCaseMain.java:157)\r\n\tat com.kms.katalon.core.main.TestCaseMain$startTestSuite$0.call(Unknown Source)\r\n\tat TempTestSuite1580808491106.run(TempTestSuite1580808491106.groovy:36)\r\n</property>
  <property name="failed.exception.message">no such window: target window already closed\nfrom unknown error: web view not found\n  (Session info: chrome=79.0.3945.130)\nBuild info: version: &apos;3.141.59&apos;, revision: &apos;e82be7d358&apos;, time: &apos;2018-11-14T08:25:53&apos;\nSystem info: host: &apos;SYS8&apos;, ip: &apos;172.31.252.142&apos;, os.name: &apos;Windows 10&apos;, os.arch: &apos;x86&apos;, os.version: &apos;10.0&apos;, java.version: &apos;1.8.0_181&apos;\nDriver info: com.kms.katalon.selenium.driver.CChromeDriver\nCapabilities {acceptInsecureCerts: false, browserName: chrome, browserVersion: 79.0.3945.130, chrome: {chromedriverVersion: 78.0.3904.105 (60e2d8774a81..., userDataDir: C:\\Users\\admin\\AppData\\Loca...}, goog:chromeOptions: {debuggerAddress: localhost:51338}, javascriptEnabled: true, networkConnectionEnabled: false, pageLoadStrategy: normal, platform: XP, platformName: XP, proxy: Proxy(), setWindowRect: true, strictFileInteractability: false, timeouts: {implicit: 0, pageLoad: 300000, script: 30000}, unhandledPromptBehavior: dismiss and notify}\nSession ID: c5a4648274125027835c10f5965cf2a6\n*** Element info: {Using=xpath, value=//*[@id=\&quot;ctl00_navigationContent_next\&quot;]}</property>
</record>
<record>
  <date>2020-02-04T14:59:31</date>
  <millis>1580808571703</millis>
  <sequence>500</sequence>
  <level>FAILED</level>
  <class>com.kms.katalon.core.logging.XmlKeywordLogger</class>
  <method>logMessage</method>
  <thread>1</thread>
  <message>GenericSTI_DifferentCardType.ts:Process paymentis not attached to page document in time 60 No such element Exception</message>
  <nestedLevel>1</nestedLevel>
</record>
<record>
  <date>2020-02-04T14:59:31</date>
  <millis>1580808571704</millis>
  <sequence>501</sequence>
  <level>FAILED</level>
  <class>com.kms.katalon.core.logging.XmlKeywordLogger</class>
  <method>logMessage</method>
  <thread>1</thread>
  <message>com.kms.katalon.core.exception.StepFailedException: GenericSTI_DifferentCardType.ts:Process paymentis not attached to page document in time 60 No such element Exception</message>
  <exception>
    <message>com.kms.katalon.core.exception.StepFailedException: GenericSTI_DifferentCardType.ts:Process paymentis not attached to page document in time 60 No such element Exception</message>
    <frame>
      <class>com.kms.katalon.core.util.KeywordUtil</class>
      <method>markFailed</method>
      <line>19</line>
    </frame>
    <frame>
      <class>com.kms.katalon.core.util.KeywordUtil$markFailed$1</class>
      <method>call</method>
    </frame>
    <frame>
      <class>utilities.SafeActions</class>
      <method>safeClick</method>
      <line>167</line>
    </frame>
    <frame>
      <class>utilities.SafeActions</class>
      <method>invokeMethod</method>
    </frame>
    <frame>
      <class>com.kms.katalon.core.main.CustomKeywordDelegatingMetaClass</class>
      <method>invokeStaticMethod</method>
      <line>50</line>
    </frame>
    <frame>
      <class>TC_001_SingleLinePayments</class>
      <method>run</method>
      <line>115</line>
    </frame>
    <frame>
      <class>com.kms.katalon.core.main.ScriptEngine</class>
      <method>run</method>
      <line>194</line>
    </frame>
    <frame>
      <class>com.kms.katalon.core.main.ScriptEngine</class>
      <method>runScriptAsRawText</method>
      <line>119</line>
    </frame>
    <frame>
      <class>com.kms.katalon.core.main.TestCaseExecutor</class>
      <method>runScript</method>
      <line>337</line>
    </frame>
    <frame>
      <class>com.kms.katalon.core.main.TestCaseExecutor</class>
      <method>doExecute</method>
      <line>328</line>
    </frame>
    <frame>
      <class>com.kms.katalon.core.main.TestCaseExecutor</class>
      <method>processExecutionPhase</method>
      <line>307</line>
    </frame>
    <frame>
      <class>com.kms.katalon.core.main.TestCaseExecutor</class>
      <method>accessMainPhase</method>
      <line>299</line>
    </frame>
    <frame>
      <class>com.kms.katalon.core.main.TestCaseExecutor</class>
      <method>execute</method>
      <line>233</line>
    </frame>
    <frame>
      <class>com.kms.katalon.core.main.TestSuiteExecutor</class>
      <method>accessTestCaseMainPhase</method>
      <line>169</line>
    </frame>
    <frame>
      <class>com.kms.katalon.core.main.TestSuiteExecutor</class>
      <method>accessTestSuiteMainPhase</method>
      <line>142</line>
    </frame>
    <frame>
      <class>com.kms.katalon.core.main.TestSuiteExecutor</class>
      <method>execute</method>
      <line>91</line>
    </frame>
    <frame>
      <class>com.kms.katalon.core.main.TestCaseMain</class>
      <method>startTestSuite</method>
      <line>157</line>
    </frame>
    <frame>
      <class>com.kms.katalon.core.main.TestCaseMain$startTestSuite$0</class>
      <method>call</method>
    </frame>
    <frame>
      <class>TempTestSuite1580808491106</class>
      <method>run</method>
      <line>36</line>
    </frame>
  </exception>
  <nestedLevel>0</nestedLevel>
  <property name="failed.exception.stacktrace">com.kms.katalon.core.exception.StepFailedException: GenericSTI_DifferentCardType.ts:Process paymentis not attached to page document in time 60 No such element Exception\r\n\tat com.kms.katalon.core.util.KeywordUtil.markFailed(KeywordUtil.java:19)\r\n\tat com.kms.katalon.core.util.KeywordUtil$markFailed$1.call(Unknown Source)\r\n\tat utilities.SafeActions.safeClick(SafeActions.groovy:167)\r\n\tat utilities.SafeActions.invokeMethod(SafeActions.groovy)\r\n\tat com.kms.katalon.core.main.CustomKeywordDelegatingMetaClass.invokeStaticMethod(CustomKeywordDelegatingMetaClass.java:50)\r\n\tat TC_001_SingleLinePayments.run(TC_001_SingleLinePayments:115)\r\n\tat com.kms.katalon.core.main.ScriptEngine.run(ScriptEngine.java:194)\r\n\tat com.kms.katalon.core.main.ScriptEngine.runScriptAsRawText(ScriptEngine.java:119)\r\n\tat com.kms.katalon.core.main.TestCaseExecutor.runScript(TestCaseExecutor.java:337)\r\n\tat com.kms.katalon.core.main.TestCaseExecutor.doExecute(TestCaseExecutor.java:328)\r\n\tat com.kms.katalon.core.main.TestCaseExecutor.processExecutionPhase(TestCaseExecutor.java:307)\r\n\tat com.kms.katalon.core.main.TestCaseExecutor.accessMainPhase(TestCaseExecutor.java:299)\r\n\tat com.kms.katalon.core.main.TestCaseExecutor.execute(TestCaseExecutor.java:233)\r\n\tat com.kms.katalon.core.main.TestSuiteExecutor.accessTestCaseMainPhase(TestSuiteExecutor.java:169)\r\n\tat com.kms.katalon.core.main.TestSuiteExecutor.accessTestSuiteMainPhase(TestSuiteExecutor.java:142)\r\n\tat com.kms.katalon.core.main.TestSuiteExecutor.execute(TestSuiteExecutor.java:91)\r\n\tat com.kms.katalon.core.main.TestCaseMain.startTestSuite(TestCaseMain.java:157)\r\n\tat com.kms.katalon.core.main.TestCaseMain$startTestSuite$0.call(Unknown Source)\r\n\tat TempTestSuite1580808491106.run(TempTestSuite1580808491106.groovy:36)\r\n</property>
  <property name="failed.exception.class">com.kms.katalon.core.exception.StepFailedException</property>
  <property name="failed.exception.message">GenericSTI_DifferentCardType.ts:Process paymentis not attached to page document in time 60 No such element Exception</property>
</record>
<record>
  <date>2020-02-04T14:59:31</date>
  <millis>1580808571706</millis>
  <sequence>503</sequence>
  <level>END</level>
  <class>com.kms.katalon.core.logging.XmlKeywordLogger</class>
  <method>endKeyword</method>
  <thread>1</thread>
  <message>End action : utilities.SafeActions.safeClick(findTestObject(\&amp;quot;CERTPAY_GENERICSTI/Payment_Details_Verification_Page/NEXT\&amp;quot;), \&amp;quot;Process payment\&amp;quot;, [pageLoadTime])</message>
  <nestedLevel>2</nestedLevel>
</record>
<record>
  <date>2020-02-04T14:59:31</date>
  <millis>1580808571706</millis>
  <sequence>504</sequence>
  <level>START</level>
  <class>com.kms.katalon.core.logging.XmlKeywordLogger</class>
  <method>startKeyword</method>
  <thread>1</thread>
  <message>Start action : FirstName = data.getValue(\&amp;quot;FirstName\&amp;quot;, index)</message>
  <nestedLevel>2</nestedLevel>
  <property name="startLine">23</property>
  <property name="stepIndex">1</property>
</record>
<record>
  <date>2020-02-04T14:59:31</date>
  <millis>1580808571707</millis>
  <sequence>505</sequence>
  <level>END</level>
  <class>com.kms.katalon.core.logging.XmlKeywordLogger</class>
  <method>endKeyword</method>
  <thread>1</thread>
  <message>End action : FirstName = data.getValue(\&amp;quot;FirstName\&amp;quot;, index)</message>
  <nestedLevel>2</nestedLevel>
</record>
<record>
  <date>2020-02-04T14:59:31</date>
  <millis>1580808571707</millis>
  <sequence>506</sequence>
  <level>START</level>
  <class>com.kms.katalon.core.logging.XmlKeywordLogger</class>
  <method>startKeyword</method>
  <thread>1</thread>
  <message>Start action : LastName = data.getValue(\&amp;quot;LastName\&amp;quot;, index)</message>
  <nestedLevel>2</nestedLevel>
  <property name="startLine">25</property>
  <property name="stepIndex">2</property>
</record>
<record>
  <date>2020-02-04T14:59:31</date>
  <millis>1580808571707</millis>
  <sequence>507</sequence>
  <level>END</level>
  <class>com.kms.katalon.core.logging.XmlKeywordLogger</class>
  <method>endKeyword</method>
  <thread>1</thread>
  <message>End action : LastName = data.getValue(\&amp;quot;LastName\&amp;quot;, index)</message>
  <nestedLevel>2</nestedLevel>
</record>
<record>
  <date>2020-02-04T14:59:31</date>
  <millis>1580808571708</millis>
  <sequence>508</sequence>
  <level>START</level>
  <class>com.kms.katalon.core.logging.XmlKeywordLogger</class>
  <method>startKeyword</method>
  <thread>1</thread>
  <message>Start action : Amount = data.getValue(\&amp;quot;Amount\&amp;quot;, index)</message>
  <nestedLevel>2</nestedLevel>
  <property name="startLine">27</property>
  <property name="stepIndex">3</property>
</record>
<record>
  <date>2020-02-04T14:59:31</date>
  <millis>1580808571709</millis>
  <sequence>509</sequence>
  <level>END</level>
  <class>com.kms.katalon.core.logging.XmlKeywordLogger</class>
  <method>endKeyword</method>
  <thread>1</thread>
  <message>End action : Amount = data.getValue(\&amp;quot;Amount\&amp;quot;, index)</message>
  <nestedLevel>2</nestedLevel>
</record>
<record>
  <date>2020-02-04T14:59:31</date>
  <millis>1580808571709</millis>
  <sequence>510</sequence>
  <level>START</level>
  <class>com.kms.katalon.core.logging.XmlKeywordLogger</class>
  <method>startKeyword</method>
  <thread>1</thread>
  <message>Start action : cardNum = data.getValue(\&amp;quot;CardNumber\&amp;quot;, index)</message>
  <nestedLevel>2</nestedLevel>
  <property name="startLine">29</property>
  <property name="stepIndex">4</property>
</record>
<record>
  <date>2020-02-04T14:59:31</date>
  <millis>1580808571709</millis>
  <sequence>511</sequence>
  <level>END</level>
  <class>com.kms.katalon.core.logging.XmlKeywordLogger</class>
  <method>endKeyword</method>
  <thread>1</thread>
  <message>End action : cardNum = data.getValue(\&amp;quot;CardNumber\&amp;quot;, index)</message>
  <nestedLevel>2</nestedLevel>
</record>
<record>
  <date>2020-02-04T14:59:31</date>
  <millis>1580808571710</millis>
  <sequence>512</sequence>
  <level>START</level>
  <class>com.kms.katalon.core.logging.XmlKeywordLogger</class>
  <method>startKeyword</method>
  <thread>1</thread>
  <message>Start action : expMonth = data.getValue(\&amp;quot;ExpMonth\&amp;quot;, index)</message>
  <nestedLevel>2</nestedLevel>
  <property name="startLine">31</property>
  <property name="stepIndex">5</property>
</record>
<record>
  <date>2020-02-04T14:59:31</date>
  <millis>1580808571710</millis>
  <sequence>513</sequence>
  <level>END</level>
  <class>com.kms.katalon.core.logging.XmlKeywordLogger</class>
  <method>endKeyword</method>
  <thread>1</thread>
  <message>End action : expMonth = data.getValue(\&amp;quot;ExpMonth\&amp;quot;, index)</message>
  <nestedLevel>2</nestedLevel>
</record>
<record>
  <date>2020-02-04T14:59:31</date>
  <millis>1580808571710</millis>
  <sequence>514</sequence>
  <level>START</level>
  <class>com.kms.katalon.core.logging.XmlKeywordLogger</class>
  <method>startKeyword</method>
  <thread>1</thread>
  <message>Start action : expYear = data.getValue(\&amp;quot;ExpYear\&amp;quot;, index)</message>
  <nestedLevel>2</nestedLevel>
  <property name="startLine">33</property>
  <property name="stepIndex">6</property>
</record>
<record>
  <date>2020-02-04T14:59:31</date>
  <millis>1580808571711</millis>
  <sequence>515</sequence>
  <level>END</level>
  <class>com.kms.katalon.core.logging.XmlKeywordLogger</class>
  <method>endKeyword</method>
  <thread>1</thread>
  <message>End action : expYear = data.getValue(\&amp;quot;ExpYear\&amp;quot;, index)</message>
  <nestedLevel>2</nestedLevel>
</record>
<record>
  <date>2020-02-04T14:59:31</date>
  <millis>1580808571712</millis>
  <sequence>516</sequence>
  <level>START</level>
  <class>com.kms.katalon.core.logging.XmlKeywordLogger</class>
  <method>startKeyword</method>
  <thread>1</thread>
  <message>Start action : securityCode = data.getValue(\&amp;quot;SecurityCode\&amp;quot;, index)</message>
  <nestedLevel>2</nestedLevel>
  <property name="startLine">35</property>
  <property name="stepIndex">7</property>
</record>
<record>
  <date>2020-02-04T14:59:31</date>
  <millis>1580808571713</millis>
  <sequence>517</sequence>
  <level>END</level>
  <class>com.kms.katalon.core.logging.XmlKeywordLogger</class>
  <method>endKeyword</method>
  <thread>1</thread>
  <message>End action : securityCode = data.getValue(\&amp;quot;SecurityCode\&amp;quot;, index)</message>
  <nestedLevel>2</nestedLevel>
</record>
<record>
  <date>2020-02-04T14:59:31</date>
  <millis>1580808571713</millis>
  <sequence>518</sequence>
  <level>START</level>
  <class>com.kms.katalon.core.logging.XmlKeywordLogger</class>
  <method>startKeyword</method>
  <thread>1</thread>
  <message>Start action : cardType = data.getValue(\&amp;quot;CardType\&amp;quot;, index)</message>
  <nestedLevel>2</nestedLevel>
  <property name="startLine">37</property>
  <property name="stepIndex">8</property>
</record>
<record>
  <date>2020-02-04T14:59:31</date>
  <millis>1580808571714</millis>
  <sequence>519</sequence>
  <level>END</level>
  <class>com.kms.katalon.core.logging.XmlKeywordLogger</class>
  <method>endKeyword</method>
  <thread>1</thread>
  <message>End action : cardType = data.getValue(\&amp;quot;CardType\&amp;quot;, index)</message>
  <nestedLevel>2</nestedLevel>
</record>
<record>
  <date>2020-02-04T14:59:31</date>
  <millis>1580808571714</millis>
  <sequence>520</sequence>
  <level>START</level>
  <class>com.kms.katalon.core.logging.XmlKeywordLogger</class>
  <method>startKeyword</method>
  <thread>1</thread>
  <message>Start action : Comments = data.getValue(\&amp;quot;Comments\&amp;quot;, index)</message>
  <nestedLevel>2</nestedLevel>
  <property name="startLine">39</property>
  <property name="stepIndex">9</property>
</record>
<record>
  <date>2020-02-04T14:59:31</date>
  <millis>1580808571714</millis>
  <sequence>521</sequence>
  <level>END</level>
  <class>com.kms.katalon.core.logging.XmlKeywordLogger</class>
  <method>endKeyword</method>
  <thread>1</thread>
  <message>End action : Comments = data.getValue(\&amp;quot;Comments\&amp;quot;, index)</message>
  <nestedLevel>2</nestedLevel>
</record>
<record>
  <date>2020-02-04T14:59:31</date>
  <millis>1580808571715</millis>
  <sequence>522</sequence>
  <level>START</level>
  <class>com.kms.katalon.core.logging.XmlKeywordLogger</class>
  <method>startKeyword</method>
  <thread>1</thread>
  <message>Start action : Address = data.getValue(\&amp;quot;Address\&amp;quot;, index)</message>
  <nestedLevel>2</nestedLevel>
  <property name="startLine">41</property>
  <property name="stepIndex">10</property>
</record>
<record>
  <date>2020-02-04T14:59:31</date>
  <millis>1580808571715</millis>
  <sequence>523</sequence>
  <level>END</level>
  <class>com.kms.katalon.core.logging.XmlKeywordLogger</class>
  <method>endKeyword</method>
  <thread>1</thread>
  <message>End action : Address = data.getValue(\&amp;quot;Address\&amp;quot;, index)</message>
  <nestedLevel>2</nestedLevel>
</record>
<record>
  <date>2020-02-04T14:59:31</date>
  <millis>1580808571716</millis>
  <sequence>524</sequence>
  <level>START</level>
  <class>com.kms.katalon.core.logging.XmlKeywordLogger</class>
  <method>startKeyword</method>
  <thread>1</thread>
  <message>Start action : Telephone = data.getValue(\&amp;quot;Telephone\&amp;quot;, index)</message>
  <nestedLevel>2</nestedLevel>
  <property name="startLine">43</property>
  <property name="stepIndex">11</property>
</record>
<record>
  <date>2020-02-04T14:59:31</date>
  <millis>1580808571716</millis>
  <sequence>525</sequence>
  <level>END</level>
  <class>com.kms.katalon.core.logging.XmlKeywordLogger</class>
  <method>endKeyword</method>
  <thread>1</thread>
  <message>End action : Telephone = data.getValue(\&amp;quot;Telephone\&amp;quot;, index)</message>
  <nestedLevel>2</nestedLevel>
</record>
<record>
  <date>2020-02-04T14:59:31</date>
  <millis>1580808571717</millis>
  <sequence>526</sequence>
  <level>START</level>
  <class>com.kms.katalon.core.logging.XmlKeywordLogger</class>
  <method>startKeyword</method>
  <thread>1</thread>
  <message>Start action : Email = data.getValue(\&amp;quot;EmailAddress\&amp;quot;, index)</message>
  <nestedLevel>2</nestedLevel>
  <property name="startLine">45</property>
  <property name="stepIndex">12</property>
</record>
<record>
  <date>2020-02-04T14:59:31</date>
  <millis>1580808571717</millis>
  <sequence>527</sequence>
  <level>END</level>
  <class>com.kms.katalon.core.logging.XmlKeywordLogger</class>
  <method>endKeyword</method>
  <thread>1</thread>
  <message>End action : Email = data.getValue(\&amp;quot;EmailAddress\&amp;quot;, index)</message>
  <nestedLevel>2</nestedLevel>
</record>
<record>
  <date>2020-02-04T14:59:31</date>
  <millis>1580808571718</millis>
  <sequence>528</sequence>
  <level>START</level>
  <class>com.kms.katalon.core.logging.XmlKeywordLogger</class>
  <method>startKeyword</method>
  <thread>1</thread>
  <message>Start action : utilities.SafeActions.openBrowser(Genericsti_url, [pageLoadTime])</message>
  <nestedLevel>2</nestedLevel>
  <property name="startLine">48</property>
  <property name="stepIndex">13</property>
  <property name="description">Open Certpay Genericsti application</property>
</record>
<record>
  <date>2020-02-04T14:59:31</date>
  <millis>1580808571719</millis>
  <sequence>529</sequence>
  <level>INFO</level>
  <class>com.kms.katalon.core.logging.XmlKeywordLogger</class>
  <method>logMessage</method>
  <thread>1</thread>
  <message>Opening Browser</message>
  <nestedLevel>1</nestedLevel>
</record>
<record>
  <date>2020-02-04T14:59:31</date>
  <millis>1580808571728</millis>
  <sequence>531</sequence>
  <level>WARNING</level>
  <class>com.kms.katalon.core.logging.XmlKeywordLogger</class>
  <method>logMessage</method>
  <thread>1</thread>
  <message>A browser is already opened. Closing browser and opening a new one</message>
  <nestedLevel>1</nestedLevel>
</record>
<record>
  <date>2020-02-04T14:59:32</date>
  <millis>1580808572317</millis>
  <sequence>532</sequence>
  <level>INFO</level>
  <class>com.kms.katalon.core.logging.XmlKeywordLogger</class>
  <method>logMessage</method>
  <thread>1</thread>
  <message>Starting &amp;apos;Chrome&amp;apos; driver</message>
  <nestedLevel>1</nestedLevel>
</record>
</log>